Mplus VERSION 8.8
MUTHEN & MUTHEN
06/11/2025   9:56 AM

INPUT INSTRUCTIONS

  Title: H4L pubertal timing and internalising mediation analysis

  data: file= h4lmed.csv;

  variable: names are id sex trialgrp cluster t1_dob
  t1_phq8 t1_promisa t1_parmon t1_parcon
  t1_meqcr t1_meqes t1_sdqemo t1_pub_cat
  t1_selfcon t1_gse
  t2_meqcr t2_meqes t2_dob t3_phq8 t3_promisa t3_sdqemo t3_dob
  t1_seifa state_nswr state_qld state_wa male female notsay
  t1_pub_bin;

  SUBPOPULATION = female EQ 1;

  usevariables = t1_pub_bin t2_meqes t2_meqcr
  t3_phq8 t3_promisa t3_sdqemo
  t1_phq8 t1_promisa t1_sdqemo
  t1_dob
  t1_selfcon t1_gse
  t1_meqcr t1_meqes
  t1_seifa
  state_nswr state_qld state_wa;

  missing = .;

  cluster=cluster;

  DEFINE: CENTER t2_meqes t2_meqcr t1_dob t1_seifa
              t1_selfcon t1_gse t1_meqes
              t1_meqcr(GRANDMEAN);

  ANALYSIS: estimator=mlr; type=complex;


  model:
  f3 by t3_phq8 t3_promisa t3_sdqemo;
  f1 by t1_phq8 t1_promisa t1_sdqemo;


  t2_meqes on t1_pub_bin t1_meqes t1_selfcon t1_gse
      t1_dob t1_seifa state_nswr state_qld state_wa;
  t2_meqcr on t1_pub_bin t1_meqcr t1_selfcon t1_gse
      t1_dob t1_seifa state_nswr state_qld state_wa;

  f3 on t1_pub_bin t2_meqes t2_meqcr f1 t1_selfcon t1_gse
   t1_meqes t1_meqcr t1_dob t1_seifa
  state_nswr state_qld state_wa;

  model indirect:
  f3 ind t1_pub_bin;

  output: standardized; cinterval;



*** WARNING in VARIABLE command
  Note that only the first 8 characters of variable names are used in the output.
  Shorten variable names to avoid any confusion.
*** WARNING
  Data set contains cases with missing on x-variables.
  These cases were not included in the analysis.
  Number of cases with missing on x-variables:  2243
   2 WARNING(S) FOUND IN THE INPUT INSTRUCTIONS



H4L pubertal timing and internalising mediation analysis

SUMMARY OF ANALYSIS

Number of groups                                                 1
Number of observations                                        2183

Number of dependent variables                                    8
Number of independent variables                                 10
Number of continuous latent variables                            2

Observed dependent variables

  Continuous
   T2_MEQES    T2_MEQCR    T3_PHQ8     T3_PROMISA  T3_SDQEMO   T1_PHQ8
   T1_PROMISA  T1_SDQEMO

Observed independent variables
   T1_PUB_B    T1_DOB      T1_SELFC    T1_GSE      T1_MEQCR    T1_MEQES
   T1_SEIFA    STATE_NS    STATE_QL    STATE_WA

Continuous latent variables
   F3          F1

Variables with special functions

  Cluster variable      CLUSTER

  Centering (GRANDMEAN)
   T2_MEQES    T2_MEQCR    T1_DOB      T1_SEIFA    T1_SELFC    T1_GSE
   T1_MEQES    T1_MEQCR


Estimator                                                      MLR
Information matrix                                        OBSERVED
Maximum number of iterations                                  1000
Convergence criterion                                    0.500D-04
Maximum number of steepest descent iterations                   20
Maximum number of iterations for H1                           2000
Convergence criterion for H1                             0.100D-03

Input data file(s)
  h4lmed.csv

Input data format  FREE


SUMMARY OF DATA

     Number of missing data patterns            20
     Number of clusters                         64




UNIVARIATE SAMPLE STATISTICS


     UNIVARIATE HIGHER-ORDER MOMENT DESCRIPTIVE STATISTICS

         Variable/         Mean/     Skewness/   Minimum/ % with                Percentiles
        Sample Size      Variance    Kurtosis    Maximum  Min/Max      20%/60%    40%/80%    Median

     T2_MEQES              0.000       0.239      -6.903    3.72%      -2.903     -0.903      0.097
            1880.000      12.518      -0.212       9.097    1.65%       1.097      3.097
     T2_MEQCR              0.000      -0.309     -14.007    2.18%      -4.007     -1.007     -0.007
            1878.000      26.504       0.221       9.993    4.79%       0.993      3.993
     T3_PHQ8               6.981       1.004       0.000   11.94%       1.000      4.000      5.000
            1809.000      39.714       0.203      24.000    2.32%       7.000     12.000
     T3_PROMISA           27.016       0.954      13.000    9.58%      15.000     20.000     24.000
            1805.000     159.620       0.239      65.000    1.22%      28.000     38.000
     T3_SDQEMO             3.825       0.414       0.000   11.43%       1.000      3.000      4.000
            1759.000       7.435      -0.739      10.000    2.67%       4.000      6.000
     T1_PHQ8               5.616       1.140       0.000   14.21%       1.000      3.000      4.000
            2175.000      26.572       0.909      24.000    0.46%       6.000     10.000
     T1_PROMISA           25.346       1.033      13.000    9.59%      15.000     19.000     22.000
            2179.000     125.766       0.533      65.000    0.32%      26.000     35.000
     T1_SDQEMO             3.560       0.460       0.000   11.36%       1.000      3.000      3.000
            2174.000       6.397      -0.601      10.000    1.06%       4.000      6.000
     T1_PUB_BIN            0.497       0.012       0.000   50.30%       0.000      0.000      0.000
            2183.000       0.250      -2.000       1.000   49.70%       1.000      1.000
     T1_DOB                0.000      -0.315      -1.620    0.14%      -0.620      0.380      0.380
            2183.000       0.257      -1.293       1.380    0.92%       0.380      0.380
     T1_SELFCON            0.000      -0.255     -25.737    0.09%      -6.737     -1.737      0.263
            2183.000      64.803      -0.036      19.263    0.23%       2.263      7.263
     T1_GSE                0.000      -0.448     -19.372    0.64%      -3.372     -1.372     -0.372
            2183.000      26.965       0.945      10.628    1.79%       0.628      4.628
     T1_MEQCR              0.000      -0.272     -14.272    1.01%      -3.272     -1.272     -0.272
            2183.000      22.111       0.341       9.728    3.44%       0.728      3.728
     T1_MEQES              0.000       0.153      -7.103    2.15%      -3.103     -1.103     -0.103
            2183.000      10.927      -0.184       8.897    0.87%       0.897      2.897
     T1_SEIFA              0.000      -0.555      -1.432    6.05%      -0.432     -0.432     -0.432
            2183.000       0.366      -0.608       0.568   49.20%       0.568      0.568
     STATE_NSWR            0.173       1.732       0.000   82.73%       0.000      0.000      0.000
            2183.000       0.143       0.999       1.000   17.27%       0.000      0.000
     STATE_QLD             0.309       0.826       0.000   69.08%       0.000      0.000      0.000
            2183.000       0.214      -1.318       1.000   30.92%       0.000      1.000
     STATE_WA              0.164       1.819       0.000   83.65%       0.000      0.000      0.000
            2183.000       0.137       1.310       1.000   16.35%       0.000      0.000


THE MODEL ESTIMATION TERMINATED NORMALLY



MODEL FIT INFORMATION

Number of Free Parameters                       53

Loglikelihood

          H0 Value                      -43987.096
          H0 Scaling Correction Factor      1.3688
            for MLR
          H1 Value                      -43144.650
          H1 Scaling Correction Factor      1.2287
            for MLR

Information Criteria

          Akaike (AIC)                   88080.193
          Bayesian (BIC)                 88381.681
          Sample-Size Adjusted BIC       88213.292
            (n* = (n + 2) / 24)

Chi-Square Test of Model Fit

          Value                           1498.798*
          Degrees of Freedom                    71
          P-Value                           0.0000
          Scaling Correction Factor         1.1242
            for MLR

*   The chi-square value for MLM, MLMV, MLR, ULSMV, WLSM and WLSMV cannot be used
    for chi-square difference testing in the regular way.  MLM, MLR and WLSM
    chi-square difference testing is described on the Mplus website.  MLMV, WLSMV,
    and ULSMV difference testing is done using the DIFFTEST option.

RMSEA (Root Mean Square Error Of Approximation)

          Estimate                           0.096
          90 Percent C.I.                    0.092  0.100
          Probability RMSEA <= .05           0.000

CFI/TLI

          CFI                                0.834
          TLI                                0.748

Chi-Square Test of Model Fit for the Baseline Model

          Value                           8724.200
          Degrees of Freedom                   108
          P-Value                           0.0000

SRMR (Standardized Root Mean Square Residual)

          Value                              0.144



MODEL RESULTS

                                                    Two-Tailed
                    Estimate       S.E.  Est./S.E.    P-Value

 F3       BY
    T3_PHQ8            1.000      0.000    999.000    999.000
    T3_PROMISA         2.166      0.051     42.200      0.000
    T3_SDQEMO          0.449      0.012     37.531      0.000

 F1       BY
    T1_PHQ8            1.000      0.000    999.000    999.000
    T1_PROMISA         2.425      0.062     39.278      0.000
    T1_SDQEMO          0.519      0.019     27.113      0.000

 F3       ON
    F1                 0.817      0.038     21.408      0.000

 F3       ON
    T1_PUB_BIN         0.296      0.196      1.507      0.132
    T2_MEQES           0.233      0.042      5.601      0.000
    T2_MEQCR          -0.108      0.026     -4.105      0.000
    T1_SELFCON        -0.043      0.015     -2.896      0.004
    T1_GSE            -0.006      0.020     -0.282      0.778
    T1_MEQES          -0.126      0.053     -2.356      0.018
    T1_MEQCR           0.047      0.027      1.774      0.076
    T1_DOB            -0.063      0.213     -0.295      0.768
    T1_SEIFA           0.127      0.257      0.497      0.619
    STATE_NSWR         1.125      0.399      2.820      0.005
    STATE_QLD          0.042      0.300      0.138      0.890
    STATE_WA           0.880      0.357      2.466      0.014

 T2_MEQES ON
    T1_PUB_BIN         0.680      0.126      5.385      0.000
    T1_MEQES           0.618      0.022     28.060      0.000
    T1_SELFCON        -0.020      0.009     -2.320      0.020
    T1_GSE             0.040      0.017      2.370      0.018
    T1_DOB            -0.114      0.143     -0.797      0.425
    T1_SEIFA           0.123      0.113      1.089      0.276
    STATE_NSWR         0.350      0.239      1.465      0.143
    STATE_QLD          0.006      0.150      0.041      0.968
    STATE_WA          -0.005      0.187     -0.026      0.979

 T2_MEQCR ON
    T1_PUB_BIN        -0.495      0.228     -2.170      0.030
    T1_MEQCR           0.454      0.034     13.505      0.000
    T1_SELFCON         0.052      0.015      3.503      0.000
    T1_GSE             0.160      0.030      5.387      0.000
    T1_DOB            -0.128      0.213     -0.601      0.548
    T1_SEIFA           0.475      0.244      1.945      0.052
    STATE_NSWR         0.138      0.342      0.404      0.686
    STATE_QLD          0.250      0.301      0.830      0.406
    STATE_WA           0.094      0.343      0.275      0.783

 Intercepts
    T2_MEQES          -0.393      0.140     -2.804      0.005
    T2_MEQCR           0.078      0.259      0.301      0.763
    T3_PHQ8            6.649      0.295     22.515      0.000
    T3_PROMISA        26.328      0.606     43.463      0.000
    T3_SDQEMO          3.689      0.127     29.040      0.000
    T1_PHQ8            5.614      0.185     30.305      0.000
    T1_PROMISA        25.354      0.345     73.553      0.000
    T1_SDQEMO          3.560      0.084     42.207      0.000

 Variances
    F1                15.956      0.948     16.836      0.000

 Residual Variances
    T2_MEQES           8.041      0.427     18.843      0.000
    T2_MEQCR          19.240      1.036     18.571      0.000
    T3_PHQ8           13.010      0.939     13.851      0.000
    T3_PROMISA        34.823      2.615     13.316      0.000
    T3_SDQEMO          2.064      0.121     17.054      0.000
    T1_PHQ8           10.608      0.673     15.771      0.000
    T1_PROMISA        31.845      2.152     14.799      0.000
    T1_SDQEMO          2.096      0.134     15.611      0.000
    F3                12.977      1.052     12.336      0.000


QUALITY OF NUMERICAL RESULTS

     Condition Number for the Information Matrix              0.220E-03
       (ratio of smallest to largest eigenvalue)


STANDARDIZED MODEL RESULTS


STDYX Standardization

                                                    Two-Tailed
                    Estimate       S.E.  Est./S.E.    P-Value

 F3       BY
    T3_PHQ8            0.810      0.013     63.734      0.000
    T3_PROMISA         0.878      0.010     90.209      0.000
    T3_SDQEMO          0.841      0.011     78.445      0.000

 F1       BY
    T1_PHQ8            0.775      0.014     56.252      0.000
    T1_PROMISA         0.864      0.010     87.896      0.000
    T1_SDQEMO          0.820      0.013     63.411      0.000

 F3       ON
    F1                 0.654      0.025     26.168      0.000

 F3       ON
    T1_PUB_BIN         0.030      0.020      1.509      0.131
    T2_MEQES           0.166      0.031      5.448      0.000
    T2_MEQCR          -0.112      0.028     -4.060      0.000
    T1_SELFCON        -0.070      0.024     -2.888      0.004
    T1_GSE            -0.006      0.021     -0.282      0.778
    T1_MEQES          -0.083      0.035     -2.366      0.018
    T1_MEQCR           0.045      0.025      1.791      0.073
    T1_DOB            -0.006      0.022     -0.295      0.768
    T1_SEIFA           0.015      0.031      0.495      0.620
    STATE_NSWR         0.085      0.032      2.657      0.008
    STATE_QLD          0.004      0.028      0.139      0.890
    STATE_WA           0.065      0.028      2.356      0.018

 T2_MEQES ON
    T1_PUB_BIN         0.096      0.018      5.460      0.000
    T1_MEQES           0.575      0.021     27.045      0.000
    T1_SELFCON        -0.046      0.020     -2.319      0.020
    T1_GSE             0.059      0.025      2.397      0.017
    T1_DOB            -0.016      0.020     -0.800      0.424
    T1_SEIFA           0.021      0.019      1.085      0.278
    STATE_NSWR         0.037      0.026      1.441      0.150
    STATE_QLD          0.001      0.020      0.041      0.968
    STATE_WA          -0.001      0.019     -0.026      0.979

 T2_MEQCR ON
    T1_PUB_BIN        -0.048      0.022     -2.154      0.031
    T1_MEQCR           0.412      0.032     12.927      0.000
    T1_SELFCON         0.080      0.023      3.479      0.001
    T1_GSE             0.160      0.029      5.458      0.000
    T1_DOB            -0.013      0.021     -0.602      0.547
    T1_SEIFA           0.056      0.029      1.917      0.055
    STATE_NSWR         0.010      0.025      0.404      0.686
    STATE_QLD          0.022      0.027      0.831      0.406
    STATE_WA           0.007      0.025      0.275      0.783

 Intercepts
    T2_MEQES          -0.110      0.039     -2.801      0.005
    T2_MEQCR           0.015      0.050      0.300      0.764
    T3_PHQ8            1.080      0.043     24.998      0.000
    T3_PROMISA         2.139      0.047     45.976      0.000
    T3_SDQEMO          1.387      0.045     31.156      0.000
    T1_PHQ8            1.089      0.024     45.232      0.000
    T1_PROMISA         2.261      0.027     84.408      0.000
    T1_SDQEMO          1.407      0.032     44.184      0.000

 Variances
    F1                 1.000      0.000    999.000    999.000

 Residual Variances
    T2_MEQES           0.636      0.025     25.954      0.000
    T2_MEQCR           0.717      0.028     26.033      0.000
    T3_PHQ8            0.343      0.021     16.668      0.000
    T3_PROMISA         0.230      0.017     13.458      0.000
    T3_SDQEMO          0.292      0.018     16.169      0.000
    T1_PHQ8            0.399      0.021     18.699      0.000
    T1_PROMISA         0.253      0.017     14.911      0.000
    T1_SDQEMO          0.328      0.021     15.446      0.000
    F3                 0.522      0.027     19.203      0.000


STDY Standardization

                                                    Two-Tailed
                    Estimate       S.E.  Est./S.E.    P-Value

 F3       BY
    T3_PHQ8            0.810      0.013     63.734      0.000
    T3_PROMISA         0.878      0.010     90.209      0.000
    T3_SDQEMO          0.841      0.011     78.445      0.000

 F1       BY
    T1_PHQ8            0.775      0.014     56.252      0.000
    T1_PROMISA         0.864      0.010     87.896      0.000
    T1_SDQEMO          0.820      0.013     63.411      0.000

 F3       ON
    F1                 0.654      0.025     26.168      0.000

 F3       ON
    T1_PUB_BIN         0.059      0.039      1.509      0.131
    T2_MEQES           0.166      0.031      5.448      0.000
    T2_MEQCR          -0.112      0.028     -4.060      0.000
    T1_SELFCON        -0.009      0.003     -2.891      0.004
    T1_GSE            -0.001      0.004     -0.282      0.778
    T1_MEQES          -0.025      0.011     -2.367      0.018
    T1_MEQCR           0.009      0.005      1.792      0.073
    T1_DOB            -0.013      0.043     -0.295      0.768
    T1_SEIFA           0.026      0.052      0.496      0.620
    STATE_NSWR         0.226      0.080      2.820      0.005
    STATE_QLD          0.008      0.060      0.139      0.890
    STATE_WA           0.176      0.072      2.444      0.015

 T2_MEQES ON
    T1_PUB_BIN         0.191      0.035      5.460      0.000
    T1_MEQES           0.174      0.006     27.583      0.000
    T1_SELFCON        -0.006      0.002     -2.321      0.020
    T1_GSE             0.011      0.005      2.399      0.016
    T1_DOB            -0.032      0.040     -0.800      0.424
    T1_SEIFA           0.035      0.032      1.089      0.276
    STATE_NSWR         0.098      0.067      1.466      0.143
    STATE_QLD          0.002      0.042      0.041      0.968
    STATE_WA          -0.001      0.053     -0.026      0.979

 T2_MEQCR ON
    T1_PUB_BIN        -0.096      0.044     -2.154      0.031
    T1_MEQCR           0.088      0.007     13.137      0.000
    T1_SELFCON         0.010      0.003      3.484      0.000
    T1_GSE             0.031      0.006      5.476      0.000
    T1_DOB            -0.025      0.041     -0.602      0.547
    T1_SEIFA           0.092      0.047      1.940      0.052
    STATE_NSWR         0.027      0.066      0.404      0.686
    STATE_QLD          0.048      0.058      0.832      0.405
    STATE_WA           0.018      0.066      0.275      0.783

 Intercepts
    T2_MEQES          -0.110      0.039     -2.801      0.005
    T2_MEQCR           0.015      0.050      0.300      0.764
    T3_PHQ8            1.080      0.043     24.998      0.000
    T3_PROMISA         2.139      0.047     45.976      0.000
    T3_SDQEMO          1.387      0.045     31.156      0.000
    T1_PHQ8            1.089      0.024     45.232      0.000
    T1_PROMISA         2.261      0.027     84.408      0.000
    T1_SDQEMO          1.407      0.032     44.184      0.000

 Variances
    F1                 1.000      0.000    999.000    999.000

 Residual Variances
    T2_MEQES           0.636      0.025     25.954      0.000
    T2_MEQCR           0.717      0.028     26.033      0.000
    T3_PHQ8            0.343      0.021     16.668      0.000
    T3_PROMISA         0.230      0.017     13.458      0.000
    T3_SDQEMO          0.292      0.018     16.169      0.000
    T1_PHQ8            0.399      0.021     18.699      0.000
    T1_PROMISA         0.253      0.017     14.911      0.000
    T1_SDQEMO          0.328      0.021     15.446      0.000
    F3                 0.522      0.027     19.203      0.000


STD Standardization

                                                    Two-Tailed
                    Estimate       S.E.  Est./S.E.    P-Value

 F3       BY
    T3_PHQ8            4.987      0.140     35.565      0.000
    T3_PROMISA        10.803      0.311     34.749      0.000
    T3_SDQEMO          2.238      0.050     45.154      0.000

 F1       BY
    T1_PHQ8            3.994      0.119     33.671      0.000
    T1_PROMISA         9.688      0.196     49.523      0.000
    T1_SDQEMO          2.074      0.042     49.473      0.000

 F3       ON
    F1                 0.654      0.025     26.168      0.000

 F3       ON
    T1_PUB_BIN         0.059      0.039      1.509      0.131
    T2_MEQES           0.047      0.008      5.559      0.000
    T2_MEQCR          -0.022      0.005     -4.161      0.000
    T1_SELFCON        -0.009      0.003     -2.891      0.004
    T1_GSE            -0.001      0.004     -0.282      0.778
    T1_MEQES          -0.025      0.011     -2.367      0.018
    T1_MEQCR           0.009      0.005      1.792      0.073
    T1_DOB            -0.013      0.043     -0.295      0.768
    T1_SEIFA           0.026      0.052      0.496      0.620
    STATE_NSWR         0.226      0.080      2.820      0.005
    STATE_QLD          0.008      0.060      0.139      0.890
    STATE_WA           0.176      0.072      2.444      0.015

 T2_MEQES ON
    T1_PUB_BIN         0.680      0.126      5.385      0.000
    T1_MEQES           0.618      0.022     28.060      0.000
    T1_SELFCON        -0.020      0.009     -2.320      0.020
    T1_GSE             0.040      0.017      2.370      0.018
    T1_DOB            -0.114      0.143     -0.797      0.425
    T1_SEIFA           0.123      0.113      1.089      0.276
    STATE_NSWR         0.350      0.239      1.465      0.143
    STATE_QLD          0.006      0.150      0.041      0.968
    STATE_WA          -0.005      0.187     -0.026      0.979

 T2_MEQCR ON
    T1_PUB_BIN        -0.495      0.228     -2.170      0.030
    T1_MEQCR           0.454      0.034     13.505      0.000
    T1_SELFCON         0.052      0.015      3.503      0.000
    T1_GSE             0.160      0.030      5.387      0.000
    T1_DOB            -0.128      0.213     -0.601      0.548
    T1_SEIFA           0.475      0.244      1.945      0.052
    STATE_NSWR         0.138      0.342      0.404      0.686
    STATE_QLD          0.250      0.301      0.830      0.406
    STATE_WA           0.094      0.343      0.275      0.783

 Intercepts
    T2_MEQES          -0.393      0.140     -2.804      0.005
    T2_MEQCR           0.078      0.259      0.301      0.763
    T3_PHQ8            6.649      0.295     22.515      0.000
    T3_PROMISA        26.328      0.606     43.463      0.000
    T3_SDQEMO          3.689      0.127     29.040      0.000
    T1_PHQ8            5.614      0.185     30.305      0.000
    T1_PROMISA        25.354      0.345     73.553      0.000
    T1_SDQEMO          3.560      0.084     42.207      0.000

 Variances
    F1                 1.000      0.000    999.000    999.000

 Residual Variances
    T2_MEQES           8.041      0.427     18.843      0.000
    T2_MEQCR          19.240      1.036     18.571      0.000
    T3_PHQ8           13.010      0.939     13.851      0.000
    T3_PROMISA        34.823      2.615     13.316      0.000
    T3_SDQEMO          2.064      0.121     17.054      0.000
    T1_PHQ8           10.608      0.673     15.771      0.000
    T1_PROMISA        31.845      2.152     14.799      0.000
    T1_SDQEMO          2.096      0.134     15.611      0.000
    F3                 0.522      0.027     19.203      0.000


R-SQUARE

    Observed                                        Two-Tailed
    Variable        Estimate       S.E.  Est./S.E.    P-Value

    T2_MEQES           0.364      0.025     14.824      0.000
    T2_MEQCR           0.283      0.028     10.251      0.000
    T3_PHQ8            0.657      0.021     31.867      0.000
    T3_PROMI           0.770      0.017     45.105      0.000
    T3_SDQEM           0.708      0.018     39.223      0.000
    T1_PHQ8            0.601      0.021     28.126      0.000
    T1_PROMI           0.747      0.017     43.948      0.000
    T1_SDQEM           0.672      0.021     31.706      0.000

     Latent                                         Two-Tailed
    Variable        Estimate       S.E.  Est./S.E.    P-Value

    F3                 0.478      0.027     17.603      0.000


TOTAL, TOTAL INDIRECT, SPECIFIC INDIRECT, AND DIRECT EFFECTS


                                                    Two-Tailed
                    Estimate       S.E.  Est./S.E.    P-Value

Effects from T1_PUB_B to F3

  Total                0.508      0.207      2.454      0.014
  Total indirect       0.212      0.048      4.424      0.000

  Specific indirect 1
    F3
    T2_MEQES
    T1_PUB_B           0.159      0.041      3.908      0.000

  Specific indirect 2
    F3
    T2_MEQCR
    T1_PUB_B           0.053      0.028      1.878      0.060

  Direct
    F3
    T1_PUB_B           0.296      0.196      1.507      0.132



STANDARDIZED TOTAL, TOTAL INDIRECT, SPECIFIC INDIRECT, AND DIRECT EFFECTS


STDYX Standardization

                                                    Two-Tailed
                    Estimate       S.E.  Est./S.E.    P-Value

Effects from T1_PUB_B to F3

  Total                0.051      0.021      2.455      0.014
  Total indirect       0.021      0.005      4.399      0.000

  Specific indirect 1
    F3
    T2_MEQES
    T1_PUB_B           0.016      0.004      3.873      0.000

  Specific indirect 2
    F3
    T2_MEQCR
    T1_PUB_B           0.005      0.003      1.882      0.060

  Direct
    F3
    T1_PUB_B           0.030      0.020      1.509      0.131



STDY Standardization

                                                    Two-Tailed
                    Estimate       S.E.  Est./S.E.    P-Value

Effects from T1_PUB_B to F3

  Total                0.102      0.041      2.455      0.014
  Total indirect       0.043      0.010      4.399      0.000

  Specific indirect 1
    F3
    T2_MEQES
    T1_PUB_B           0.032      0.008      3.873      0.000

  Specific indirect 2
    F3
    T2_MEQCR
    T1_PUB_B           0.011      0.006      1.882      0.060

  Direct
    F3
    T1_PUB_B           0.059      0.039      1.509      0.131



STD Standardization

                                                    Two-Tailed
                    Estimate       S.E.  Est./S.E.    P-Value

Effects from T1_PUB_B to F3

  Total                0.102      0.041      2.455      0.014
  Total indirect       0.043      0.010      4.399      0.000

  Specific indirect 1
    F3
    T2_MEQES
    T1_PUB_B           0.032      0.008      3.873      0.000

  Specific indirect 2
    F3
    T2_MEQCR
    T1_PUB_B           0.011      0.006      1.882      0.060

  Direct
    F3
    T1_PUB_B           0.059      0.039      1.509      0.131




CONFIDENCE INTERVALS OF MODEL RESULTS

                  Lower .5%  Lower 2.5%    Lower 5%    Estimate    Upper 5%  Upper 2.5%   Upper .5%

 F3       BY
    T3_PHQ8          1.000       1.000       1.000       1.000       1.000       1.000       1.000
    T3_PROMISA       2.034       2.066       2.082       2.166       2.251       2.267       2.298
    T3_SDQEMO        0.418       0.425       0.429       0.449       0.468       0.472       0.479

 F1       BY
    T1_PHQ8          1.000       1.000       1.000       1.000       1.000       1.000       1.000
    T1_PROMISA       2.266       2.304       2.324       2.425       2.527       2.546       2.584
    T1_SDQEMO        0.470       0.482       0.488       0.519       0.551       0.557       0.569

 F3       ON
    F1               0.718       0.742       0.754       0.817       0.879       0.891       0.915

 F3       ON
    T1_PUB_BIN      -0.210      -0.089      -0.027       0.296       0.619       0.680       0.801
    T2_MEQES         0.126       0.152       0.165       0.233       0.302       0.315       0.341
    T2_MEQCR        -0.176      -0.160      -0.151      -0.108      -0.065      -0.056      -0.040
    T1_SELFCON      -0.082      -0.073      -0.068      -0.043      -0.019      -0.014      -0.005
    T1_GSE          -0.057      -0.045      -0.039      -0.006       0.027       0.034       0.046
    T1_MEQES        -0.264      -0.231      -0.214      -0.126      -0.038      -0.021       0.012
    T1_MEQCR        -0.021      -0.005       0.003       0.047       0.091       0.099       0.116
    T1_DOB          -0.612      -0.480      -0.413      -0.063       0.288       0.355       0.486
    T1_SEIFA        -0.533      -0.375      -0.295       0.127       0.550       0.630       0.788
    STATE_NSWR       0.098       0.343       0.469       1.125       1.781       1.907       2.153
    STATE_QLD       -0.731      -0.546      -0.452       0.042       0.535       0.630       0.814
    STATE_WA        -0.039       0.180       0.293       0.880       1.467       1.579       1.799

 T2_MEQES ON
    T1_PUB_BIN       0.354       0.432       0.472       0.680       0.887       0.927       1.005
    T1_MEQES         0.562       0.575       0.582       0.618       0.655       0.661       0.675
    T1_SELFCON      -0.043      -0.037      -0.035      -0.020      -0.006      -0.003       0.002
    T1_GSE          -0.004       0.007       0.012       0.040       0.068       0.074       0.084
    T1_DOB          -0.482      -0.394      -0.349      -0.114       0.121       0.166       0.254
    T1_SEIFA        -0.168      -0.099      -0.063       0.123       0.310       0.345       0.415
    STATE_NSWR      -0.265      -0.118      -0.043       0.350       0.742       0.817       0.964
    STATE_QLD       -0.381      -0.289      -0.241       0.006       0.254       0.301       0.394
    STATE_WA        -0.486      -0.371      -0.312      -0.005       0.302       0.361       0.476

 T2_MEQCR ON
    T1_PUB_BIN      -1.082      -0.942      -0.870      -0.495      -0.120      -0.048       0.092
    T1_MEQCR         0.367       0.388       0.399       0.454       0.509       0.520       0.541
    T1_SELFCON       0.014       0.023       0.027       0.052       0.076       0.080       0.089
    T1_GSE           0.084       0.102       0.111       0.160       0.209       0.218       0.237
    T1_DOB          -0.677      -0.545      -0.478      -0.128       0.222       0.289       0.421
    T1_SEIFA        -0.154      -0.004       0.073       0.475       0.877       0.954       1.105
    STATE_NSWR      -0.743      -0.533      -0.425       0.138       0.701       0.809       1.020
    STATE_QLD       -0.525      -0.340      -0.245       0.250       0.745       0.840       1.025
    STATE_WA        -0.790      -0.578      -0.470       0.094       0.659       0.767       0.979

 Intercepts
    T2_MEQES        -0.753      -0.667      -0.623      -0.393      -0.162      -0.118      -0.032
    T2_MEQCR        -0.590      -0.430      -0.349       0.078       0.505       0.587       0.746
    T3_PHQ8          5.888       6.070       6.163       6.649       7.134       7.227       7.409
    T3_PROMI        24.767      25.140      25.331      26.328      27.324      27.515      27.888
    T3_SDQEM         3.362       3.440       3.480       3.689       3.898       3.938       4.016
    T1_PHQ8          5.137       5.251       5.309       5.614       5.919       5.977       6.091
    T1_PROMI        24.466      24.678      24.787      25.354      25.921      26.030      26.242
    T1_SDQEM         3.342       3.394       3.421       3.560       3.698       3.725       3.777

 Variances
    F1              13.515      14.098      14.397      15.956      17.515      17.814      18.397

 Residual Variances
    T2_MEQES         6.942       7.205       7.339       8.041       8.744       8.878       9.141
    T2_MEQCR        16.572      17.210      17.536      19.240      20.945      21.271      21.909
    T3_PHQ8         10.590      11.169      11.465      13.010      14.555      14.851      15.429
    T3_PROMI        28.087      29.698      30.522      34.823      39.125      39.949      41.559
    T3_SDQEM         1.752       1.827       1.865       2.064       2.263       2.301       2.376
    T1_PHQ8          8.876       9.290       9.502      10.608      11.715      11.927      12.341
    T1_PROMI        26.303      27.628      28.306      31.845      35.385      36.063      37.388
    T1_SDQEM         1.751       1.833       1.876       2.096       2.317       2.360       2.442
    F3              10.267      10.915      11.247      12.977      14.707      15.039      15.686


CONFIDENCE INTERVALS OF STANDARDIZED MODEL RESULTS


STDYX Standardization

                  Lower .5%  Lower 2.5%    Lower 5%    Estimate    Upper 5%  Upper 2.5%   Upper .5%

 F3       BY
    T3_PHQ8          0.778       0.785       0.789       0.810       0.831       0.835       0.843
    T3_PROMISA       0.853       0.859       0.862       0.878       0.894       0.897       0.903
    T3_SDQEMO        0.814       0.820       0.824       0.841       0.859       0.863       0.869

 F1       BY
    T1_PHQ8          0.740       0.748       0.752       0.775       0.798       0.802       0.811
    T1_PROMISA       0.839       0.845       0.848       0.864       0.880       0.883       0.889
    T1_SDQEMO        0.787       0.795       0.799       0.820       0.841       0.845       0.853

 F3       ON
    F1               0.590       0.605       0.613       0.654       0.695       0.703       0.718

 F3       ON
    T1_PUB_BIN      -0.021      -0.009      -0.003       0.030       0.062       0.068       0.080
    T2_MEQES         0.088       0.107       0.116       0.166       0.217       0.226       0.245
    T2_MEQCR        -0.183      -0.166      -0.158      -0.112      -0.067      -0.058      -0.041
    T1_SELFCON      -0.132      -0.117      -0.110      -0.070      -0.030      -0.022      -0.008
    T1_GSE          -0.060      -0.047      -0.040      -0.006       0.028       0.035       0.048
    T1_MEQES        -0.174      -0.153      -0.142      -0.083      -0.025      -0.014       0.007
    T1_MEQCR        -0.020      -0.004       0.004       0.045       0.085       0.093       0.109
    T1_DOB          -0.062      -0.049      -0.042      -0.006       0.029       0.036       0.049
    T1_SEIFA        -0.065      -0.046      -0.036       0.015       0.067       0.077       0.096
    STATE_NSWR       0.003       0.022       0.032       0.085       0.138       0.148       0.168
    STATE_QLD       -0.068      -0.051      -0.042       0.004       0.050       0.058       0.075
    STATE_WA        -0.006       0.011       0.020       0.065       0.111       0.120       0.137

 T2_MEQES ON
    T1_PUB_BIN       0.050       0.061       0.067       0.096       0.124       0.130       0.141
    T1_MEQES         0.520       0.533       0.540       0.575       0.610       0.617       0.630
    T1_SELFCON      -0.097      -0.085      -0.079      -0.046      -0.013      -0.007       0.005
    T1_GSE          -0.004       0.011       0.018       0.059       0.099       0.107       0.122
    T1_DOB          -0.069      -0.056      -0.050      -0.016       0.017       0.024       0.036
    T1_SEIFA        -0.029      -0.017      -0.011       0.021       0.053       0.059       0.071
    STATE_NSWR      -0.029      -0.013      -0.005       0.037       0.080       0.088       0.104
    STATE_QLD       -0.050      -0.038      -0.031       0.001       0.033       0.039       0.051
    STATE_WA        -0.051      -0.039      -0.032      -0.001       0.031       0.038       0.050

 T2_MEQCR ON
    T1_PUB_BIN      -0.105      -0.091      -0.084      -0.048      -0.011      -0.004       0.009
    T1_MEQCR         0.330       0.350       0.360       0.412       0.465       0.475       0.494
    T1_SELFCON       0.021       0.035       0.042       0.080       0.118       0.125       0.140
    T1_GSE           0.085       0.103       0.112       0.160       0.209       0.218       0.236
    T1_DOB          -0.066      -0.053      -0.047      -0.013       0.022       0.028       0.041
    T1_SEIFA        -0.019      -0.001       0.008       0.056       0.103       0.112       0.130
    STATE_NSWR      -0.054      -0.039      -0.031       0.010       0.051       0.059       0.074
    STATE_QLD       -0.047      -0.030      -0.022       0.022       0.066       0.075       0.091
    STATE_WA        -0.056      -0.041      -0.034       0.007       0.047       0.055       0.070

 Intercepts
    T2_MEQES        -0.212      -0.188      -0.175      -0.110      -0.046      -0.033      -0.009
    T2_MEQCR        -0.114      -0.083      -0.067       0.015       0.098       0.113       0.144
    T3_PHQ8          0.969       0.996       1.009       1.080       1.151       1.165       1.192
    T3_PROMI         2.019       2.048       2.062       2.139       2.215       2.230       2.259
    T3_SDQEM         1.273       1.300       1.314       1.387       1.461       1.475       1.502
    T1_PHQ8          1.027       1.042       1.050       1.089       1.129       1.136       1.151
    T1_PROMI         2.192       2.209       2.217       2.261       2.305       2.314       2.330
    T1_SDQEM         1.325       1.345       1.355       1.407       1.460       1.470       1.489

 Variances
    F1               1.000       1.000       1.000       1.000       1.000       1.000       1.000

 Residual Variances
    T2_MEQES         0.573       0.588       0.596       0.636       0.677       0.685       0.700
    T2_MEQCR         0.646       0.663       0.672       0.717       0.763       0.771       0.788
    T3_PHQ8          0.290       0.303       0.310       0.343       0.377       0.384       0.396
    T3_PROMI         0.186       0.196       0.202       0.230       0.258       0.263       0.274
    T3_SDQEM         0.245       0.257       0.262       0.292       0.322       0.327       0.338
    T1_PHQ8          0.344       0.357       0.364       0.399       0.434       0.441       0.454
    T1_PROMI         0.210       0.220       0.225       0.253       0.281       0.287       0.297
    T1_SDQEM         0.273       0.286       0.293       0.328       0.362       0.369       0.382
    F3               0.452       0.468       0.477       0.522       0.566       0.575       0.592


STDY Standardization

                  Lower .5%  Lower 2.5%    Lower 5%    Estimate    Upper 5%  Upper 2.5%   Upper .5%

 F3       BY
    T3_PHQ8          0.778       0.785       0.789       0.810       0.831       0.835       0.843
    T3_PROMISA       0.853       0.859       0.862       0.878       0.894       0.897       0.903
    T3_SDQEMO        0.814       0.820       0.824       0.841       0.859       0.863       0.869

 F1       BY
    T1_PHQ8          0.740       0.748       0.752       0.775       0.798       0.802       0.811
    T1_PROMISA       0.839       0.845       0.848       0.864       0.880       0.883       0.889
    T1_SDQEMO        0.787       0.795       0.799       0.820       0.841       0.845       0.853

 F3       ON
    F1               0.590       0.605       0.613       0.654       0.695       0.703       0.718

 F3       ON
    T1_PUB_BIN      -0.042      -0.018      -0.005       0.059       0.124       0.136       0.161
    T2_MEQES         0.088       0.107       0.116       0.166       0.217       0.226       0.245
    T2_MEQCR        -0.183      -0.166      -0.158      -0.112      -0.067      -0.058      -0.041
    T1_SELFCON      -0.016      -0.015      -0.014      -0.009      -0.004      -0.003      -0.001
    T1_GSE          -0.011      -0.009      -0.008      -0.001       0.005       0.007       0.009
    T1_MEQES        -0.053      -0.046      -0.043      -0.025      -0.008      -0.004       0.002
    T1_MEQCR        -0.004      -0.001       0.001       0.009       0.018       0.020       0.023
    T1_DOB          -0.123      -0.096      -0.083      -0.013       0.058       0.071       0.097
    T1_SEIFA        -0.107      -0.075      -0.059       0.026       0.110       0.127       0.158
    STATE_NSWR       0.020       0.069       0.094       0.226       0.357       0.382       0.432
    STATE_QLD       -0.146      -0.109      -0.091       0.008       0.107       0.126       0.163
    STATE_WA        -0.010       0.035       0.058       0.176       0.295       0.318       0.362

 T2_MEQES ON
    T1_PUB_BIN       0.101       0.123       0.134       0.191       0.249       0.260       0.281
    T1_MEQES         0.158       0.162       0.164       0.174       0.184       0.186       0.190
    T1_SELFCON      -0.012      -0.011      -0.010      -0.006      -0.002      -0.001       0.001
    T1_GSE          -0.001       0.002       0.004       0.011       0.019       0.021       0.024
    T1_DOB          -0.135      -0.111      -0.098      -0.032       0.034       0.047       0.071
    T1_SEIFA        -0.047      -0.028      -0.018       0.035       0.087       0.097       0.117
    STATE_NSWR      -0.074      -0.033      -0.012       0.098       0.209       0.230       0.271
    STATE_QLD       -0.107      -0.081      -0.068       0.002       0.071       0.085       0.111
    STATE_WA        -0.137      -0.104      -0.088      -0.001       0.085       0.102       0.134

 T2_MEQCR ON
    T1_PUB_BIN      -0.210      -0.183      -0.169      -0.096      -0.023      -0.009       0.019
    T1_MEQCR         0.070       0.075       0.077       0.088       0.099       0.101       0.105
    T1_SELFCON       0.003       0.004       0.005       0.010       0.015       0.016       0.017
    T1_GSE           0.016       0.020       0.022       0.031       0.040       0.042       0.045
    T1_DOB          -0.130      -0.105      -0.092      -0.025       0.043       0.056       0.081
    T1_SEIFA        -0.030      -0.001       0.014       0.092       0.170       0.184       0.214
    STATE_NSWR      -0.143      -0.103      -0.082       0.027       0.135       0.156       0.197
    STATE_QLD       -0.101      -0.065      -0.047       0.048       0.144       0.162       0.198
    STATE_WA        -0.152      -0.112      -0.091       0.018       0.127       0.148       0.189

 Intercepts
    T2_MEQES        -0.212      -0.188      -0.175      -0.110      -0.046      -0.033      -0.009
    T2_MEQCR        -0.114      -0.083      -0.067       0.015       0.098       0.113       0.144
    T3_PHQ8          0.969       0.996       1.009       1.080       1.151       1.165       1.192
    T3_PROMI         2.019       2.048       2.062       2.139       2.215       2.230       2.259
    T3_SDQEM         1.273       1.300       1.314       1.387       1.461       1.475       1.502
    T1_PHQ8          1.027       1.042       1.050       1.089       1.129       1.136       1.151
    T1_PROMI         2.192       2.209       2.217       2.261       2.305       2.314       2.330
    T1_SDQEM         1.325       1.345       1.355       1.407       1.460       1.470       1.489

 Variances
    F1               1.000       1.000       1.000       1.000       1.000       1.000       1.000

 Residual Variances
    T2_MEQES         0.573       0.588       0.596       0.636       0.677       0.685       0.700
    T2_MEQCR         0.646       0.663       0.672       0.717       0.763       0.771       0.788
    T3_PHQ8          0.290       0.303       0.310       0.343       0.377       0.384       0.396
    T3_PROMI         0.186       0.196       0.202       0.230       0.258       0.263       0.274
    T3_SDQEM         0.245       0.257       0.262       0.292       0.322       0.327       0.338
    T1_PHQ8          0.344       0.357       0.364       0.399       0.434       0.441       0.454
    T1_PROMI         0.210       0.220       0.225       0.253       0.281       0.287       0.297
    T1_SDQEM         0.273       0.286       0.293       0.328       0.362       0.369       0.382
    F3               0.452       0.468       0.477       0.522       0.566       0.575       0.592


STD Standardization

                  Lower .5%  Lower 2.5%    Lower 5%    Estimate    Upper 5%  Upper 2.5%   Upper .5%

 F3       BY
    T3_PHQ8          4.626       4.712       4.757       4.987       5.218       5.262       5.348
    T3_PROMISA      10.003      10.194      10.292      10.803      11.315      11.413      11.604
    T3_SDQEMO        2.110       2.141       2.156       2.238       2.319       2.335       2.365

 F1       BY
    T1_PHQ8          3.689       3.762       3.799       3.994       4.190       4.227       4.300
    T1_PROMISA       9.184       9.305       9.366       9.688      10.010      10.072      10.192
    T1_SDQEMO        1.966       1.992       2.005       2.074       2.143       2.157       2.182

 F3       ON
    F1               0.590       0.605       0.613       0.654       0.695       0.703       0.718

 F3       ON
    T1_PUB_BIN      -0.042      -0.018      -0.005       0.059       0.124       0.136       0.161
    T2_MEQES         0.025       0.030       0.033       0.047       0.061       0.063       0.068
    T2_MEQCR        -0.035      -0.032      -0.030      -0.022      -0.013      -0.011      -0.008
    T1_SELFCON      -0.016      -0.015      -0.014      -0.009      -0.004      -0.003      -0.001
    T1_GSE          -0.011      -0.009      -0.008      -0.001       0.005       0.007       0.009
    T1_MEQES        -0.053      -0.046      -0.043      -0.025      -0.008      -0.004       0.002
    T1_MEQCR        -0.004      -0.001       0.001       0.009       0.018       0.020       0.023
    T1_DOB          -0.123      -0.096      -0.083      -0.013       0.058       0.071       0.097
    T1_SEIFA        -0.107      -0.075      -0.059       0.026       0.110       0.127       0.158
    STATE_NSWR       0.020       0.069       0.094       0.226       0.357       0.382       0.432
    STATE_QLD       -0.146      -0.109      -0.091       0.008       0.107       0.126       0.163
    STATE_WA        -0.010       0.035       0.058       0.176       0.295       0.318       0.362

 T2_MEQES ON
    T1_PUB_BIN       0.354       0.432       0.472       0.680       0.887       0.927       1.005
    T1_MEQES         0.562       0.575       0.582       0.618       0.655       0.661       0.675
    T1_SELFCON      -0.043      -0.037      -0.035      -0.020      -0.006      -0.003       0.002
    T1_GSE          -0.004       0.007       0.012       0.040       0.068       0.074       0.084
    T1_DOB          -0.482      -0.394      -0.349      -0.114       0.121       0.166       0.254
    T1_SEIFA        -0.168      -0.099      -0.063       0.123       0.310       0.345       0.415
    STATE_NSWR      -0.265      -0.118      -0.043       0.350       0.742       0.817       0.964
    STATE_QLD       -0.381      -0.289      -0.241       0.006       0.254       0.301       0.394
    STATE_WA        -0.486      -0.371      -0.312      -0.005       0.302       0.361       0.476

 T2_MEQCR ON
    T1_PUB_BIN      -1.082      -0.942      -0.870      -0.495      -0.120      -0.048       0.092
    T1_MEQCR         0.367       0.388       0.399       0.454       0.509       0.520       0.541
    T1_SELFCON       0.014       0.023       0.027       0.052       0.076       0.080       0.089
    T1_GSE           0.084       0.102       0.111       0.160       0.209       0.218       0.237
    T1_DOB          -0.677      -0.545      -0.478      -0.128       0.222       0.289       0.421
    T1_SEIFA        -0.154      -0.004       0.073       0.475       0.877       0.954       1.105
    STATE_NSWR      -0.743      -0.533      -0.425       0.138       0.701       0.809       1.020
    STATE_QLD       -0.525      -0.340      -0.245       0.250       0.745       0.840       1.025
    STATE_WA        -0.790      -0.578      -0.470       0.094       0.659       0.767       0.979

 Intercepts
    T2_MEQES        -0.753      -0.667      -0.623      -0.393      -0.162      -0.118      -0.032
    T2_MEQCR        -0.590      -0.430      -0.349       0.078       0.505       0.587       0.746
    T3_PHQ8          5.888       6.070       6.163       6.649       7.134       7.227       7.409
    T3_PROMI        24.767      25.140      25.331      26.328      27.324      27.515      27.888
    T3_SDQEM         3.362       3.440       3.480       3.689       3.898       3.938       4.016
    T1_PHQ8          5.137       5.251       5.309       5.614       5.919       5.977       6.091
    T1_PROMI        24.466      24.678      24.787      25.354      25.921      26.030      26.242
    T1_SDQEM         3.342       3.394       3.421       3.560       3.698       3.725       3.777

 Variances
    F1               1.000       1.000       1.000       1.000       1.000       1.000       1.000

 Residual Variances
    T2_MEQES         6.942       7.205       7.339       8.041       8.744       8.878       9.141
    T2_MEQCR        16.572      17.210      17.536      19.240      20.945      21.271      21.909
    T3_PHQ8         10.590      11.169      11.465      13.010      14.555      14.851      15.429
    T3_PROMI        28.087      29.698      30.522      34.823      39.125      39.949      41.559
    T3_SDQEM         1.752       1.827       1.865       2.064       2.263       2.301       2.376
    T1_PHQ8          8.876       9.290       9.502      10.608      11.715      11.927      12.341
    T1_PROMI        26.303      27.628      28.306      31.845      35.385      36.063      37.388
    T1_SDQEM         1.751       1.833       1.876       2.096       2.317       2.360       2.442
    F3               0.452       0.468       0.477       0.522       0.566       0.575       0.592


CONFIDENCE INTERVALS OF TOTAL, TOTAL INDIRECT, SPECIFIC INDIRECT, AND DIRECT EFFECTS


                  Lower .5%  Lower 2.5%    Lower 5%    Estimate    Upper 5%  Upper 2.5%   Upper .5%

Effects from T1_PUB_B to F3

  Total             -0.025       0.102       0.167       0.508       0.848       0.914       1.041
  Total indirect     0.089       0.118       0.133       0.212       0.291       0.306       0.336

  Specific indirect 1
    F3
    T2_MEQES
    T1_PUB_B         0.054       0.079       0.092       0.159       0.225       0.238       0.263

  Specific indirect 2
    F3
    T2_MEQCR
    T1_PUB_B        -0.020      -0.002       0.007       0.053       0.100       0.109       0.127

  Direct
    F3
    T1_PUB_B        -0.210      -0.089      -0.027       0.296       0.619       0.680       0.801



CONFIDENCE INTERVALS OF STANDARDIZED TOTAL, TOTAL INDIRECT, SPECIFIC INDIRECT, AND DIRECT EFFECTS


STDYX Standardization

                  Lower .5%  Lower 2.5%    Lower 5%    Estimate    Upper 5%  Upper 2.5%   Upper .5%

Effects from T1_PUB_B to F3

  Total             -0.003       0.010       0.017       0.051       0.085       0.092       0.104
  Total indirect     0.009       0.012       0.013       0.021       0.029       0.031       0.034

  Specific indirect 1
    F3
    T2_MEQES
    T1_PUB_B         0.005       0.008       0.009       0.016       0.023       0.024       0.026

  Specific indirect 2
    F3
    T2_MEQCR
    T1_PUB_B        -0.002       0.000       0.001       0.005       0.010       0.011       0.013

  Direct
    F3
    T1_PUB_B        -0.021      -0.009      -0.003       0.030       0.062       0.068       0.080



STDY Standardization

                  Lower .5%  Lower 2.5%    Lower 5%    Estimate    Upper 5%  Upper 2.5%   Upper .5%

Effects from T1_PUB_B to F3

  Total             -0.005       0.021       0.034       0.102       0.170       0.183       0.209
  Total indirect     0.018       0.024       0.027       0.043       0.058       0.061       0.067

  Specific indirect 1
    F3
    T2_MEQES
    T1_PUB_B         0.011       0.016       0.018       0.032       0.045       0.048       0.053

  Specific indirect 2
    F3
    T2_MEQCR
    T1_PUB_B        -0.004       0.000       0.001       0.011       0.020       0.022       0.025

  Direct
    F3
    T1_PUB_B        -0.042      -0.018      -0.005       0.059       0.124       0.136       0.161



STD Standardization

                  Lower .5%  Lower 2.5%    Lower 5%    Estimate    Upper 5%  Upper 2.5%   Upper .5%

Effects from T1_PUB_B to F3

  Total             -0.005       0.021       0.034       0.102       0.170       0.183       0.209
  Total indirect     0.018       0.024       0.027       0.043       0.058       0.061       0.067

  Specific indirect 1
    F3
    T2_MEQES
    T1_PUB_B         0.011       0.016       0.018       0.032       0.045       0.048       0.053

  Specific indirect 2
    F3
    T2_MEQCR
    T1_PUB_B        -0.004       0.000       0.001       0.011       0.020       0.022       0.025

  Direct
    F3
    T1_PUB_B        -0.042      -0.018      -0.005       0.059       0.124       0.136       0.161




DIAGRAM INFORMATION

  Use View Diagram under the Diagram menu in the Mplus Editor to view the diagram.
  If running Mplus from the Mplus Diagrammer, the diagram opens automatically.

  Diagram output
    d:\onedrive - the university of sydney (staff)\cre\psychiatric epidemiology\papers\pubertal timing and int\model1-fe

     Beginning Time:  09:56:11
        Ending Time:  09:56:11
       Elapsed Time:  00:00:00



MUTHEN & MUTHEN
3463 Stoner Ave.
Los Angeles, CA  90066

Tel: (310) 391-9971
Fax: (310) 391-8971
Web: www.StatModel.com
Support: Support@StatModel.com

Copyright (c) 1998-2022 Muthen & Muthen
