Mplus VERSION 8.8
MUTHEN & MUTHEN
06/11/2025  12:00 PM

INPUT INSTRUCTIONS

  Title: H4L pubertal timing and internalising mediation analysis

  data: file= h4lmed.csv;

  variable: names are id sex trialgrp cluster t1_dob
  t1_phq8 t1_promisa t1_parmon t1_parcon
  t1_meqcr t1_meqes t1_sdqemo t1_pub_cat
  t1_selfcon t1_gse
  t2_meqcr t2_meqes t2_dob t3_phq8 t3_promisa t3_sdqemo t3_dob
  t1_seifa state_nswr state_qld state_wa male female notsay
  t1_pub_bin;

  USEOBSERVATIONS = male EQ 1;

  usevariables = t1_pub_bin t2_meqes t2_meqcr
  t3_phq8 t3_promisa t3_sdqemo
  t1_phq8 t1_promisa t1_sdqemo
  t1_dob
  t1_selfcon t1_gse
  t1_meqcr t1_meqes
  t1_seifa
  state_nswr state_qld state_wa;

  missing = .;

  DEFINE: CENTER t2_meqes t2_meqcr t1_dob t1_seifa
              t1_selfcon t1_gse t1_meqes
              t1_meqcr(GRANDMEAN);

  ANALYSIS: estimator=ml;
  bootstrap=10000;


  model:
  f3 by t3_phq8 t3_promisa t3_sdqemo;
  f1 by t1_phq8 t1_promisa t1_sdqemo;


  t2_meqes on t1_pub_bin t1_meqes t1_selfcon t1_gse
      t1_dob t1_seifa state_nswr state_qld state_wa;
  t2_meqcr on t1_pub_bin t1_meqcr t1_selfcon t1_gse
      t1_dob t1_seifa state_nswr state_qld state_wa;

  f3 on t1_pub_bin t2_meqes t2_meqcr f1 t1_selfcon t1_gse
   t1_meqes t1_meqcr t1_dob t1_seifa
  state_nswr state_qld state_wa;

  model indirect:
  f3 ind t1_pub_bin;

  output: standardized;
  cint(bcbootstrap);



*** WARNING in VARIABLE command
  Note that only the first 8 characters of variable names are used in the output.
  Shorten variable names to avoid any confusion.
*** WARNING
  Data set contains cases with missing on x-variables.
  These cases were not included in the analysis.
  Number of cases with missing on x-variables:  1089
   2 WARNING(S) FOUND IN THE INPUT INSTRUCTIONS



H4L pubertal timing and internalising mediation analysis

SUMMARY OF ANALYSIS

Number of groups                                                 1
Number of observations                                        2213

Number of dependent variables                                    8
Number of independent variables                                 10
Number of continuous latent variables                            2

Observed dependent variables

  Continuous
   T2_MEQES    T2_MEQCR    T3_PHQ8     T3_PROMISA  T3_SDQEMO   T1_PHQ8
   T1_PROMISA  T1_SDQEMO

Observed independent variables
   T1_PUB_B    T1_DOB      T1_SELFC    T1_GSE      T1_MEQCR    T1_MEQES
   T1_SEIFA    STATE_NS    STATE_QL    STATE_WA

Continuous latent variables
   F3          F1

Variables with special functions

  Centering (GRANDMEAN)
   T2_MEQES    T2_MEQCR    T1_DOB      T1_SEIFA    T1_SELFC    T1_GSE
   T1_MEQES    T1_MEQCR


Estimator                                                       ML
Information matrix                                        OBSERVED
Maximum number of iterations                                  1000
Convergence criterion                                    0.500D-04
Maximum number of steepest descent iterations                   20
Maximum number of iterations for H1                           2000
Convergence criterion for H1                             0.100D-03
Number of bootstrap draws
    Requested                                                10000
    Completed                                                10000

Input data file(s)
  h4lmed.csv

Input data format  FREE


SUMMARY OF DATA

     Number of missing data patterns            22


COVARIANCE COVERAGE OF DATA

Minimum covariance coverage value   0.100


     PROPORTION OF DATA PRESENT


           Covariance Coverage
              T2_MEQES      T2_MEQCR      T3_PHQ8       T3_PROMI      T3_SDQEM
              ________      ________      ________      ________      ________
 T2_MEQES       0.785
 T2_MEQCR       0.784         0.784
 T3_PHQ8        0.645         0.643         0.791
 T3_PROMI       0.644         0.643         0.785         0.788
 T3_SDQEM       0.621         0.620         0.753         0.755         0.756
 T1_PHQ8        0.781         0.779         0.786         0.783         0.751
 T1_PROMI       0.784         0.783         0.791         0.788         0.756
 T1_SDQEM       0.784         0.782         0.790         0.787         0.755
 T1_PUB_B       0.785         0.784         0.791         0.788         0.756
 T1_DOB         0.785         0.784         0.791         0.788         0.756
 T1_SELFC       0.785         0.784         0.791         0.788         0.756
 T1_GSE         0.785         0.784         0.791         0.788         0.756
 T1_MEQCR       0.785         0.784         0.791         0.788         0.756
 T1_MEQES       0.785         0.784         0.791         0.788         0.756
 T1_SEIFA       0.785         0.784         0.791         0.788         0.756
 STATE_NS       0.785         0.784         0.791         0.788         0.756
 STATE_QL       0.785         0.784         0.791         0.788         0.756
 STATE_WA       0.785         0.784         0.791         0.788         0.756


           Covariance Coverage
              T1_PHQ8       T1_PROMI      T1_SDQEM      T1_PUB_B      T1_DOB
              ________      ________      ________      ________      ________
 T1_PHQ8        0.995
 T1_PROMI       0.994         1.000
 T1_SDQEM       0.993         0.998         0.998
 T1_PUB_B       0.995         1.000         0.998         1.000
 T1_DOB         0.995         1.000         0.998         1.000         1.000
 T1_SELFC       0.995         1.000         0.998         1.000         1.000
 T1_GSE         0.995         1.000         0.998         1.000         1.000
 T1_MEQCR       0.995         1.000         0.998         1.000         1.000
 T1_MEQES       0.995         1.000         0.998         1.000         1.000
 T1_SEIFA       0.995         1.000         0.998         1.000         1.000
 STATE_NS       0.995         1.000         0.998         1.000         1.000
 STATE_QL       0.995         1.000         0.998         1.000         1.000
 STATE_WA       0.995         1.000         0.998         1.000         1.000


           Covariance Coverage
              T1_SELFC      T1_GSE        T1_MEQCR      T1_MEQES      T1_SEIFA
              ________      ________      ________      ________      ________
 T1_SELFC       1.000
 T1_GSE         1.000         1.000
 T1_MEQCR       1.000         1.000         1.000
 T1_MEQES       1.000         1.000         1.000         1.000
 T1_SEIFA       1.000         1.000         1.000         1.000         1.000
 STATE_NS       1.000         1.000         1.000         1.000         1.000
 STATE_QL       1.000         1.000         1.000         1.000         1.000
 STATE_WA       1.000         1.000         1.000         1.000         1.000


           Covariance Coverage
              STATE_NS      STATE_QL      STATE_WA
              ________      ________      ________
 STATE_NS       1.000
 STATE_QL       1.000         1.000
 STATE_WA       1.000         1.000         1.000



UNIVARIATE SAMPLE STATISTICS


     UNIVARIATE HIGHER-ORDER MOMENT DESCRIPTIVE STATISTICS

         Variable/         Mean/     Skewness/   Minimum/ % with                Percentiles
        Sample Size      Variance    Kurtosis    Maximum  Min/Max      20%/60%    40%/80%    Median

     T2_MEQES              0.000       0.108      -7.252    5.99%      -3.252     -0.252     -0.252
            1737.000      13.648      -0.083       8.748    2.99%       0.748      2.748
     T2_MEQCR              0.000      -0.381     -13.623    5.59%      -3.623     -1.623      0.377
            1734.000      36.607      -0.098      10.377    7.73%       1.377      4.377
     T3_PHQ8               4.529       1.770       0.000   29.98%       0.000      1.000      3.000
            1751.000      32.608       2.884      24.000    2.74%       4.000      8.000
     T3_PROMISA           20.894       2.098      13.000   29.99%      13.000     15.000     16.000
            1744.000     125.254       4.580      65.000    2.24%      18.000     26.000
     T3_SDQEMO             2.255       1.204       0.000   31.32%       0.000      1.000      1.000
            1673.000       6.067       0.889      10.000    1.91%       2.000      4.000
     T1_PHQ8               4.324       1.708       0.000   23.40%       0.000      2.000      3.000
            2201.000      23.275       3.238      24.000    0.91%       4.000      7.000
     T1_PROMISA           20.741       1.746      13.000   22.56%      13.000     16.000     17.000
            2212.000      84.110       3.575      65.000    0.32%      20.000     27.000
     T1_SDQEMO             2.535       0.956       0.000   21.77%       0.000      1.000      2.000
            2209.000       5.321       0.458      10.000    1.04%       3.000      4.000
     T1_PUB_BIN            0.186       1.616       0.000   81.43%       0.000      0.000      0.000
            2213.000       0.151       0.613       1.000   18.57%       0.000      0.000
     T1_DOB                0.000      -0.556      -1.694    0.09%      -0.694      0.306      0.306
            2213.000       0.238      -0.864       1.306    1.17%       0.306      0.306
     T1_SELFCON            0.000      -0.145     -30.324    0.05%      -6.324     -2.324     -0.324
            2213.000      65.607      -0.068      20.676    0.36%       2.676      6.676
     T1_GSE                0.000      -0.779     -19.295    2.03%      -3.295     -0.295      0.705
            2213.000      33.310       1.666      10.705    2.76%       0.705      4.705
     T1_MEQCR              0.000      -0.463     -14.228    2.39%      -3.228     -1.228     -0.228
            2213.000      26.116       0.420       9.772    4.29%       1.772      3.772
     T1_MEQES              0.000       0.125      -7.597    2.39%      -2.597     -0.597      0.403
            2213.000      10.742       0.151       8.403    1.90%       0.403      2.403
     T1_SEIFA              0.000      -0.375      -1.313    9.40%      -0.313     -0.313     -0.313
            2213.000       0.403      -0.692       0.687   40.67%       0.687      0.687
     STATE_NSWR            0.234       1.259       0.000   76.64%       0.000      0.000      0.000
            2213.000       0.179      -0.415       1.000   23.36%       0.000      1.000
     STATE_QLD             0.272       1.022       0.000   72.75%       0.000      0.000      0.000
            2213.000       0.198      -0.955       1.000   27.25%       0.000      1.000
     STATE_WA              0.156       1.897       0.000   84.41%       0.000      0.000      0.000
            2213.000       0.132       1.599       1.000   15.59%       0.000      0.000


THE MODEL ESTIMATION TERMINATED NORMALLY



MODEL FIT INFORMATION

Number of Free Parameters                       53

Loglikelihood

          H0 Value                      -43293.783
          H1 Value                      -42515.992

Information Criteria

          Akaike (AIC)                   86693.566
          Bayesian (BIC)                 86995.777
          Sample-Size Adjusted BIC       86827.388
            (n* = (n + 2) / 24)

Chi-Square Test of Model Fit

          Value                           1555.582
          Degrees of Freedom                    71
          P-Value                           0.0000

RMSEA (Root Mean Square Error Of Approximation)

          Estimate                           0.097
          90 Percent C.I.                    0.093  0.101
          Probability RMSEA <= .05           0.000

CFI/TLI

          CFI                                0.785
          TLI                                0.674

Chi-Square Test of Model Fit for the Baseline Model

          Value                           7025.047
          Degrees of Freedom                   108
          P-Value                           0.0000

SRMR (Standardized Root Mean Square Residual)

          Value                              0.105



MODEL RESULTS

                                                    Two-Tailed
                    Estimate       S.E.  Est./S.E.    P-Value

 F3       BY
    T3_PHQ8            1.000      0.000    999.000    999.000
    T3_PROMISA         2.133      0.078     27.330      0.000
    T3_SDQEMO          0.400      0.025     16.171      0.000

 F1       BY
    T1_PHQ8            1.000      0.000    999.000    999.000
    T1_PROMISA         2.169      0.079     27.596      0.000
    T1_SDQEMO          0.462      0.022     20.911      0.000

 F3       ON
    F1                 0.624      0.052     11.978      0.000

 F3       ON
    T1_PUB_BIN         0.580      0.306      1.895      0.058
    T2_MEQES           0.097      0.043      2.256      0.024
    T2_MEQCR          -0.010      0.023     -0.449      0.653
    T1_SELFCON        -0.070      0.016     -4.323      0.000
    T1_GSE            -0.018      0.023     -0.756      0.450
    T1_MEQES          -0.047      0.044     -1.084      0.278
    T1_MEQCR          -0.022      0.025     -0.893      0.372
    T1_DOB             0.488      0.223      2.190      0.029
    T1_SEIFA           0.123      0.174      0.709      0.478
    STATE_NSWR        -0.079      0.271     -0.292      0.770
    STATE_QLD          0.315      0.298      1.057      0.290
    STATE_WA           0.427      0.350      1.220      0.223

 T2_MEQES ON
    T1_PUB_BIN         0.319      0.218      1.464      0.143
    T1_MEQES           0.507      0.028     17.948      0.000
    T1_SELFCON        -0.025      0.011     -2.219      0.026
    T1_GSE             0.010      0.019      0.528      0.598
    T1_DOB            -0.099      0.171     -0.577      0.564
    T1_SEIFA          -0.024      0.131     -0.186      0.852
    STATE_NSWR        -0.148      0.224     -0.661      0.509
    STATE_QLD         -0.361      0.227     -1.587      0.113
    STATE_WA           0.280      0.244      1.146      0.252

 T2_MEQCR ON
    T1_PUB_BIN         0.465      0.344      1.350      0.177
    T1_MEQCR           0.415      0.032     12.895      0.000
    T1_SELFCON         0.051      0.020      2.631      0.009
    T1_GSE             0.102      0.032      3.219      0.001
    T1_DOB            -0.195      0.285     -0.682      0.495
    T1_SEIFA          -0.040      0.220     -0.180      0.857
    STATE_NSWR         0.160      0.390      0.410      0.682
    STATE_QLD         -0.640      0.361     -1.773      0.076
    STATE_WA          -0.439      0.435     -1.007      0.314

 Intercepts
    T2_MEQES           0.055      0.158      0.350      0.727
    T2_MEQCR           0.094      0.262      0.357      0.721
    T3_PHQ8            4.373      0.217     20.148      0.000
    T3_PROMISA        20.522      0.447     45.943      0.000
    T3_SDQEMO          2.173      0.090     24.077      0.000
    T1_PHQ8            4.328      0.102     42.360      0.000
    T1_PROMISA        20.740      0.197    105.396      0.000
    T1_SDQEMO          2.536      0.049     51.272      0.000

 Variances
    F1                13.021      0.969     13.442      0.000

 Residual Variances
    T2_MEQES          10.626      0.434     24.477      0.000
    T2_MEQCR          30.031      1.213     24.759      0.000
    T3_PHQ8           13.257      1.365      9.715      0.000
    T3_PROMISA        36.715      3.981      9.222      0.000
    T3_SDQEMO          2.915      0.243     12.011      0.000
    T1_PHQ8           10.243      0.803     12.749      0.000
    T1_PROMISA        22.810      2.070     11.020      0.000
    T1_SDQEMO          2.540      0.179     14.205      0.000
    F3                12.695      1.292      9.823      0.000


STANDARDIZED MODEL RESULTS


STDYX Standardization

                                                    Two-Tailed
                    Estimate       S.E.  Est./S.E.    P-Value

 F3       BY
    T3_PHQ8            0.763      0.024     31.637      0.000
    T3_PROMISA         0.835      0.019     44.155      0.000
    T3_SDQEMO          0.710      0.027     26.265      0.000

 F1       BY
    T1_PHQ8            0.748      0.019     38.570      0.000
    T1_PROMISA         0.854      0.015     55.539      0.000
    T1_SDQEMO          0.723      0.022     33.467      0.000

 F3       ON
    F1                 0.523      0.038     13.725      0.000

 F3       ON
    T1_PUB_BIN         0.052      0.028      1.898      0.058
    T2_MEQES           0.083      0.036      2.277      0.023
    T2_MEQCR          -0.015      0.032     -0.451      0.652
    T1_SELFCON        -0.132      0.030     -4.439      0.000
    T1_GSE            -0.024      0.031     -0.756      0.450
    T1_MEQES          -0.036      0.033     -1.092      0.275
    T1_MEQCR          -0.027      0.030     -0.894      0.372
    T1_DOB             0.055      0.025      2.202      0.028
    T1_SEIFA           0.018      0.026      0.712      0.477
    STATE_NSWR        -0.008      0.027     -0.292      0.770
    STATE_QLD          0.033      0.031      1.067      0.286
    STATE_WA           0.036      0.029      1.227      0.220

 T2_MEQES ON
    T1_PUB_BIN         0.034      0.023      1.464      0.143
    T1_MEQES           0.450      0.024     18.878      0.000
    T1_SELFCON        -0.054      0.024     -2.221      0.026
    T1_GSE             0.015      0.029      0.528      0.597
    T1_DOB            -0.013      0.023     -0.578      0.564
    T1_SEIFA          -0.004      0.023     -0.186      0.852
    STATE_NSWR        -0.017      0.026     -0.661      0.509
    STATE_QLD         -0.043      0.027     -1.588      0.112
    STATE_WA           0.027      0.024      1.147      0.252

 T2_MEQCR ON
    T1_PUB_BIN         0.030      0.022      1.351      0.177
    T1_MEQCR           0.351      0.027     13.146      0.000
    T1_SELFCON         0.069      0.026      2.622      0.009
    T1_GSE             0.097      0.030      3.219      0.001
    T1_DOB            -0.016      0.023     -0.682      0.495
    T1_SEIFA          -0.004      0.023     -0.180      0.857
    STATE_NSWR         0.011      0.027      0.410      0.682
    STATE_QLD         -0.047      0.027     -1.775      0.076
    STATE_WA          -0.026      0.026     -1.007      0.314

 Intercepts
    T2_MEQES           0.015      0.043      0.349      0.727
    T2_MEQCR           0.015      0.043      0.356      0.722
    T3_PHQ8            0.776      0.035     22.359      0.000
    T3_PROMISA         1.866      0.056     33.249      0.000
    T3_SDQEMO          0.897      0.034     26.590      0.000
    T1_PHQ8            0.897      0.015     58.333      0.000
    T1_PROMISA         2.262      0.044     51.143      0.000
    T1_SDQEMO          1.099      0.018     61.802      0.000

 Variances
    F1                 1.000      0.000    999.000    999.000

 Residual Variances
    T2_MEQES           0.780      0.021     36.637      0.000
    T2_MEQCR           0.821      0.020     40.814      0.000
    T3_PHQ8            0.417      0.037     11.357      0.000
    T3_PROMISA         0.304      0.031      9.640      0.000
    T3_SDQEMO          0.496      0.038     12.972      0.000
    T1_PHQ8            0.440      0.029     15.202      0.000
    T1_PROMISA         0.271      0.026     10.345      0.000
    T1_SDQEMO          0.477      0.031     15.307      0.000
    F3                 0.686      0.035     19.712      0.000


STDY Standardization

                                                    Two-Tailed
                    Estimate       S.E.  Est./S.E.    P-Value

 F3       BY
    T3_PHQ8            0.763      0.024     31.637      0.000
    T3_PROMISA         0.835      0.019     44.155      0.000
    T3_SDQEMO          0.710      0.027     26.265      0.000

 F1       BY
    T1_PHQ8            0.748      0.019     38.570      0.000
    T1_PROMISA         0.854      0.015     55.539      0.000
    T1_SDQEMO          0.723      0.022     33.467      0.000

 F3       ON
    F1                 0.523      0.038     13.725      0.000

 F3       ON
    T1_PUB_BIN         0.135      0.071      1.898      0.058
    T2_MEQES           0.083      0.036      2.277      0.023
    T2_MEQCR          -0.015      0.032     -0.451      0.652
    T1_SELFCON        -0.016      0.004     -4.443      0.000
    T1_GSE            -0.004      0.005     -0.755      0.450
    T1_MEQES          -0.011      0.010     -1.090      0.276
    T1_MEQCR          -0.005      0.006     -0.894      0.371
    T1_DOB             0.113      0.052      2.202      0.028
    T1_SEIFA           0.029      0.040      0.711      0.477
    STATE_NSWR        -0.018      0.063     -0.292      0.771
    STATE_QLD          0.073      0.069      1.067      0.286
    STATE_WA           0.099      0.081      1.227      0.220

 T2_MEQES ON
    T1_PUB_BIN         0.086      0.059      1.464      0.143
    T1_MEQES           0.137      0.007     18.717      0.000
    T1_SELFCON        -0.007      0.003     -2.220      0.026
    T1_GSE             0.003      0.005      0.528      0.597
    T1_DOB            -0.027      0.046     -0.577      0.564
    T1_SEIFA          -0.007      0.035     -0.186      0.852
    STATE_NSWR        -0.040      0.061     -0.660      0.509
    STATE_QLD         -0.098      0.062     -1.587      0.112
    STATE_WA           0.076      0.066      1.146      0.252

 T2_MEQCR ON
    T1_PUB_BIN         0.077      0.057      1.350      0.177
    T1_MEQCR           0.069      0.005     13.129      0.000
    T1_SELFCON         0.009      0.003      2.624      0.009
    T1_GSE             0.017      0.005      3.227      0.001
    T1_DOB            -0.032      0.047     -0.681      0.496
    T1_SEIFA          -0.007      0.036     -0.180      0.857
    STATE_NSWR         0.026      0.065      0.410      0.682
    STATE_QLD         -0.106      0.060     -1.775      0.076
    STATE_WA          -0.072      0.072     -1.007      0.314

 Intercepts
    T2_MEQES           0.015      0.043      0.349      0.727
    T2_MEQCR           0.015      0.043      0.356      0.722
    T3_PHQ8            0.776      0.035     22.359      0.000
    T3_PROMISA         1.866      0.056     33.249      0.000
    T3_SDQEMO          0.897      0.034     26.590      0.000
    T1_PHQ8            0.897      0.015     58.333      0.000
    T1_PROMISA         2.262      0.044     51.143      0.000
    T1_SDQEMO          1.099      0.018     61.802      0.000

 Variances
    F1                 1.000      0.000    999.000    999.000

 Residual Variances
    T2_MEQES           0.780      0.021     36.637      0.000
    T2_MEQCR           0.821      0.020     40.814      0.000
    T3_PHQ8            0.417      0.037     11.357      0.000
    T3_PROMISA         0.304      0.031      9.640      0.000
    T3_SDQEMO          0.496      0.038     12.972      0.000
    T1_PHQ8            0.440      0.029     15.202      0.000
    T1_PROMISA         0.271      0.026     10.345      0.000
    T1_SDQEMO          0.477      0.031     15.307      0.000
    F3                 0.686      0.035     19.712      0.000


STD Standardization

                                                    Two-Tailed
                    Estimate       S.E.  Est./S.E.    P-Value

 F3       BY
    T3_PHQ8            4.302      0.177     24.281      0.000
    T3_PROMISA         9.178      0.387     23.735      0.000
    T3_SDQEMO          1.720      0.077     22.195      0.000

 F1       BY
    T1_PHQ8            3.608      0.134     26.879      0.000
    T1_PROMISA         7.828      0.284     27.561      0.000
    T1_SDQEMO          1.669      0.060     28.029      0.000

 F3       ON
    F1                 0.523      0.038     13.725      0.000

 F3       ON
    T1_PUB_BIN         0.135      0.071      1.898      0.058
    T2_MEQES           0.023      0.010      2.276      0.023
    T2_MEQCR          -0.002      0.005     -0.450      0.652
    T1_SELFCON        -0.016      0.004     -4.443      0.000
    T1_GSE            -0.004      0.005     -0.755      0.450
    T1_MEQES          -0.011      0.010     -1.090      0.276
    T1_MEQCR          -0.005      0.006     -0.894      0.371
    T1_DOB             0.113      0.052      2.202      0.028
    T1_SEIFA           0.029      0.040      0.711      0.477
    STATE_NSWR        -0.018      0.063     -0.292      0.771
    STATE_QLD          0.073      0.069      1.067      0.286
    STATE_WA           0.099      0.081      1.227      0.220

 T2_MEQES ON
    T1_PUB_BIN         0.319      0.218      1.464      0.143
    T1_MEQES           0.507      0.028     17.948      0.000
    T1_SELFCON        -0.025      0.011     -2.219      0.026
    T1_GSE             0.010      0.019      0.528      0.598
    T1_DOB            -0.099      0.171     -0.577      0.564
    T1_SEIFA          -0.024      0.131     -0.186      0.852
    STATE_NSWR        -0.148      0.224     -0.661      0.509
    STATE_QLD         -0.361      0.227     -1.587      0.113
    STATE_WA           0.280      0.244      1.146      0.252

 T2_MEQCR ON
    T1_PUB_BIN         0.465      0.344      1.350      0.177
    T1_MEQCR           0.415      0.032     12.895      0.000
    T1_SELFCON         0.051      0.020      2.631      0.009
    T1_GSE             0.102      0.032      3.219      0.001
    T1_DOB            -0.195      0.285     -0.682      0.495
    T1_SEIFA          -0.040      0.220     -0.180      0.857
    STATE_NSWR         0.160      0.390      0.410      0.682
    STATE_QLD         -0.640      0.361     -1.773      0.076
    STATE_WA          -0.439      0.435     -1.007      0.314

 Intercepts
    T2_MEQES           0.055      0.158      0.350      0.727
    T2_MEQCR           0.094      0.262      0.357      0.721
    T3_PHQ8            4.373      0.217     20.148      0.000
    T3_PROMISA        20.522      0.447     45.943      0.000
    T3_SDQEMO          2.173      0.090     24.077      0.000
    T1_PHQ8            4.328      0.102     42.360      0.000
    T1_PROMISA        20.740      0.197    105.396      0.000
    T1_SDQEMO          2.536      0.049     51.272      0.000

 Variances
    F1                 1.000      0.000    999.000    999.000

 Residual Variances
    T2_MEQES          10.626      0.434     24.477      0.000
    T2_MEQCR          30.031      1.213     24.759      0.000
    T3_PHQ8           13.257      1.365      9.715      0.000
    T3_PROMISA        36.715      3.981      9.222      0.000
    T3_SDQEMO          2.915      0.243     12.011      0.000
    T1_PHQ8           10.243      0.803     12.749      0.000
    T1_PROMISA        22.810      2.070     11.020      0.000
    T1_SDQEMO          2.540      0.179     14.205      0.000
    F3                 0.686      0.035     19.712      0.000


R-SQUARE

    Observed                                        Two-Tailed
    Variable        Estimate       S.E.  Est./S.E.    P-Value

    T2_MEQES           0.220      0.021     10.332      0.000
    T2_MEQCR           0.179      0.020      8.917      0.000
    T3_PHQ8            0.583      0.037     15.856      0.000
    T3_PROMI           0.696      0.031     22.115      0.000
    T3_SDQEM           0.504      0.038     13.161      0.000
    T1_PHQ8            0.560      0.029     19.324      0.000
    T1_PROMI           0.729      0.026     27.794      0.000
    T1_SDQEM           0.523      0.031     16.780      0.000

     Latent                                         Two-Tailed
    Variable        Estimate       S.E.  Est./S.E.    P-Value

    F3                 0.314      0.035      9.029      0.000


TOTAL, TOTAL INDIRECT, SPECIFIC INDIRECT, AND DIRECT EFFECTS


                                                    Two-Tailed
                    Estimate       S.E.  Est./S.E.    P-Value

Effects from T1_PUB_B to F3

  Total                0.606      0.306      1.982      0.047
  Total indirect       0.026      0.027      0.982      0.326

  Specific indirect 1
    F3
    T2_MEQES
    T1_PUB_B           0.031      0.026      1.173      0.241

  Specific indirect 2
    F3
    T2_MEQCR
    T1_PUB_B          -0.005      0.014     -0.341      0.733

  Direct
    F3
    T1_PUB_B           0.580      0.306      1.895      0.058



STANDARDIZED TOTAL, TOTAL INDIRECT, SPECIFIC INDIRECT, AND DIRECT EFFECTS


STDYX Standardization

                                                    Two-Tailed
                    Estimate       S.E.  Est./S.E.    P-Value

Effects from T1_PUB_B to F3

  Total                0.055      0.028      1.985      0.047
  Total indirect       0.002      0.002      0.982      0.326

  Specific indirect 1
    F3
    T2_MEQES
    T1_PUB_B           0.003      0.002      1.178      0.239

  Specific indirect 2
    F3
    T2_MEQCR
    T1_PUB_B           0.000      0.001     -0.342      0.732

  Direct
    F3
    T1_PUB_B           0.052      0.028      1.898      0.058



STDY Standardization

                                                    Two-Tailed
                    Estimate       S.E.  Est./S.E.    P-Value

Effects from T1_PUB_B to F3

  Total                0.141      0.071      1.985      0.047
  Total indirect       0.006      0.006      0.982      0.326

  Specific indirect 1
    F3
    T2_MEQES
    T1_PUB_B           0.007      0.006      1.177      0.239

  Specific indirect 2
    F3
    T2_MEQCR
    T1_PUB_B          -0.001      0.003     -0.341      0.733

  Direct
    F3
    T1_PUB_B           0.135      0.071      1.898      0.058



STD Standardization

                                                    Two-Tailed
                    Estimate       S.E.  Est./S.E.    P-Value

Effects from T1_PUB_B to F3

  Total                0.141      0.071      1.985      0.047
  Total indirect       0.006      0.006      0.982      0.326

  Specific indirect 1
    F3
    T2_MEQES
    T1_PUB_B           0.007      0.006      1.177      0.239

  Specific indirect 2
    F3
    T2_MEQCR
    T1_PUB_B          -0.001      0.003     -0.341      0.733

  Direct
    F3
    T1_PUB_B           0.135      0.071      1.898      0.058




CONFIDENCE INTERVALS OF MODEL RESULTS

                  Lower .5%  Lower 2.5%    Lower 5%    Estimate    Upper 5%  Upper 2.5%   Upper .5%

 F3       BY
    T3_PHQ8          1.000       1.000       1.000       1.000       1.000       1.000       1.000
    T3_PROMISA       1.936       1.980       2.005       2.133       2.264       2.289       2.343
    T3_SDQEMO        0.337       0.352       0.360       0.400       0.441       0.448       0.466

 F1       BY
    T1_PHQ8          1.000       1.000       1.000       1.000       1.000       1.000       1.000
    T1_PROMISA       1.977       2.018       2.040       2.169       2.299       2.328       2.381
    T1_SDQEMO        0.406       0.420       0.426       0.462       0.499       0.506       0.521

 F3       ON
    F1               0.492       0.525       0.541       0.624       0.713       0.731       0.763

 F3       ON
    T1_PUB_BIN      -0.162       0.005       0.099       0.580       1.100       1.201       1.370
    T2_MEQES        -0.010       0.014       0.029       0.097       0.171       0.183       0.209
    T2_MEQCR        -0.071      -0.056      -0.048      -0.010       0.027       0.034       0.048
    T1_SELFCON      -0.113      -0.102      -0.097      -0.070      -0.044      -0.039      -0.030
    T1_GSE          -0.078      -0.065      -0.057      -0.018       0.019       0.028       0.041
    T1_MEQES        -0.158      -0.134      -0.119      -0.047       0.024       0.037       0.064
    T1_MEQCR        -0.087      -0.073      -0.065      -0.022       0.018       0.025       0.040
    T1_DOB          -0.085       0.055       0.131       0.488       0.860       0.928       1.069
    T1_SEIFA        -0.311      -0.209      -0.157       0.123       0.418       0.473       0.582
    STATE_NSWR      -0.770      -0.609      -0.523      -0.079       0.369       0.444       0.606
    STATE_QLD       -0.411      -0.251      -0.166       0.315       0.818       0.922       1.095
    STATE_WA        -0.472      -0.247      -0.141       0.427       1.013       1.132       1.345

 T2_MEQES ON
    T1_PUB_BIN      -0.268      -0.119      -0.047       0.319       0.668       0.738       0.876
    T1_MEQES         0.431       0.450       0.459       0.507       0.552       0.559       0.577
    T1_SELFCON      -0.052      -0.046      -0.043      -0.025      -0.006      -0.003       0.005
    T1_GSE          -0.039      -0.026      -0.020       0.010       0.040       0.046       0.058
    T1_DOB          -0.538      -0.438      -0.379      -0.099       0.184       0.236       0.353
    T1_SEIFA        -0.372      -0.278      -0.237      -0.024       0.192       0.237       0.314
    STATE_NSWR      -0.713      -0.594      -0.519      -0.148       0.217       0.287       0.426
    STATE_QLD       -0.950      -0.810      -0.735      -0.361       0.008       0.087       0.218
    STATE_WA        -0.339      -0.189      -0.118       0.280       0.685       0.760       0.899

 T2_MEQCR ON
    T1_PUB_BIN      -0.414      -0.201      -0.094       0.465       1.040       1.148       1.369
    T1_MEQCR         0.328       0.351       0.361       0.415       0.467       0.477       0.495
    T1_SELFCON       0.001       0.013       0.019       0.051       0.083       0.089       0.101
    T1_GSE           0.022       0.041       0.051       0.102       0.155       0.165       0.183
    T1_DOB          -0.924      -0.749      -0.658      -0.195       0.272       0.363       0.571
    T1_SEIFA        -0.592      -0.466      -0.395      -0.040       0.329       0.399       0.531
    STATE_NSWR      -0.868      -0.608      -0.480       0.160       0.809       0.927       1.144
    STATE_QLD       -1.583      -1.364      -1.246      -0.640      -0.058       0.045       0.268
    STATE_WA        -1.556      -1.292      -1.144      -0.439       0.282       0.419       0.717

 Intercepts
    T2_MEQES        -0.358      -0.248      -0.202       0.055       0.317       0.374       0.465
    T2_MEQCR        -0.576      -0.417      -0.331       0.094       0.529       0.609       0.780
    T3_PHQ8          3.844       3.961       4.023       4.373       4.734       4.805       4.938
    T3_PROMI        19.420      19.657      19.796      20.522      21.267      21.421      21.689
    T3_SDQEM         1.950       1.998       2.024       2.173       2.322       2.351       2.409
    T1_PHQ8          4.076       4.137       4.165       4.328       4.501       4.533       4.592
    T1_PROMI        20.243      20.372      20.431      20.740      21.085      21.143      21.265
    T1_SDQEM         2.411       2.440       2.456       2.536       2.619       2.635       2.664

 Variances
    F1              10.718      11.254      11.526      13.021      14.703      15.017      15.718

 Residual Variances
    T2_MEQES         9.597       9.869       9.997      10.626      11.430      11.563      11.837
    T2_MEQCR        27.152      27.910      28.275      30.031      32.249      32.640      33.496
    T3_PHQ8         10.031      10.733      11.128      13.257      15.627      16.177      17.012
    T3_PROMI        27.215      29.423      30.500      36.715      43.628      44.955      47.685
    T3_SDQEM         2.331       2.459       2.535       2.915       3.340       3.425       3.583
    T1_PHQ8          8.397       8.799       9.031      10.243      11.695      11.938      12.550
    T1_PROMI        17.642      19.009      19.576      22.810      26.447      27.164      28.518
    T1_SDQEM         2.105       2.208       2.263       2.540       2.854       2.916       3.029
    F3               9.686      10.410      10.786      12.695      15.077      15.508      16.376


CONFIDENCE INTERVALS OF STANDARDIZED MODEL RESULTS


STDYX Standardization

                  Lower .5%  Lower 2.5%    Lower 5%    Estimate    Upper 5%  Upper 2.5%   Upper .5%

 F3       BY
    T3_PHQ8          0.695       0.713       0.721       0.763       0.801       0.808       0.820
    T3_PROMISA       0.783       0.796       0.802       0.835       0.864       0.869       0.879
    T3_SDQEMO        0.634       0.653       0.663       0.710       0.752       0.759       0.773

 F1       BY
    T1_PHQ8          0.695       0.707       0.714       0.748       0.778       0.784       0.795
    T1_PROMISA       0.811       0.821       0.827       0.854       0.878       0.882       0.891
    T1_SDQEMO        0.663       0.678       0.686       0.723       0.757       0.763       0.776

 F3       ON
    F1               0.421       0.447       0.459       0.523       0.584       0.596       0.617

 F3       ON
    T1_PUB_BIN      -0.015       0.000       0.008       0.052       0.099       0.108       0.124
    T2_MEQES        -0.009       0.012       0.024       0.083       0.145       0.156       0.177
    T2_MEQCR        -0.099      -0.078      -0.068      -0.015       0.039       0.048       0.067
    T1_SELFCON      -0.208      -0.190      -0.181      -0.132      -0.083      -0.074      -0.057
    T1_GSE          -0.105      -0.087      -0.077      -0.024       0.026       0.037       0.056
    T1_MEQES        -0.119      -0.100      -0.090      -0.036       0.019       0.029       0.048
    T1_MEQCR        -0.102      -0.086      -0.077      -0.027       0.021       0.030       0.047
    T1_DOB          -0.010       0.006       0.015       0.055       0.097       0.105       0.119
    T1_SEIFA        -0.046      -0.031      -0.023       0.018       0.061       0.069       0.084
    STATE_NSWR      -0.076      -0.060      -0.051      -0.008       0.036       0.044       0.060
    STATE_QLD       -0.044      -0.026      -0.018       0.033       0.083       0.093       0.112
    STATE_WA        -0.040      -0.021      -0.012       0.036       0.084       0.095       0.113

 T2_MEQES ON
    T1_PUB_BIN      -0.028      -0.012      -0.005       0.034       0.070       0.078       0.092
    T1_MEQES         0.386       0.402       0.410       0.450       0.488       0.495       0.508
    T1_SELFCON      -0.113      -0.101      -0.094      -0.054      -0.014      -0.006       0.011
    T1_GSE          -0.062      -0.040      -0.031       0.015       0.063       0.073       0.090
    T1_DOB          -0.070      -0.058      -0.050      -0.013       0.024       0.031       0.047
    T1_SEIFA        -0.065      -0.048      -0.041      -0.004       0.033       0.041       0.054
    STATE_NSWR      -0.082      -0.068      -0.060      -0.017       0.025       0.033       0.049
    STATE_QLD       -0.114      -0.098      -0.088      -0.043       0.001       0.011       0.026
    STATE_WA        -0.034      -0.019      -0.012       0.027       0.067       0.074       0.088

 T2_MEQCR ON
    T1_PUB_BIN      -0.027      -0.013      -0.006       0.030       0.067       0.074       0.088
    T1_MEQCR         0.280       0.298       0.307       0.351       0.394       0.401       0.416
    T1_SELFCON       0.002       0.018       0.026       0.069       0.112       0.120       0.136
    T1_GSE           0.021       0.038       0.048       0.097       0.147       0.157       0.176
    T1_DOB          -0.075      -0.060      -0.053      -0.016       0.022       0.029       0.046
    T1_SEIFA        -0.062      -0.049      -0.041      -0.004       0.034       0.042       0.055
    STATE_NSWR      -0.060      -0.042      -0.033       0.011       0.056       0.065       0.081
    STATE_QLD       -0.117      -0.100      -0.091      -0.047      -0.004       0.004       0.020
    STATE_WA        -0.093      -0.077      -0.069      -0.026       0.017       0.025       0.043

 Intercepts
    T2_MEQES        -0.098      -0.067      -0.055       0.015       0.086       0.101       0.125
    T2_MEQCR        -0.094      -0.068      -0.055       0.015       0.088       0.102       0.129
    T3_PHQ8          0.687       0.708       0.718       0.776       0.833       0.843       0.863
    T3_PROMI         1.725       1.756       1.773       1.866       1.957       1.974       2.008
    T3_SDQEM         0.810       0.829       0.839       0.897       0.951       0.961       0.982
    T1_PHQ8          0.858       0.867       0.871       0.897       0.922       0.928       0.936
    T1_PROMI         2.144       2.175       2.189       2.262       2.333       2.346       2.377
    T1_SDQEM         1.054       1.064       1.070       1.099       1.129       1.135       1.145

 Variances
    F1               1.000       1.000       1.000       1.000       1.000       1.000       1.000

 Residual Variances
    T2_MEQES         0.729       0.743       0.749       0.780       0.819       0.825       0.838
    T2_MEQCR         0.772       0.785       0.791       0.821       0.857       0.862       0.875
    T3_PHQ8          0.328       0.348       0.359       0.417       0.480       0.492       0.518
    T3_PROMI         0.228       0.244       0.254       0.304       0.357       0.367       0.387
    T3_SDQEM         0.403       0.423       0.435       0.496       0.561       0.573       0.598
    T1_PHQ8          0.368       0.385       0.395       0.440       0.490       0.500       0.517
    T1_PROMI         0.207       0.222       0.230       0.271       0.316       0.325       0.341
    T1_SDQEM         0.398       0.417       0.427       0.477       0.529       0.540       0.561
    F3               0.599       0.623       0.635       0.686       0.747       0.756       0.775


STDY Standardization

                  Lower .5%  Lower 2.5%    Lower 5%    Estimate    Upper 5%  Upper 2.5%   Upper .5%

 F3       BY
    T3_PHQ8          0.695       0.713       0.721       0.763       0.801       0.808       0.820
    T3_PROMISA       0.783       0.796       0.802       0.835       0.864       0.869       0.879
    T3_SDQEMO        0.634       0.653       0.663       0.710       0.752       0.759       0.773

 F1       BY
    T1_PHQ8          0.695       0.707       0.714       0.748       0.778       0.784       0.795
    T1_PROMISA       0.811       0.821       0.827       0.854       0.878       0.882       0.891
    T1_SDQEMO        0.663       0.678       0.686       0.723       0.757       0.763       0.776

 F3       ON
    F1               0.421       0.447       0.459       0.523       0.584       0.596       0.617

 F3       ON
    T1_PUB_BIN      -0.040      -0.002       0.021       0.135       0.253       0.276       0.319
    T2_MEQES        -0.009       0.012       0.024       0.083       0.145       0.156       0.177
    T2_MEQCR        -0.099      -0.078      -0.068      -0.015       0.039       0.048       0.067
    T1_SELFCON      -0.026      -0.023      -0.022      -0.016      -0.010      -0.009      -0.007
    T1_GSE          -0.018      -0.015      -0.013      -0.004       0.005       0.006       0.010
    T1_MEQES        -0.036      -0.031      -0.027      -0.011       0.006       0.009       0.015
    T1_MEQCR        -0.020      -0.017      -0.015      -0.005       0.004       0.006       0.009
    T1_DOB          -0.020       0.013       0.030       0.113       0.199       0.215       0.242
    T1_SEIFA        -0.073      -0.049      -0.037       0.029       0.096       0.109       0.133
    STATE_NSWR      -0.181      -0.142      -0.121      -0.018       0.086       0.105       0.142
    STATE_QLD       -0.099      -0.059      -0.039       0.073       0.186       0.210       0.251
    STATE_WA        -0.112      -0.058      -0.033       0.099       0.233       0.261       0.314

 T2_MEQES ON
    T1_PUB_BIN      -0.074      -0.032      -0.013       0.086       0.181       0.200       0.236
    T1_MEQES         0.118       0.122       0.125       0.137       0.149       0.151       0.155
    T1_SELFCON      -0.014      -0.012      -0.012      -0.007      -0.002      -0.001       0.001
    T1_GSE          -0.011      -0.007      -0.005       0.003       0.011       0.012       0.016
    T1_DOB          -0.143      -0.118      -0.103      -0.027       0.050       0.064       0.096
    T1_SEIFA        -0.101      -0.075      -0.065      -0.007       0.052       0.064       0.084
    STATE_NSWR      -0.191      -0.161      -0.141      -0.040       0.059       0.078       0.115
    STATE_QLD       -0.256      -0.218      -0.199      -0.098       0.003       0.024       0.058
    STATE_WA        -0.092      -0.052      -0.032       0.076       0.185       0.206       0.242

 T2_MEQCR ON
    T1_PUB_BIN      -0.067      -0.033      -0.015       0.077       0.172       0.190       0.226
    T1_MEQCR         0.055       0.058       0.060       0.069       0.077       0.079       0.081
    T1_SELFCON       0.000       0.002       0.003       0.009       0.014       0.015       0.017
    T1_GSE           0.004       0.007       0.008       0.017       0.025       0.027       0.030
    T1_DOB          -0.154      -0.124      -0.108      -0.032       0.045       0.060       0.094
    T1_SEIFA        -0.098      -0.077      -0.065      -0.007       0.054       0.066       0.088
    STATE_NSWR      -0.142      -0.100      -0.080       0.026       0.133       0.153       0.190
    STATE_QLD       -0.262      -0.225      -0.205      -0.106      -0.008       0.008       0.045
    STATE_WA        -0.257      -0.214      -0.189      -0.072       0.047       0.069       0.118

 Intercepts
    T2_MEQES        -0.098      -0.067      -0.055       0.015       0.086       0.101       0.125
    T2_MEQCR        -0.094      -0.068      -0.055       0.015       0.088       0.102       0.129
    T3_PHQ8          0.687       0.708       0.718       0.776       0.833       0.843       0.863
    T3_PROMI         1.725       1.756       1.773       1.866       1.957       1.974       2.008
    T3_SDQEM         0.810       0.829       0.839       0.897       0.951       0.961       0.982
    T1_PHQ8          0.858       0.867       0.871       0.897       0.922       0.928       0.936
    T1_PROMI         2.144       2.175       2.189       2.262       2.333       2.346       2.377
    T1_SDQEM         1.054       1.064       1.070       1.099       1.129       1.135       1.145

 Variances
    F1               1.000       1.000       1.000       1.000       1.000       1.000       1.000

 Residual Variances
    T2_MEQES         0.729       0.743       0.749       0.780       0.819       0.825       0.838
    T2_MEQCR         0.772       0.785       0.791       0.821       0.857       0.862       0.875
    T3_PHQ8          0.328       0.348       0.359       0.417       0.480       0.492       0.518
    T3_PROMI         0.228       0.244       0.254       0.304       0.357       0.367       0.387
    T3_SDQEM         0.403       0.423       0.435       0.496       0.561       0.573       0.598
    T1_PHQ8          0.368       0.385       0.395       0.440       0.490       0.500       0.517
    T1_PROMI         0.207       0.222       0.230       0.271       0.316       0.325       0.341
    T1_SDQEM         0.398       0.417       0.427       0.477       0.529       0.540       0.561
    F3               0.599       0.623       0.635       0.686       0.747       0.756       0.775


STD Standardization

                  Lower .5%  Lower 2.5%    Lower 5%    Estimate    Upper 5%  Upper 2.5%   Upper .5%

 F3       BY
    T3_PHQ8          3.838       3.953       4.011       4.302       4.591       4.646       4.758
    T3_PROMISA       8.141       8.409       8.531       9.178       9.807       9.929      10.155
    T3_SDQEMO        1.512       1.562       1.587       1.720       1.843       1.866       1.912

 F1       BY
    T1_PHQ8          3.274       3.355       3.395       3.608       3.834       3.875       3.965
    T1_PROMISA       7.097       7.293       7.384       7.828       8.315       8.424       8.584
    T1_SDQEMO        1.512       1.551       1.571       1.669       1.766       1.783       1.816

 F3       ON
    F1               0.421       0.447       0.459       0.523       0.584       0.596       0.617

 F3       ON
    T1_PUB_BIN      -0.040      -0.002       0.021       0.135       0.253       0.276       0.319
    T2_MEQES        -0.002       0.003       0.007       0.023       0.039       0.042       0.048
    T2_MEQCR        -0.016      -0.013      -0.011      -0.002       0.006       0.008       0.011
    T1_SELFCON      -0.026      -0.023      -0.022      -0.016      -0.010      -0.009      -0.007
    T1_GSE          -0.018      -0.015      -0.013      -0.004       0.005       0.006       0.010
    T1_MEQES        -0.036      -0.031      -0.027      -0.011       0.006       0.009       0.015
    T1_MEQCR        -0.020      -0.017      -0.015      -0.005       0.004       0.006       0.009
    T1_DOB          -0.020       0.013       0.030       0.113       0.199       0.215       0.242
    T1_SEIFA        -0.073      -0.049      -0.037       0.029       0.096       0.109       0.133
    STATE_NSWR      -0.181      -0.142      -0.121      -0.018       0.086       0.105       0.142
    STATE_QLD       -0.099      -0.059      -0.039       0.073       0.186       0.210       0.251
    STATE_WA        -0.112      -0.058      -0.033       0.099       0.233       0.261       0.314

 T2_MEQES ON
    T1_PUB_BIN      -0.268      -0.119      -0.047       0.319       0.668       0.738       0.876
    T1_MEQES         0.431       0.450       0.459       0.507       0.552       0.559       0.577
    T1_SELFCON      -0.052      -0.046      -0.043      -0.025      -0.006      -0.003       0.005
    T1_GSE          -0.039      -0.026      -0.020       0.010       0.040       0.046       0.058
    T1_DOB          -0.538      -0.438      -0.379      -0.099       0.184       0.236       0.353
    T1_SEIFA        -0.372      -0.278      -0.237      -0.024       0.192       0.237       0.314
    STATE_NSWR      -0.713      -0.594      -0.519      -0.148       0.217       0.287       0.426
    STATE_QLD       -0.950      -0.810      -0.735      -0.361       0.008       0.087       0.218
    STATE_WA        -0.339      -0.189      -0.118       0.280       0.685       0.760       0.899

 T2_MEQCR ON
    T1_PUB_BIN      -0.414      -0.201      -0.094       0.465       1.040       1.148       1.369
    T1_MEQCR         0.328       0.351       0.361       0.415       0.467       0.477       0.495
    T1_SELFCON       0.001       0.013       0.019       0.051       0.083       0.089       0.101
    T1_GSE           0.022       0.041       0.051       0.102       0.155       0.165       0.183
    T1_DOB          -0.924      -0.749      -0.658      -0.195       0.272       0.363       0.571
    T1_SEIFA        -0.592      -0.466      -0.395      -0.040       0.329       0.399       0.531
    STATE_NSWR      -0.868      -0.608      -0.480       0.160       0.809       0.927       1.144
    STATE_QLD       -1.583      -1.364      -1.246      -0.640      -0.058       0.045       0.268
    STATE_WA        -1.556      -1.292      -1.144      -0.439       0.282       0.419       0.717

 Intercepts
    T2_MEQES        -0.358      -0.248      -0.202       0.055       0.317       0.374       0.465
    T2_MEQCR        -0.576      -0.417      -0.331       0.094       0.529       0.609       0.780
    T3_PHQ8          3.844       3.961       4.023       4.373       4.734       4.805       4.938
    T3_PROMI        19.420      19.657      19.796      20.522      21.267      21.421      21.689
    T3_SDQEM         1.950       1.998       2.024       2.173       2.322       2.351       2.409
    T1_PHQ8          4.076       4.137       4.165       4.328       4.501       4.533       4.592
    T1_PROMI        20.243      20.372      20.431      20.740      21.085      21.143      21.265
    T1_SDQEM         2.411       2.440       2.456       2.536       2.619       2.635       2.664

 Variances
    F1               1.000       1.000       1.000       1.000       1.000       1.000       1.000

 Residual Variances
    T2_MEQES         9.597       9.869       9.997      10.626      11.430      11.563      11.837
    T2_MEQCR        27.152      27.910      28.275      30.031      32.249      32.640      33.496
    T3_PHQ8         10.031      10.733      11.128      13.257      15.627      16.177      17.012
    T3_PROMI        27.215      29.423      30.500      36.715      43.628      44.955      47.685
    T3_SDQEM         2.331       2.459       2.535       2.915       3.340       3.425       3.583
    T1_PHQ8          8.397       8.799       9.031      10.243      11.695      11.938      12.550
    T1_PROMI        17.642      19.009      19.576      22.810      26.447      27.164      28.518
    T1_SDQEM         2.105       2.208       2.263       2.540       2.854       2.916       3.029
    F3               0.599       0.623       0.635       0.686       0.747       0.756       0.775


CONFIDENCE INTERVALS OF TOTAL, TOTAL INDIRECT, SPECIFIC INDIRECT, AND DIRECT EFFECTS


                  Lower .5%  Lower 2.5%    Lower 5%    Estimate    Upper 5%  Upper 2.5%   Upper .5%

Effects from T1_PUB_B to F3

  Total             -0.145       0.027       0.119       0.606       1.119       1.224       1.413
  Total indirect    -0.026      -0.012      -0.005       0.026       0.086       0.099       0.129

  Specific indirect 1
    F3
    T2_MEQES
    T1_PUB_B        -0.018      -0.004       0.001       0.031       0.092       0.106       0.139

  Specific indirect 2
    F3
    T2_MEQCR
    T1_PUB_B        -0.073      -0.050      -0.041      -0.005       0.008       0.012       0.024

  Direct
    F3
    T1_PUB_B        -0.162       0.005       0.099       0.580       1.100       1.201       1.370



CONFIDENCE INTERVALS OF STANDARDIZED TOTAL, TOTAL INDIRECT, SPECIFIC INDIRECT, AND DIRECT EFFECTS


STDYX Standardization

                  Lower .5%  Lower 2.5%    Lower 5%    Estimate    Upper 5%  Upper 2.5%   Upper .5%

Effects from T1_PUB_B to F3

  Total             -0.014       0.002       0.010       0.055       0.101       0.110       0.127
  Total indirect    -0.002      -0.001       0.000       0.002       0.008       0.009       0.012

  Specific indirect 1
    F3
    T2_MEQES
    T1_PUB_B        -0.002       0.000       0.000       0.003       0.008       0.010       0.012

  Specific indirect 2
    F3
    T2_MEQCR
    T1_PUB_B        -0.007      -0.005      -0.004       0.000       0.001       0.001       0.002

  Direct
    F3
    T1_PUB_B        -0.015       0.000       0.008       0.052       0.099       0.108       0.124



STDY Standardization

                  Lower .5%  Lower 2.5%    Lower 5%    Estimate    Upper 5%  Upper 2.5%   Upper .5%

Effects from T1_PUB_B to F3

  Total             -0.036       0.005       0.026       0.141       0.257       0.282       0.324
  Total indirect    -0.006      -0.003      -0.001       0.006       0.020       0.023       0.030

  Specific indirect 1
    F3
    T2_MEQES
    T1_PUB_B        -0.004      -0.001       0.000       0.007       0.021       0.025       0.031

  Specific indirect 2
    F3
    T2_MEQCR
    T1_PUB_B        -0.017      -0.012      -0.009      -0.001       0.002       0.003       0.006

  Direct
    F3
    T1_PUB_B        -0.040      -0.002       0.021       0.135       0.253       0.276       0.319



STD Standardization

                  Lower .5%  Lower 2.5%    Lower 5%    Estimate    Upper 5%  Upper 2.5%   Upper .5%

Effects from T1_PUB_B to F3

  Total             -0.036       0.005       0.026       0.141       0.257       0.282       0.324
  Total indirect    -0.006      -0.003      -0.001       0.006       0.020       0.023       0.030

  Specific indirect 1
    F3
    T2_MEQES
    T1_PUB_B        -0.004      -0.001       0.000       0.007       0.021       0.025       0.031

  Specific indirect 2
    F3
    T2_MEQCR
    T1_PUB_B        -0.017      -0.012      -0.009      -0.001       0.002       0.003       0.006

  Direct
    F3
    T1_PUB_B        -0.040      -0.002       0.021       0.135       0.253       0.276       0.319




DIAGRAM INFORMATION

  Use View Diagram under the Diagram menu in the Mplus Editor to view the diagram.
  If running Mplus from the Mplus Diagrammer, the diagram opens automatically.

  Diagram output
    d:\onedrive - the university of sydney (staff)\cre\psychiatric epidemiology\papers\pubertal timing and int\model1-ma

     Beginning Time:  12:00:04
        Ending Time:  12:02:55
       Elapsed Time:  00:02:51



MUTHEN & MUTHEN
3463 Stoner Ave.
Los Angeles, CA  90066

Tel: (310) 391-9971
Fax: (310) 391-8971
Web: www.StatModel.com
Support: Support@StatModel.com

Copyright (c) 1998-2022 Muthen & Muthen
