Mplus VERSION 8.8
MUTHEN & MUTHEN
06/11/2025  10:57 AM

INPUT INSTRUCTIONS

  Title: H4L pubertal timing and internalising mediation analysis

  data: file= h4lmed.csv;

  variable: names are id sex trialgrp cluster t1_dob
  t1_phq8 t1_promisa t1_parmon t1_parcon
  t1_meqcr t1_meqes t1_sdqemo t1_pub_cat
  t1_selfcon t1_gse
  t2_meqcr t2_meqes t2_dob t3_phq8 t3_promisa t3_sdqemo t3_dob
  t1_seifa state_nswr state_qld state_wa male female notsay
  t1_pub_bin;

  SUBPOPULATION = male EQ 1;

  usevariables = t1_pub_bin t2_meqes t2_meqcr
  t3_phq8 t3_promisa t3_sdqemo
  t1_phq8 t1_promisa t1_sdqemo
  t1_dob
  t1_selfcon t1_gse
  t1_meqcr t1_meqes
  t1_seifa
  state_nswr state_qld state_wa;

  missing = .;

  cluster=cluster;

  DEFINE: CENTER t2_meqes t2_meqcr t1_dob t1_seifa
              t1_selfcon t1_gse t1_meqes
              t1_meqcr(GRANDMEAN);

  ANALYSIS: estimator=mlr; type=complex;


  model:
  f3 by t3_phq8 t3_promisa t3_sdqemo;
  f1 by t1_phq8 t1_promisa t1_sdqemo;

  t2_meqes on t1_pub_bin t1_meqes t1_selfcon t1_gse
      t1_dob t1_seifa state_nswr state_qld state_wa;
  t2_meqcr on t1_pub_bin t1_meqcr t1_selfcon t1_gse
      t1_dob t1_seifa state_nswr state_qld state_wa;

  f3 on t1_pub_bin t2_meqes t2_meqcr f1 t1_selfcon t1_gse
   t1_meqes t1_meqcr t1_dob t1_seifa
  state_nswr state_qld state_wa;

  model indirect:
  f3 ind t1_pub_bin;

  output: standardized; cinterval;



*** WARNING in VARIABLE command
  Note that only the first 8 characters of variable names are used in the output.
  Shorten variable names to avoid any confusion.
*** WARNING
  Data set contains cases with missing on x-variables.
  These cases were not included in the analysis.
  Number of cases with missing on x-variables:  2243
   2 WARNING(S) FOUND IN THE INPUT INSTRUCTIONS



H4L pubertal timing and internalising mediation analysis

SUMMARY OF ANALYSIS

Number of groups                                                 1
Number of observations                                        2213

Number of dependent variables                                    8
Number of independent variables                                 10
Number of continuous latent variables                            2

Observed dependent variables

  Continuous
   T2_MEQES    T2_MEQCR    T3_PHQ8     T3_PROMISA  T3_SDQEMO   T1_PHQ8
   T1_PROMISA  T1_SDQEMO

Observed independent variables
   T1_PUB_B    T1_DOB      T1_SELFC    T1_GSE      T1_MEQCR    T1_MEQES
   T1_SEIFA    STATE_NS    STATE_QL    STATE_WA

Continuous latent variables
   F3          F1

Variables with special functions

  Cluster variable      CLUSTER

  Centering (GRANDMEAN)
   T2_MEQES    T2_MEQCR    T1_DOB      T1_SEIFA    T1_SELFC    T1_GSE
   T1_MEQES    T1_MEQCR


Estimator                                                      MLR
Information matrix                                        OBSERVED
Maximum number of iterations                                  1000
Convergence criterion                                    0.500D-04
Maximum number of steepest descent iterations                   20
Maximum number of iterations for H1                           2000
Convergence criterion for H1                             0.100D-03

Input data file(s)
  h4lmed.csv

Input data format  FREE


SUMMARY OF DATA

     Number of missing data patterns            22
     Number of clusters                         62




UNIVARIATE SAMPLE STATISTICS


     UNIVARIATE HIGHER-ORDER MOMENT DESCRIPTIVE STATISTICS

         Variable/         Mean/     Skewness/   Minimum/ % with                Percentiles
        Sample Size      Variance    Kurtosis    Maximum  Min/Max      20%/60%    40%/80%    Median

     T2_MEQES              0.000       0.108      -7.252    5.99%      -3.252     -0.252     -0.252
            1737.000      13.648      -0.083       8.748    2.99%       0.748      2.748
     T2_MEQCR              0.000      -0.381     -13.623    5.59%      -3.623     -1.623      0.377
            1734.000      36.607      -0.098      10.377    7.73%       1.377      4.377
     T3_PHQ8               4.529       1.770       0.000   29.98%       0.000      1.000      3.000
            1751.000      32.608       2.884      24.000    2.74%       4.000      8.000
     T3_PROMISA           20.894       2.098      13.000   29.99%      13.000     15.000     16.000
            1744.000     125.254       4.580      65.000    2.24%      18.000     26.000
     T3_SDQEMO             2.255       1.204       0.000   31.32%       0.000      1.000      1.000
            1673.000       6.067       0.889      10.000    1.91%       2.000      4.000
     T1_PHQ8               4.324       1.708       0.000   23.40%       0.000      2.000      3.000
            2201.000      23.275       3.238      24.000    0.91%       4.000      7.000
     T1_PROMISA           20.741       1.746      13.000   22.56%      13.000     16.000     17.000
            2212.000      84.110       3.575      65.000    0.32%      20.000     27.000
     T1_SDQEMO             2.535       0.956       0.000   21.77%       0.000      1.000      2.000
            2209.000       5.321       0.458      10.000    1.04%       3.000      4.000
     T1_PUB_BIN            0.186       1.616       0.000   81.43%       0.000      0.000      0.000
            2213.000       0.151       0.613       1.000   18.57%       0.000      0.000
     T1_DOB                0.000      -0.556      -1.694    0.09%      -0.694      0.306      0.306
            2213.000       0.238      -0.864       1.306    1.17%       0.306      0.306
     T1_SELFCON            0.000      -0.145     -30.324    0.05%      -6.324     -2.324     -0.324
            2213.000      65.607      -0.068      20.676    0.36%       2.676      6.676
     T1_GSE                0.000      -0.779     -19.295    2.03%      -3.295     -0.295      0.705
            2213.000      33.310       1.666      10.705    2.76%       0.705      4.705
     T1_MEQCR              0.000      -0.463     -14.228    2.39%      -3.228     -1.228     -0.228
            2213.000      26.116       0.420       9.772    4.29%       1.772      3.772
     T1_MEQES              0.000       0.125      -7.597    2.39%      -2.597     -0.597      0.403
            2213.000      10.742       0.151       8.403    1.90%       0.403      2.403
     T1_SEIFA              0.000      -0.375      -1.313    9.40%      -0.313     -0.313     -0.313
            2213.000       0.403      -0.692       0.687   40.67%       0.687      0.687
     STATE_NSWR            0.234       1.259       0.000   76.64%       0.000      0.000      0.000
            2213.000       0.179      -0.415       1.000   23.36%       0.000      1.000
     STATE_QLD             0.272       1.022       0.000   72.75%       0.000      0.000      0.000
            2213.000       0.198      -0.955       1.000   27.25%       0.000      1.000
     STATE_WA              0.156       1.897       0.000   84.41%       0.000      0.000      0.000
            2213.000       0.132       1.599       1.000   15.59%       0.000      0.000


THE MODEL ESTIMATION TERMINATED NORMALLY



MODEL FIT INFORMATION

Number of Free Parameters                       53

Loglikelihood

          H0 Value                      -43293.783
          H0 Scaling Correction Factor      1.7045
            for MLR
          H1 Value                      -42515.992
          H1 Scaling Correction Factor      1.4289
            for MLR

Information Criteria

          Akaike (AIC)                   86693.566
          Bayesian (BIC)                 86995.777
          Sample-Size Adjusted BIC       86827.388
            (n* = (n + 2) / 24)

Chi-Square Test of Model Fit

          Value                           1271.840*
          Degrees of Freedom                    71
          P-Value                           0.0000
          Scaling Correction Factor         1.2231
            for MLR

*   The chi-square value for MLM, MLMV, MLR, ULSMV, WLSM and WLSMV cannot be used
    for chi-square difference testing in the regular way.  MLM, MLR and WLSM
    chi-square difference testing is described on the Mplus website.  MLMV, WLSMV,
    and ULSMV difference testing is done using the DIFFTEST option.

RMSEA (Root Mean Square Error Of Approximation)

          Estimate                           0.087
          90 Percent C.I.                    0.083  0.092
          Probability RMSEA <= .05           0.000

CFI/TLI

          CFI                                0.774
          TLI                                0.657

Chi-Square Test of Model Fit for the Baseline Model

          Value                           5432.390
          Degrees of Freedom                   108
          P-Value                           0.0000

SRMR (Standardized Root Mean Square Residual)

          Value                              0.105



MODEL RESULTS

                                                    Two-Tailed
                    Estimate       S.E.  Est./S.E.    P-Value

 F3       BY
    T3_PHQ8            1.000      0.000    999.000    999.000
    T3_PROMISA         2.133      0.080     26.622      0.000
    T3_SDQEMO          0.400      0.026     15.203      0.000

 F1       BY
    T1_PHQ8            1.000      0.000    999.000    999.000
    T1_PROMISA         2.169      0.088     24.770      0.000
    T1_SDQEMO          0.462      0.021     21.564      0.000

 F3       ON
    F1                 0.624      0.047     13.227      0.000

 F3       ON
    T1_PUB_BIN         0.580      0.344      1.685      0.092
    T2_MEQES           0.097      0.033      2.894      0.004
    T2_MEQCR          -0.010      0.022     -0.460      0.646
    T1_SELFCON        -0.070      0.017     -4.206      0.000
    T1_GSE            -0.018      0.022     -0.811      0.417
    T1_MEQES          -0.047      0.037     -1.293      0.196
    T1_MEQCR          -0.022      0.025     -0.915      0.360
    T1_DOB             0.488      0.212      2.301      0.021
    T1_SEIFA           0.123      0.171      0.718      0.473
    STATE_NSWR        -0.079      0.340     -0.232      0.817
    STATE_QLD          0.315      0.265      1.189      0.235
    STATE_WA           0.427      0.461      0.926      0.354

 T2_MEQES ON
    T1_PUB_BIN         0.319      0.202      1.578      0.115
    T1_MEQES           0.507      0.030     16.828      0.000
    T1_SELFCON        -0.025      0.010     -2.489      0.013
    T1_GSE             0.010      0.016      0.616      0.538
    T1_DOB            -0.099      0.169     -0.585      0.559
    T1_SEIFA          -0.024      0.114     -0.214      0.831
    STATE_NSWR        -0.148      0.239     -0.617      0.537
    STATE_QLD         -0.361      0.231     -1.558      0.119
    STATE_WA           0.280      0.265      1.054      0.292

 T2_MEQCR ON
    T1_PUB_BIN         0.465      0.312      1.489      0.136
    T1_MEQCR           0.415      0.039     10.607      0.000
    T1_SELFCON         0.051      0.018      2.900      0.004
    T1_GSE             0.102      0.030      3.348      0.001
    T1_DOB            -0.195      0.255     -0.764      0.445
    T1_SEIFA          -0.040      0.200     -0.198      0.843
    STATE_NSWR         0.160      0.461      0.347      0.729
    STATE_QLD         -0.640      0.336     -1.906      0.057
    STATE_WA          -0.439      0.457     -0.960      0.337

 Intercepts
    T2_MEQES           0.055      0.204      0.271      0.786
    T2_MEQCR           0.094      0.266      0.351      0.725
    T3_PHQ8            4.373      0.241     18.181      0.000
    T3_PROMISA        20.522      0.493     41.608      0.000
    T3_SDQEMO          2.173      0.086     25.237      0.000
    T1_PHQ8            4.328      0.161     26.875      0.000
    T1_PROMISA        20.740      0.275     75.396      0.000
    T1_SDQEMO          2.536      0.065     39.180      0.000

 Variances
    F1                13.021      1.110     11.728      0.000

 Residual Variances
    T2_MEQES          10.626      0.568     18.713      0.000
    T2_MEQCR          30.031      1.558     19.270      0.000
    T3_PHQ8           13.257      1.454      9.118      0.000
    T3_PROMISA        36.715      4.915      7.470      0.000
    T3_SDQEMO          2.915      0.230     12.682      0.000
    T1_PHQ8           10.243      0.915     11.190      0.000
    T1_PROMISA        22.810      2.047     11.143      0.000
    T1_SDQEMO          2.540      0.157     16.214      0.000
    F3                12.695      1.487      8.534      0.000


QUALITY OF NUMERICAL RESULTS

     Condition Number for the Information Matrix              0.230E-03
       (ratio of smallest to largest eigenvalue)


STANDARDIZED MODEL RESULTS


STDYX Standardization

                                                    Two-Tailed
                    Estimate       S.E.  Est./S.E.    P-Value

 F3       BY
    T3_PHQ8            0.763      0.026     29.417      0.000
    T3_PROMISA         0.835      0.020     40.741      0.000
    T3_SDQEMO          0.710      0.027     26.567      0.000

 F1       BY
    T1_PHQ8            0.748      0.019     40.259      0.000
    T1_PROMISA         0.854      0.016     52.167      0.000
    T1_SDQEMO          0.723      0.024     29.729      0.000

 F3       ON
    F1                 0.523      0.038     13.808      0.000

 F3       ON
    T1_PUB_BIN         0.052      0.031      1.679      0.093
    T2_MEQES           0.083      0.028      2.948      0.003
    T2_MEQCR          -0.015      0.032     -0.460      0.645
    T1_SELFCON        -0.132      0.030     -4.459      0.000
    T1_GSE            -0.024      0.030     -0.804      0.421
    T1_MEQES          -0.036      0.027     -1.310      0.190
    T1_MEQCR          -0.027      0.029     -0.922      0.357
    T1_DOB             0.055      0.023      2.382      0.017
    T1_SEIFA           0.018      0.025      0.723      0.470
    STATE_NSWR        -0.008      0.034     -0.232      0.817
    STATE_QLD          0.033      0.027      1.192      0.233
    STATE_WA           0.036      0.039      0.934      0.350

 T2_MEQES ON
    T1_PUB_BIN         0.034      0.021      1.581      0.114
    T1_MEQES           0.450      0.029     15.543      0.000
    T1_SELFCON        -0.054      0.022     -2.477      0.013
    T1_GSE             0.015      0.025      0.617      0.537
    T1_DOB            -0.013      0.022     -0.585      0.558
    T1_SEIFA          -0.004      0.020     -0.214      0.831
    STATE_NSWR        -0.017      0.027     -0.616      0.538
    STATE_QLD         -0.043      0.028     -1.534      0.125
    STATE_WA           0.027      0.026      1.045      0.296

 T2_MEQCR ON
    T1_PUB_BIN         0.030      0.020      1.488      0.137
    T1_MEQCR           0.351      0.034     10.406      0.000
    T1_SELFCON         0.069      0.024      2.873      0.004
    T1_GSE             0.097      0.029      3.352      0.001
    T1_DOB            -0.016      0.020     -0.766      0.444
    T1_SEIFA          -0.004      0.021     -0.198      0.843
    STATE_NSWR         0.011      0.032      0.346      0.729
    STATE_QLD         -0.047      0.025     -1.870      0.061
    STATE_WA          -0.026      0.028     -0.955      0.339

 Intercepts
    T2_MEQES           0.015      0.055      0.271      0.786
    T2_MEQCR           0.015      0.044      0.351      0.725
    T3_PHQ8            0.776      0.041     18.759      0.000
    T3_PROMISA         1.866      0.071     26.424      0.000
    T3_SDQEMO          0.897      0.036     24.690      0.000
    T1_PHQ8            0.897      0.021     42.968      0.000
    T1_PROMISA         2.262      0.054     41.935      0.000
    T1_SDQEMO          1.099      0.022     50.105      0.000

 Variances
    F1                 1.000      0.000    999.000    999.000

 Residual Variances
    T2_MEQES           0.780      0.026     29.461      0.000
    T2_MEQCR           0.821      0.025     32.898      0.000
    T3_PHQ8            0.417      0.040     10.534      0.000
    T3_PROMISA         0.304      0.034      8.879      0.000
    T3_SDQEMO          0.496      0.038     13.093      0.000
    T1_PHQ8            0.440      0.028     15.835      0.000
    T1_PROMISA         0.271      0.028      9.709      0.000
    T1_SDQEMO          0.477      0.035     13.560      0.000
    F3                 0.686      0.032     21.238      0.000


STDY Standardization

                                                    Two-Tailed
                    Estimate       S.E.  Est./S.E.    P-Value

 F3       BY
    T3_PHQ8            0.763      0.026     29.417      0.000
    T3_PROMISA         0.835      0.020     40.741      0.000
    T3_SDQEMO          0.710      0.027     26.567      0.000

 F1       BY
    T1_PHQ8            0.748      0.019     40.259      0.000
    T1_PROMISA         0.854      0.016     52.167      0.000
    T1_SDQEMO          0.723      0.024     29.729      0.000

 F3       ON
    F1                 0.523      0.038     13.808      0.000

 F3       ON
    T1_PUB_BIN         0.135      0.080      1.680      0.093
    T2_MEQES           0.083      0.028      2.948      0.003
    T2_MEQCR          -0.015      0.032     -0.460      0.645
    T1_SELFCON        -0.016      0.004     -4.466      0.000
    T1_GSE            -0.004      0.005     -0.805      0.421
    T1_MEQES          -0.011      0.008     -1.311      0.190
    T1_MEQCR          -0.005      0.006     -0.922      0.357
    T1_DOB             0.113      0.048      2.385      0.017
    T1_SEIFA           0.029      0.039      0.726      0.468
    STATE_NSWR        -0.018      0.079     -0.232      0.817
    STATE_QLD          0.073      0.061      1.202      0.229
    STATE_WA           0.099      0.106      0.940      0.347

 T2_MEQES ON
    T1_PUB_BIN         0.086      0.055      1.582      0.114
    T1_MEQES           0.137      0.009     15.991      0.000
    T1_SELFCON        -0.007      0.003     -2.478      0.013
    T1_GSE             0.003      0.004      0.617      0.537
    T1_DOB            -0.027      0.046     -0.585      0.558
    T1_SEIFA          -0.007      0.031     -0.214      0.831
    STATE_NSWR        -0.040      0.065     -0.617      0.537
    STATE_QLD         -0.098      0.063     -1.554      0.120
    STATE_WA           0.076      0.072      1.053      0.292

 T2_MEQCR ON
    T1_PUB_BIN         0.077      0.052      1.489      0.137
    T1_MEQCR           0.069      0.007     10.536      0.000
    T1_SELFCON         0.009      0.003      2.875      0.004
    T1_GSE             0.017      0.005      3.362      0.001
    T1_DOB            -0.032      0.042     -0.766      0.444
    T1_SEIFA          -0.007      0.033     -0.199      0.843
    STATE_NSWR         0.026      0.076      0.346      0.729
    STATE_QLD         -0.106      0.055     -1.908      0.056
    STATE_WA          -0.072      0.075     -0.962      0.336

 Intercepts
    T2_MEQES           0.015      0.055      0.271      0.786
    T2_MEQCR           0.015      0.044      0.351      0.725
    T3_PHQ8            0.776      0.041     18.759      0.000
    T3_PROMISA         1.866      0.071     26.424      0.000
    T3_SDQEMO          0.897      0.036     24.690      0.000
    T1_PHQ8            0.897      0.021     42.968      0.000
    T1_PROMISA         2.262      0.054     41.935      0.000
    T1_SDQEMO          1.099      0.022     50.105      0.000

 Variances
    F1                 1.000      0.000    999.000    999.000

 Residual Variances
    T2_MEQES           0.780      0.026     29.461      0.000
    T2_MEQCR           0.821      0.025     32.898      0.000
    T3_PHQ8            0.417      0.040     10.534      0.000
    T3_PROMISA         0.304      0.034      8.879      0.000
    T3_SDQEMO          0.496      0.038     13.093      0.000
    T1_PHQ8            0.440      0.028     15.835      0.000
    T1_PROMISA         0.271      0.028      9.709      0.000
    T1_SDQEMO          0.477      0.035     13.560      0.000
    F3                 0.686      0.032     21.238      0.000


STD Standardization

                                                    Two-Tailed
                    Estimate       S.E.  Est./S.E.    P-Value

 F3       BY
    T3_PHQ8            4.302      0.215     19.997      0.000
    T3_PROMISA         9.178      0.387     23.721      0.000
    T3_SDQEMO          1.720      0.082     20.920      0.000

 F1       BY
    T1_PHQ8            3.608      0.154     23.455      0.000
    T1_PROMISA         7.828      0.354     22.090      0.000
    T1_SDQEMO          1.669      0.078     21.288      0.000

 F3       ON
    F1                 0.523      0.038     13.808      0.000

 F3       ON
    T1_PUB_BIN         0.135      0.080      1.680      0.093
    T2_MEQES           0.023      0.008      2.948      0.003
    T2_MEQCR          -0.002      0.005     -0.461      0.645
    T1_SELFCON        -0.016      0.004     -4.466      0.000
    T1_GSE            -0.004      0.005     -0.805      0.421
    T1_MEQES          -0.011      0.008     -1.311      0.190
    T1_MEQCR          -0.005      0.006     -0.922      0.357
    T1_DOB             0.113      0.048      2.385      0.017
    T1_SEIFA           0.029      0.039      0.726      0.468
    STATE_NSWR        -0.018      0.079     -0.232      0.817
    STATE_QLD          0.073      0.061      1.202      0.229
    STATE_WA           0.099      0.106      0.940      0.347

 T2_MEQES ON
    T1_PUB_BIN         0.319      0.202      1.578      0.115
    T1_MEQES           0.507      0.030     16.828      0.000
    T1_SELFCON        -0.025      0.010     -2.489      0.013
    T1_GSE             0.010      0.016      0.616      0.538
    T1_DOB            -0.099      0.169     -0.585      0.559
    T1_SEIFA          -0.024      0.114     -0.214      0.831
    STATE_NSWR        -0.148      0.239     -0.617      0.537
    STATE_QLD         -0.361      0.231     -1.558      0.119
    STATE_WA           0.280      0.265      1.054      0.292

 T2_MEQCR ON
    T1_PUB_BIN         0.465      0.312      1.489      0.136
    T1_MEQCR           0.415      0.039     10.607      0.000
    T1_SELFCON         0.051      0.018      2.900      0.004
    T1_GSE             0.102      0.030      3.348      0.001
    T1_DOB            -0.195      0.255     -0.764      0.445
    T1_SEIFA          -0.040      0.200     -0.198      0.843
    STATE_NSWR         0.160      0.461      0.347      0.729
    STATE_QLD         -0.640      0.336     -1.906      0.057
    STATE_WA          -0.439      0.457     -0.960      0.337

 Intercepts
    T2_MEQES           0.055      0.204      0.271      0.786
    T2_MEQCR           0.094      0.266      0.351      0.725
    T3_PHQ8            4.373      0.241     18.181      0.000
    T3_PROMISA        20.522      0.493     41.608      0.000
    T3_SDQEMO          2.173      0.086     25.237      0.000
    T1_PHQ8            4.328      0.161     26.875      0.000
    T1_PROMISA        20.740      0.275     75.396      0.000
    T1_SDQEMO          2.536      0.065     39.180      0.000

 Variances
    F1                 1.000      0.000    999.000    999.000

 Residual Variances
    T2_MEQES          10.626      0.568     18.713      0.000
    T2_MEQCR          30.031      1.558     19.270      0.000
    T3_PHQ8           13.257      1.454      9.118      0.000
    T3_PROMISA        36.715      4.915      7.470      0.000
    T3_SDQEMO          2.915      0.230     12.682      0.000
    T1_PHQ8           10.243      0.915     11.190      0.000
    T1_PROMISA        22.810      2.047     11.143      0.000
    T1_SDQEMO          2.540      0.157     16.214      0.000
    F3                 0.686      0.032     21.238      0.000


R-SQUARE

    Observed                                        Two-Tailed
    Variable        Estimate       S.E.  Est./S.E.    P-Value

    T2_MEQES           0.220      0.026      8.308      0.000
    T2_MEQCR           0.179      0.025      7.187      0.000
    T3_PHQ8            0.583      0.040     14.709      0.000
    T3_PROMI           0.696      0.034     20.370      0.000
    T3_SDQEM           0.504      0.038     13.284      0.000
    T1_PHQ8            0.560      0.028     20.129      0.000
    T1_PROMI           0.729      0.028     26.083      0.000
    T1_SDQEM           0.523      0.035     14.864      0.000

     Latent                                         Two-Tailed
    Variable        Estimate       S.E.  Est./S.E.    P-Value

    F3                 0.314      0.032      9.727      0.000


TOTAL, TOTAL INDIRECT, SPECIFIC INDIRECT, AND DIRECT EFFECTS


                                                    Two-Tailed
                    Estimate       S.E.  Est./S.E.    P-Value

Effects from T1_PUB_B to F3

  Total                0.606      0.351      1.727      0.084
  Total indirect       0.026      0.022      1.173      0.241

  Specific indirect 1
    F3
    T2_MEQES
    T1_PUB_B           0.031      0.022      1.401      0.161

  Specific indirect 2
    F3
    T2_MEQCR
    T1_PUB_B          -0.005      0.010     -0.466      0.641

  Direct
    F3
    T1_PUB_B           0.580      0.344      1.685      0.092



STANDARDIZED TOTAL, TOTAL INDIRECT, SPECIFIC INDIRECT, AND DIRECT EFFECTS


STDYX Standardization

                                                    Two-Tailed
                    Estimate       S.E.  Est./S.E.    P-Value

Effects from T1_PUB_B to F3

  Total                0.055      0.032      1.721      0.085
  Total indirect       0.002      0.002      1.173      0.241

  Specific indirect 1
    F3
    T2_MEQES
    T1_PUB_B           0.003      0.002      1.405      0.160

  Specific indirect 2
    F3
    T2_MEQCR
    T1_PUB_B           0.000      0.001     -0.467      0.640

  Direct
    F3
    T1_PUB_B           0.052      0.031      1.679      0.093



STDY Standardization

                                                    Two-Tailed
                    Estimate       S.E.  Est./S.E.    P-Value

Effects from T1_PUB_B to F3

  Total                0.141      0.082      1.722      0.085
  Total indirect       0.006      0.005      1.174      0.241

  Specific indirect 1
    F3
    T2_MEQES
    T1_PUB_B           0.007      0.005      1.406      0.160

  Specific indirect 2
    F3
    T2_MEQCR
    T1_PUB_B          -0.001      0.002     -0.467      0.640

  Direct
    F3
    T1_PUB_B           0.135      0.080      1.680      0.093



STD Standardization

                                                    Two-Tailed
                    Estimate       S.E.  Est./S.E.    P-Value

Effects from T1_PUB_B to F3

  Total                0.141      0.082      1.722      0.085
  Total indirect       0.006      0.005      1.174      0.241

  Specific indirect 1
    F3
    T2_MEQES
    T1_PUB_B           0.007      0.005      1.406      0.160

  Specific indirect 2
    F3
    T2_MEQCR
    T1_PUB_B          -0.001      0.002     -0.467      0.640

  Direct
    F3
    T1_PUB_B           0.135      0.080      1.680      0.093




CONFIDENCE INTERVALS OF MODEL RESULTS

                  Lower .5%  Lower 2.5%    Lower 5%    Estimate    Upper 5%  Upper 2.5%   Upper .5%

 F3       BY
    T3_PHQ8          1.000       1.000       1.000       1.000       1.000       1.000       1.000
    T3_PROMISA       1.927       1.976       2.001       2.133       2.265       2.290       2.340
    T3_SDQEMO        0.332       0.348       0.356       0.400       0.443       0.451       0.467

 F1       BY
    T1_PHQ8          1.000       1.000       1.000       1.000       1.000       1.000       1.000
    T1_PROMISA       1.944       1.998       2.025       2.169       2.313       2.341       2.395
    T1_SDQEMO        0.407       0.420       0.427       0.462       0.498       0.504       0.518

 F3       ON
    F1               0.502       0.531       0.546       0.624       0.701       0.716       0.745

 F3       ON
    T1_PUB_BIN      -0.307      -0.095       0.014       0.580       1.146       1.255       1.467
    T2_MEQES         0.011       0.031       0.042       0.097       0.152       0.162       0.183
    T2_MEQCR        -0.068      -0.054      -0.047      -0.010       0.027       0.034       0.048
    T1_SELFCON      -0.113      -0.102      -0.097      -0.070      -0.043      -0.037      -0.027
    T1_GSE          -0.074      -0.061      -0.054      -0.018       0.018       0.025       0.039
    T1_MEQES        -0.141      -0.119      -0.107      -0.047       0.013       0.024       0.047
    T1_MEQCR        -0.086      -0.071      -0.063      -0.022       0.018       0.026       0.041
    T1_DOB          -0.058       0.072       0.139       0.488       0.837       0.904       1.034
    T1_SEIFA        -0.318      -0.213      -0.159       0.123       0.405       0.459       0.564
    STATE_NSWR      -0.956      -0.746      -0.639      -0.079       0.481       0.588       0.798
    STATE_QLD       -0.367      -0.204      -0.121       0.315       0.751       0.834       0.997
    STATE_WA        -0.761      -0.477      -0.331       0.427       1.186       1.331       1.615

 T2_MEQES ON
    T1_PUB_BIN      -0.202      -0.077      -0.014       0.319       0.652       0.716       0.840
    T1_MEQES         0.429       0.448       0.457       0.507       0.557       0.566       0.585
    T1_SELFCON      -0.050      -0.044      -0.041      -0.025      -0.008      -0.005       0.001
    T1_GSE          -0.031      -0.021      -0.016       0.010       0.036       0.041       0.051
    T1_DOB          -0.534      -0.430      -0.377      -0.099       0.179       0.232       0.336
    T1_SEIFA        -0.318      -0.248      -0.212      -0.024       0.163       0.199       0.269
    STATE_NSWR      -0.765      -0.617      -0.542      -0.148       0.246       0.322       0.469
    STATE_QLD       -0.957      -0.814      -0.741      -0.361       0.020       0.093       0.236
    STATE_WA        -0.404      -0.240      -0.157       0.280       0.716       0.800       0.963

 T2_MEQCR ON
    T1_PUB_BIN      -0.339      -0.147      -0.049       0.465       0.978       1.076       1.269
    T1_MEQCR         0.315       0.339       0.351       0.415       0.480       0.492       0.516
    T1_SELFCON       0.006       0.017       0.022       0.051       0.081       0.086       0.097
    T1_GSE           0.023       0.042       0.052       0.102       0.152       0.161       0.180
    T1_DOB          -0.850      -0.693      -0.613      -0.195       0.224       0.304       0.461
    T1_SEIFA        -0.554      -0.431      -0.368      -0.040       0.289       0.352       0.475
    STATE_NSWR      -1.028      -0.744      -0.599       0.160       0.919       1.064       1.348
    STATE_QLD       -1.505      -1.298      -1.192      -0.640      -0.088       0.018       0.225
    STATE_WA        -1.615      -1.334      -1.190      -0.439       0.313       0.457       0.738

 Intercepts
    T2_MEQES        -0.470      -0.345      -0.280       0.055       0.391       0.455       0.581
    T2_MEQCR        -0.592      -0.428      -0.344       0.094       0.531       0.615       0.779
    T3_PHQ8          3.753       3.901       3.977       4.373       4.768       4.844       4.992
    T3_PROMI        19.252      19.555      19.711      20.522      21.333      21.489      21.792
    T3_SDQEM         1.951       2.004       2.031       2.173       2.315       2.342       2.395
    T1_PHQ8          3.913       4.012       4.063       4.328       4.593       4.643       4.742
    T1_PROMI        20.032      20.201      20.288      20.740      21.193      21.280      21.449
    T1_SDQEM         2.369       2.409       2.429       2.536       2.642       2.663       2.702

 Variances
    F1              10.161      10.845      11.195      13.021      14.847      15.197      15.881

 Residual Variances
    T2_MEQES         9.164       9.513       9.692      10.626      11.560      11.739      12.089
    T2_MEQCR        26.017      26.977      27.468      30.031      32.595      33.086      34.046
    T3_PHQ8          9.512      10.407      10.865      13.257      15.648      16.106      17.002
    T3_PROMI        24.055      27.082      28.630      36.715      44.800      46.348      49.375
    T3_SDQEM         2.323       2.465       2.537       2.915       3.293       3.366       3.507
    T1_PHQ8          7.885       8.449       8.737      10.243      11.749      12.037      12.601
    T1_PROMI        17.537      18.798      19.442      22.810      26.177      26.822      28.082
    T1_SDQEM         2.136       2.233       2.282       2.540       2.797       2.847       2.943
    F3               8.863       9.779      10.248      12.695      15.142      15.610      16.526


CONFIDENCE INTERVALS OF STANDARDIZED MODEL RESULTS


STDYX Standardization

                  Lower .5%  Lower 2.5%    Lower 5%    Estimate    Upper 5%  Upper 2.5%   Upper .5%

 F3       BY
    T3_PHQ8          0.696       0.712       0.721       0.763       0.806       0.814       0.830
    T3_PROMISA       0.782       0.794       0.801       0.835       0.868       0.875       0.887
    T3_SDQEMO        0.641       0.657       0.666       0.710       0.754       0.762       0.778

 F1       BY
    T1_PHQ8          0.700       0.712       0.718       0.748       0.779       0.785       0.796
    T1_PROMISA       0.812       0.822       0.827       0.854       0.881       0.886       0.896
    T1_SDQEMO        0.660       0.675       0.683       0.723       0.763       0.771       0.786

 F3       ON
    F1               0.425       0.449       0.461       0.523       0.585       0.597       0.621

 F3       ON
    T1_PUB_BIN      -0.028      -0.009       0.001       0.052       0.104       0.114       0.133
    T2_MEQES         0.010       0.028       0.037       0.083       0.129       0.138       0.156
    T2_MEQCR        -0.096      -0.076      -0.067      -0.015       0.037       0.047       0.067
    T1_SELFCON      -0.208      -0.189      -0.180      -0.132      -0.083      -0.074      -0.056
    T1_GSE          -0.100      -0.082      -0.072      -0.024       0.025       0.034       0.052
    T1_MEQES        -0.107      -0.090      -0.081      -0.036       0.009       0.018       0.035
    T1_MEQCR        -0.101      -0.083      -0.074      -0.027       0.021       0.030       0.048
    T1_DOB          -0.004       0.010       0.017       0.055       0.094       0.101       0.115
    T1_SEIFA        -0.047      -0.031      -0.023       0.018       0.059       0.067       0.083
    STATE_NSWR      -0.094      -0.073      -0.063      -0.008       0.047       0.058       0.079
    STATE_QLD       -0.038      -0.021      -0.012       0.033       0.078       0.086       0.103
    STATE_WA        -0.063      -0.040      -0.027       0.036       0.099       0.112       0.135

 T2_MEQES ON
    T1_PUB_BIN      -0.021      -0.008      -0.001       0.034       0.069       0.075       0.088
    T1_MEQES         0.376       0.393       0.403       0.450       0.498       0.507       0.525
    T1_SELFCON      -0.111      -0.097      -0.090      -0.054      -0.018      -0.011       0.002
    T1_GSE          -0.049      -0.033      -0.026       0.015       0.056       0.064       0.079
    T1_DOB          -0.070      -0.057      -0.050      -0.013       0.024       0.031       0.044
    T1_SEIFA        -0.055      -0.043      -0.036      -0.004       0.028       0.034       0.046
    STATE_NSWR      -0.088      -0.071      -0.062      -0.017       0.028       0.037       0.054
    STATE_QLD       -0.117      -0.099      -0.090      -0.043       0.003       0.012       0.030
    STATE_WA        -0.040      -0.024      -0.016       0.027       0.071       0.079       0.095

 T2_MEQCR ON
    T1_PUB_BIN      -0.022      -0.009      -0.003       0.030       0.063       0.069       0.082
    T1_MEQCR         0.264       0.285       0.295       0.351       0.406       0.417       0.438
    T1_SELFCON       0.007       0.022       0.029       0.069       0.108       0.116       0.131
    T1_GSE           0.022       0.040       0.049       0.097       0.145       0.154       0.172
    T1_DOB          -0.068      -0.056      -0.049      -0.016       0.018       0.024       0.037
    T1_SEIFA        -0.058      -0.045      -0.039      -0.004       0.030       0.037       0.050
    STATE_NSWR      -0.072      -0.052      -0.042       0.011       0.064       0.075       0.094
    STATE_QLD       -0.112      -0.096      -0.089      -0.047      -0.006       0.002       0.018
    STATE_WA        -0.097      -0.080      -0.072      -0.026       0.019       0.028       0.045

 Intercepts
    T2_MEQES        -0.127      -0.093      -0.076       0.015       0.106       0.123       0.157
    T2_MEQCR        -0.098      -0.071      -0.057       0.015       0.088       0.102       0.129
    T3_PHQ8          0.669       0.695       0.708       0.776       0.844       0.857       0.882
    T3_PROMI         1.684       1.728       1.750       1.866       1.982       2.004       2.048
    T3_SDQEM         0.803       0.825       0.837       0.897       0.956       0.968       0.990
    T1_PHQ8          0.843       0.856       0.863       0.897       0.932       0.938       0.951
    T1_PROMI         2.123       2.156       2.173       2.262       2.350       2.367       2.401
    T1_SDQEM         1.043       1.056       1.063       1.099       1.135       1.142       1.155

 Variances
    F1               1.000       1.000       1.000       1.000       1.000       1.000       1.000

 Residual Variances
    T2_MEQES         0.712       0.728       0.736       0.780       0.824       0.832       0.848
    T2_MEQCR         0.756       0.772       0.780       0.821       0.862       0.870       0.885
    T3_PHQ8          0.315       0.340       0.352       0.417       0.482       0.495       0.519
    T3_PROMI         0.216       0.237       0.247       0.304       0.360       0.371       0.392
    T3_SDQEM         0.399       0.422       0.434       0.496       0.559       0.571       0.594
    T1_PHQ8          0.369       0.386       0.395       0.440       0.486       0.495       0.512
    T1_PROMI         0.199       0.216       0.225       0.271       0.317       0.326       0.343
    T1_SDQEM         0.386       0.408       0.419       0.477       0.535       0.546       0.568
    F3               0.603       0.623       0.633       0.686       0.739       0.749       0.769


STDY Standardization

                  Lower .5%  Lower 2.5%    Lower 5%    Estimate    Upper 5%  Upper 2.5%   Upper .5%

 F3       BY
    T3_PHQ8          0.696       0.712       0.721       0.763       0.806       0.814       0.830
    T3_PROMISA       0.782       0.794       0.801       0.835       0.868       0.875       0.887
    T3_SDQEMO        0.641       0.657       0.666       0.710       0.754       0.762       0.778

 F1       BY
    T1_PHQ8          0.700       0.712       0.718       0.748       0.779       0.785       0.796
    T1_PROMISA       0.812       0.822       0.827       0.854       0.881       0.886       0.896
    T1_SDQEMO        0.660       0.675       0.683       0.723       0.763       0.771       0.786

 F3       ON
    F1               0.425       0.449       0.461       0.523       0.585       0.597       0.621

 F3       ON
    T1_PUB_BIN      -0.072      -0.022       0.003       0.135       0.267       0.292       0.342
    T2_MEQES         0.010       0.028       0.037       0.083       0.129       0.138       0.156
    T2_MEQCR        -0.096      -0.076      -0.067      -0.015       0.037       0.047       0.067
    T1_SELFCON      -0.026      -0.023      -0.022      -0.016      -0.010      -0.009      -0.007
    T1_GSE          -0.017      -0.014      -0.013      -0.004       0.004       0.006       0.009
    T1_MEQES        -0.033      -0.027      -0.025      -0.011       0.003       0.005       0.011
    T1_MEQCR        -0.020      -0.016      -0.015      -0.005       0.004       0.006       0.009
    T1_DOB          -0.009       0.020       0.035       0.113       0.192       0.207       0.236
    T1_SEIFA        -0.073      -0.049      -0.036       0.029       0.093       0.106       0.130
    STATE_NSWR      -0.222      -0.174      -0.149      -0.018       0.112       0.137       0.186
    STATE_QLD       -0.084      -0.046      -0.027       0.073       0.173       0.193       0.230
    STATE_WA        -0.173      -0.108      -0.075       0.099       0.273       0.306       0.371

 T2_MEQES ON
    T1_PUB_BIN      -0.054      -0.021      -0.003       0.086       0.176       0.194       0.227
    T1_MEQES         0.115       0.121       0.123       0.137       0.151       0.154       0.159
    T1_SELFCON      -0.014      -0.012      -0.011      -0.007      -0.002      -0.001       0.000
    T1_GSE          -0.008      -0.006      -0.004       0.003       0.010       0.011       0.014
    T1_DOB          -0.144      -0.116      -0.102      -0.027       0.048       0.063       0.091
    T1_SEIFA        -0.086      -0.067      -0.057      -0.007       0.044       0.054       0.073
    STATE_NSWR      -0.207      -0.167      -0.147      -0.040       0.067       0.087       0.127
    STATE_QLD       -0.260      -0.221      -0.201      -0.098       0.006       0.026       0.064
    STATE_WA        -0.110      -0.065      -0.043       0.076       0.194       0.217       0.261

 T2_MEQCR ON
    T1_PUB_BIN      -0.056      -0.024      -0.008       0.077       0.162       0.178       0.210
    T1_MEQCR         0.052       0.056       0.058       0.069       0.079       0.081       0.085
    T1_SELFCON       0.001       0.003       0.004       0.009       0.013       0.014       0.016
    T1_GSE           0.004       0.007       0.009       0.017       0.025       0.027       0.030
    T1_DOB          -0.140      -0.114      -0.101      -0.032       0.037       0.050       0.076
    T1_SEIFA        -0.092      -0.071      -0.061      -0.007       0.048       0.058       0.079
    STATE_NSWR      -0.170      -0.123      -0.099       0.026       0.152       0.176       0.223
    STATE_QLD       -0.249      -0.214      -0.197      -0.106      -0.015       0.003       0.037
    STATE_WA        -0.267      -0.220      -0.196      -0.072       0.051       0.075       0.122

 Intercepts
    T2_MEQES        -0.127      -0.093      -0.076       0.015       0.106       0.123       0.157
    T2_MEQCR        -0.098      -0.071      -0.057       0.015       0.088       0.102       0.129
    T3_PHQ8          0.669       0.695       0.708       0.776       0.844       0.857       0.882
    T3_PROMI         1.684       1.728       1.750       1.866       1.982       2.004       2.048
    T3_SDQEM         0.803       0.825       0.837       0.897       0.956       0.968       0.990
    T1_PHQ8          0.843       0.856       0.863       0.897       0.932       0.938       0.951
    T1_PROMI         2.123       2.156       2.173       2.262       2.350       2.367       2.401
    T1_SDQEM         1.043       1.056       1.063       1.099       1.135       1.142       1.155

 Variances
    F1               1.000       1.000       1.000       1.000       1.000       1.000       1.000

 Residual Variances
    T2_MEQES         0.712       0.728       0.736       0.780       0.824       0.832       0.848
    T2_MEQCR         0.756       0.772       0.780       0.821       0.862       0.870       0.885
    T3_PHQ8          0.315       0.340       0.352       0.417       0.482       0.495       0.519
    T3_PROMI         0.216       0.237       0.247       0.304       0.360       0.371       0.392
    T3_SDQEM         0.399       0.422       0.434       0.496       0.559       0.571       0.594
    T1_PHQ8          0.369       0.386       0.395       0.440       0.486       0.495       0.512
    T1_PROMI         0.199       0.216       0.225       0.271       0.317       0.326       0.343
    T1_SDQEM         0.386       0.408       0.419       0.477       0.535       0.546       0.568
    F3               0.603       0.623       0.633       0.686       0.739       0.749       0.769


STD Standardization

                  Lower .5%  Lower 2.5%    Lower 5%    Estimate    Upper 5%  Upper 2.5%   Upper .5%

 F3       BY
    T3_PHQ8          3.748       3.881       3.948       4.302       4.656       4.724       4.856
    T3_PROMISA       8.181       8.419       8.541       9.178       9.814       9.936      10.174
    T3_SDQEMO        1.508       1.559       1.585       1.720       1.855       1.881       1.932

 F1       BY
    T1_PHQ8          3.212       3.307       3.355       3.608       3.862       3.910       4.005
    T1_PROMISA       6.915       7.134       7.245       7.828       8.411       8.523       8.741
    T1_SDQEMO        1.467       1.515       1.540       1.669       1.797       1.822       1.870

 F3       ON
    F1               0.425       0.449       0.461       0.523       0.585       0.597       0.621

 F3       ON
    T1_PUB_BIN      -0.072      -0.022       0.003       0.135       0.267       0.292       0.342
    T2_MEQES         0.003       0.008       0.010       0.023       0.035       0.037       0.042
    T2_MEQCR        -0.016      -0.013      -0.011      -0.002       0.006       0.008       0.011
    T1_SELFCON      -0.026      -0.023      -0.022      -0.016      -0.010      -0.009      -0.007
    T1_GSE          -0.017      -0.014      -0.013      -0.004       0.004       0.006       0.009
    T1_MEQES        -0.033      -0.027      -0.025      -0.011       0.003       0.005       0.011
    T1_MEQCR        -0.020      -0.016      -0.015      -0.005       0.004       0.006       0.009
    T1_DOB          -0.009       0.020       0.035       0.113       0.192       0.207       0.236
    T1_SEIFA        -0.073      -0.049      -0.036       0.029       0.093       0.106       0.130
    STATE_NSWR      -0.222      -0.174      -0.149      -0.018       0.112       0.137       0.186
    STATE_QLD       -0.084      -0.046      -0.027       0.073       0.173       0.193       0.230
    STATE_WA        -0.173      -0.108      -0.075       0.099       0.273       0.306       0.371

 T2_MEQES ON
    T1_PUB_BIN      -0.202      -0.077      -0.014       0.319       0.652       0.716       0.840
    T1_MEQES         0.429       0.448       0.457       0.507       0.557       0.566       0.585
    T1_SELFCON      -0.050      -0.044      -0.041      -0.025      -0.008      -0.005       0.001
    T1_GSE          -0.031      -0.021      -0.016       0.010       0.036       0.041       0.051
    T1_DOB          -0.534      -0.430      -0.377      -0.099       0.179       0.232       0.336
    T1_SEIFA        -0.318      -0.248      -0.212      -0.024       0.163       0.199       0.269
    STATE_NSWR      -0.765      -0.617      -0.542      -0.148       0.246       0.322       0.469
    STATE_QLD       -0.957      -0.814      -0.741      -0.361       0.020       0.093       0.236
    STATE_WA        -0.404      -0.240      -0.157       0.280       0.716       0.800       0.963

 T2_MEQCR ON
    T1_PUB_BIN      -0.339      -0.147      -0.049       0.465       0.978       1.076       1.269
    T1_MEQCR         0.315       0.339       0.351       0.415       0.480       0.492       0.516
    T1_SELFCON       0.006       0.017       0.022       0.051       0.081       0.086       0.097
    T1_GSE           0.023       0.042       0.052       0.102       0.152       0.161       0.180
    T1_DOB          -0.850      -0.693      -0.613      -0.195       0.224       0.304       0.461
    T1_SEIFA        -0.554      -0.431      -0.368      -0.040       0.289       0.352       0.475
    STATE_NSWR      -1.028      -0.744      -0.599       0.160       0.919       1.064       1.348
    STATE_QLD       -1.505      -1.298      -1.192      -0.640      -0.088       0.018       0.225
    STATE_WA        -1.615      -1.334      -1.190      -0.439       0.313       0.457       0.738

 Intercepts
    T2_MEQES        -0.470      -0.345      -0.280       0.055       0.391       0.455       0.581
    T2_MEQCR        -0.592      -0.428      -0.344       0.094       0.531       0.615       0.779
    T3_PHQ8          3.753       3.901       3.977       4.373       4.768       4.844       4.992
    T3_PROMI        19.252      19.555      19.711      20.522      21.333      21.489      21.792
    T3_SDQEM         1.951       2.004       2.031       2.173       2.315       2.342       2.395
    T1_PHQ8          3.913       4.012       4.063       4.328       4.593       4.643       4.742
    T1_PROMI        20.032      20.201      20.288      20.740      21.193      21.280      21.449
    T1_SDQEM         2.369       2.409       2.429       2.536       2.642       2.663       2.702

 Variances
    F1               1.000       1.000       1.000       1.000       1.000       1.000       1.000

 Residual Variances
    T2_MEQES         9.164       9.513       9.692      10.626      11.560      11.739      12.089
    T2_MEQCR        26.017      26.977      27.468      30.031      32.595      33.086      34.046
    T3_PHQ8          9.512      10.407      10.865      13.257      15.648      16.106      17.002
    T3_PROMI        24.055      27.082      28.630      36.715      44.800      46.348      49.375
    T3_SDQEM         2.323       2.465       2.537       2.915       3.293       3.366       3.507
    T1_PHQ8          7.885       8.449       8.737      10.243      11.749      12.037      12.601
    T1_PROMI        17.537      18.798      19.442      22.810      26.177      26.822      28.082
    T1_SDQEM         2.136       2.233       2.282       2.540       2.797       2.847       2.943
    F3               0.603       0.623       0.633       0.686       0.739       0.749       0.769


CONFIDENCE INTERVALS OF TOTAL, TOTAL INDIRECT, SPECIFIC INDIRECT, AND DIRECT EFFECTS


                  Lower .5%  Lower 2.5%    Lower 5%    Estimate    Upper 5%  Upper 2.5%   Upper .5%

Effects from T1_PUB_B to F3

  Total             -0.298      -0.082       0.029       0.606       1.183       1.294       1.510
  Total indirect    -0.031      -0.018      -0.011       0.026       0.063       0.070       0.083

  Specific indirect 1
    F3
    T2_MEQES
    T1_PUB_B        -0.026      -0.012      -0.005       0.031       0.067       0.074       0.088

  Specific indirect 2
    F3
    T2_MEQCR
    T1_PUB_B        -0.031      -0.025      -0.022      -0.005       0.012       0.015       0.022

  Direct
    F3
    T1_PUB_B        -0.307      -0.095       0.014       0.580       1.146       1.255       1.467



CONFIDENCE INTERVALS OF STANDARDIZED TOTAL, TOTAL INDIRECT, SPECIFIC INDIRECT, AND DIRECT EFFECTS


STDYX Standardization

                  Lower .5%  Lower 2.5%    Lower 5%    Estimate    Upper 5%  Upper 2.5%   Upper .5%

Effects from T1_PUB_B to F3

  Total             -0.027      -0.008       0.002       0.055       0.107       0.117       0.137
  Total indirect    -0.003      -0.002      -0.001       0.002       0.006       0.006       0.008

  Specific indirect 1
    F3
    T2_MEQES
    T1_PUB_B        -0.002      -0.001       0.000       0.003       0.006       0.007       0.008

  Specific indirect 2
    F3
    T2_MEQCR
    T1_PUB_B        -0.003      -0.002      -0.002       0.000       0.001       0.001       0.002

  Direct
    F3
    T1_PUB_B        -0.028      -0.009       0.001       0.052       0.104       0.114       0.133



STDY Standardization

                  Lower .5%  Lower 2.5%    Lower 5%    Estimate    Upper 5%  Upper 2.5%   Upper .5%

Effects from T1_PUB_B to F3

  Total             -0.070      -0.019       0.006       0.141       0.275       0.301       0.352
  Total indirect    -0.007      -0.004      -0.002       0.006       0.015       0.016       0.019

  Specific indirect 1
    F3
    T2_MEQES
    T1_PUB_B        -0.006      -0.003      -0.001       0.007       0.016       0.017       0.020

  Specific indirect 2
    F3
    T2_MEQCR
    T1_PUB_B        -0.007      -0.006      -0.005      -0.001       0.003       0.004       0.005

  Direct
    F3
    T1_PUB_B        -0.072      -0.022       0.003       0.135       0.267       0.292       0.342



STD Standardization

                  Lower .5%  Lower 2.5%    Lower 5%    Estimate    Upper 5%  Upper 2.5%   Upper .5%

Effects from T1_PUB_B to F3

  Total             -0.070      -0.019       0.006       0.141       0.275       0.301       0.352
  Total indirect    -0.007      -0.004      -0.002       0.006       0.015       0.016       0.019

  Specific indirect 1
    F3
    T2_MEQES
    T1_PUB_B        -0.006      -0.003      -0.001       0.007       0.016       0.017       0.020

  Specific indirect 2
    F3
    T2_MEQCR
    T1_PUB_B        -0.007      -0.006      -0.005      -0.001       0.003       0.004       0.005

  Direct
    F3
    T1_PUB_B        -0.072      -0.022       0.003       0.135       0.267       0.292       0.342




DIAGRAM INFORMATION

  Use View Diagram under the Diagram menu in the Mplus Editor to view the diagram.
  If running Mplus from the Mplus Diagrammer, the diagram opens automatically.

  Diagram output
    d:\onedrive - the university of sydney (staff)\cre\psychiatric epidemiology\papers\pubertal timing and int\model1-ma

     Beginning Time:  10:57:38
        Ending Time:  10:57:38
       Elapsed Time:  00:00:00



MUTHEN & MUTHEN
3463 Stoner Ave.
Los Angeles, CA  90066

Tel: (310) 391-9971
Fax: (310) 391-8971
Web: www.StatModel.com
Support: Support@StatModel.com

Copyright (c) 1998-2022 Muthen & Muthen
