Mplus VERSION 8.8
MUTHEN & MUTHEN
02/18/2025   6:44 PM

INPUT INSTRUCTIONS

  Title: H4L pubertal timing and internalising mediation analysis

  data: file= h4lmed_imputedlist.dat;
          type=imputation;


  variable: names are     T1_DOB
      T1_PHQ8
      T1_PROMI
      T1_PARMO
      T1_PARCO
      T1_MEQCR
      T1_MEQES
      T1_SDQEM
      T1_PUB_C
      T1_SELFC
      T1_GSE
      T2_MEQCR
      T2_MEQES
      T2_DOB
      T3_PHQ8
      T3_PROMI
      T3_SDQEM
      T1_SEIFA
      STATE_NS
      STATE_QL
      STATE_WA
      MALE
      FEMALE
      T1_PUB_B
      T3_DOB
      CLUSTER
      ID
      TRIALGRP
      SEX
      NOTSAY;

  SUBPOPULATION = MALE EQ 1;

  usevariables = T1_PUB_B T2_MEQES T2_MEQCR
  T3_PHQ8 T3_PROMI T3_SDQEM
  T1_DOB
  T1_SELFC T1_GSE
  T1_MEQCR T1_MEQES
  T1_SEIFA
  STATE_NS STATE_QL STATE_WA;

  missing = *;

  cluster=CLUSTER;

  DEFINE: CENTER T2_MEQES T2_MEQCR T1_DOB T1_SEIFA
              T1_SELFC T1_GSE T1_MEQES
              T1_MEQCR(GRANDMEAN);

  ANALYSIS: estimator=mlr; type=complex;


  model:
  f by T3_PHQ8 T3_PROMI T3_SDQEM;

  T2_MEQES on T1_PUB_B T1_MEQES T1_SELFC T1_GSE
      T1_DOB T1_SEIFA STATE_NS STATE_QL STATE_WA;
  T2_MEQCR on T1_PUB_B T1_MEQCR T1_SELFC T1_GSE
      T1_DOB T1_SEIFA STATE_NS STATE_QL STATE_WA;

  f on T1_PUB_B T2_MEQES T2_MEQCR T1_SELFC T1_GSE
   T1_MEQES T1_MEQCR T1_DOB T1_SEIFA
  STATE_NS STATE_QL STATE_WA;

  model indirect:
  f ind T1_PUB_B;

  output: standardized; cinterval;



*** WARNING in OUTPUT command
  PATTERNS option is not available when a subpopulation is analyzed.
  Request for PATTERNS is ignored.  Use TYPE=BASIC along with
  USEOBSERVATIONS to get these missing data patterns.
   1 WARNING(S) FOUND IN THE INPUT INSTRUCTIONS



H4L pubertal timing and internalising mediation analysis

SUMMARY OF ANALYSIS

Number of groups                                                 1
Average number of observations                                3293

Number of replications
    Requested                                                   50
    Completed                                                   50

Number of dependent variables                                    5
Number of independent variables                                 10
Number of continuous latent variables                            1

Observed dependent variables

  Continuous
   T2_MEQES    T2_MEQCR    T3_PHQ8     T3_PROMI    T3_SDQEM

Observed independent variables
   T1_PUB_B    T1_DOB      T1_SELFC    T1_GSE      T1_MEQCR    T1_MEQES
   T1_SEIFA    STATE_NS    STATE_QL    STATE_WA

Continuous latent variables
   F

Variables with special functions

  Cluster variable      CLUSTER

  Centering (GRANDMEAN)
   T2_MEQES    T2_MEQCR    T1_DOB      T1_SEIFA    T1_SELFC    T1_GSE
   T1_MEQES    T1_MEQCR


Estimator                                                      MLR
Information matrix                                        OBSERVED
Maximum number of iterations                                  1000
Convergence criterion                                    0.500D-04
Maximum number of steepest descent iterations                   20
Maximum number of iterations for H1                           2000
Convergence criterion for H1                             0.100D-03

Input data file(s)
  Multiple data files from
    h4lmed_imputedlist.dat

Input data format  FREE


SUMMARY OF DATA FOR THE FIRST DATA SET

     Number of missing data patterns             1
     Number of clusters                         62



SAMPLE STATISTICS

NOTE:  These are average results over 50 data sets.


     ESTIMATED SAMPLE STATISTICS


           Means
              T2_MEQES      T2_MEQCR      T3_PHQ8       T3_PROMI      T3_SDQEM
              ________      ________      ________      ________      ________
                0.000         0.000         4.655        21.084         2.287


           Means
              T1_PUB_B      T1_DOB        T1_SELFC      T1_GSE        T1_MEQCR
              ________      ________      ________      ________      ________
                0.188         0.000         0.000         0.000         0.000


           Means
              T1_MEQES      T1_SEIFA      STATE_NS      STATE_QL      STATE_WA
              ________      ________      ________      ________      ________
                0.000         0.000         0.216         0.259         0.189


           Covariances
              T2_MEQES      T2_MEQCR      T3_PHQ8       T3_PROMI      T3_SDQEM
              ________      ________      ________      ________      ________
 T2_MEQES      13.607
 T2_MEQCR       9.369        35.832
 T3_PHQ8        2.800        -3.166        33.943
 T3_PROMI       4.351        -4.635        43.878       129.439
 T3_SDQEM       1.157        -1.271         7.877        18.242         6.206
 T1_PUB_B       0.089         0.028         0.128         0.290         0.052
 T1_DOB        -0.023        -0.004         0.025        -0.021        -0.003
 T1_SELFC      -3.620         8.685       -14.588       -22.598        -5.286
 T1_GSE         0.844         9.555        -4.012        -8.432        -2.033
 T1_MEQCR       1.254        12.721        -3.528        -4.289        -1.228
 T1_MEQES       5.646         1.511         2.353         4.003         1.004
 T1_SEIFA       0.022         0.075         0.169         0.153         0.030
 STATE_NS      -0.007         0.052        -0.077        -0.105        -0.007
 STATE_QL      -0.053        -0.104         0.040         0.036        -0.001
 STATE_WA       0.037        -0.064         0.069         0.158         0.024


           Covariances
              T1_PUB_B      T1_DOB        T1_SELFC      T1_GSE        T1_MEQCR
              ________      ________      ________      ________      ________
 T1_PUB_B       0.153
 T1_DOB         0.019         0.242
 T1_SELFC      -0.283        -0.109        64.171
 T1_GSE        -0.065        -0.009        14.334        36.562
 T1_MEQCR       0.012         0.005         8.903        10.286        26.495
 T1_MEQES       0.074        -0.021        -4.706         0.507         4.033
 T1_SEIFA      -0.003        -0.003        -0.077         0.140         0.029
 STATE_NS       0.001         0.036        -0.042        -0.040         0.012
 STATE_QL       0.002        -0.022        -0.049        -0.064        -0.070
 STATE_WA      -0.002        -0.030         0.011        -0.016        -0.032


           Covariances
              T1_MEQES      T1_SEIFA      STATE_NS      STATE_QL      STATE_WA
              ________      ________      ________      ________      ________
 T1_MEQES      10.860
 T1_SEIFA       0.005         0.412
 STATE_NS       0.012        -0.056         0.169
 STATE_QL       0.001        -0.020        -0.056         0.192
 STATE_WA      -0.002        -0.041        -0.041        -0.049         0.154


           Correlations
              T2_MEQES      T2_MEQCR      T3_PHQ8       T3_PROMI      T3_SDQEM
              ________      ________      ________      ________      ________
 T2_MEQES       1.000
 T2_MEQCR       0.424         1.000
 T3_PHQ8        0.130        -0.091         1.000
 T3_PROMI       0.104        -0.068         0.662         1.000
 T3_SDQEM       0.126        -0.085         0.543         0.644         1.000
 T1_PUB_B       0.062         0.012         0.056         0.065         0.054
 T1_DOB        -0.013        -0.001         0.009        -0.004        -0.002
 T1_SELFC      -0.123         0.181        -0.313        -0.248        -0.265
 T1_GSE         0.038         0.264        -0.114        -0.123        -0.135
 T1_MEQCR       0.066         0.413        -0.118        -0.073        -0.096
 T1_MEQES       0.464         0.077         0.123         0.107         0.122
 T1_SEIFA       0.009         0.020         0.045         0.021         0.018
 STATE_NS      -0.005         0.021        -0.032        -0.023        -0.007
 STATE_QL      -0.033        -0.040         0.016         0.007        -0.001
 STATE_WA       0.026        -0.027         0.030         0.035         0.024


           Correlations
              T1_PUB_B      T1_DOB        T1_SELFC      T1_GSE        T1_MEQCR
              ________      ________      ________      ________      ________
 T1_PUB_B       1.000
 T1_DOB         0.097         1.000
 T1_SELFC      -0.090        -0.028         1.000
 T1_GSE        -0.028        -0.003         0.296         1.000
 T1_MEQCR       0.006         0.002         0.216         0.331         1.000
 T1_MEQES       0.057        -0.013        -0.178         0.025         0.238
 T1_SEIFA      -0.010        -0.011        -0.015         0.036         0.009
 STATE_NS       0.007         0.179        -0.013        -0.016         0.006
 STATE_QL       0.011        -0.100        -0.014        -0.024        -0.031
 STATE_WA      -0.011        -0.157         0.003        -0.007        -0.016


           Correlations
              T1_MEQES      T1_SEIFA      STATE_NS      STATE_QL      STATE_WA
              ________      ________      ________      ________      ________
 T1_MEQES       1.000
 T1_SEIFA       0.002         1.000
 STATE_NS       0.009        -0.214         1.000
 STATE_QL       0.000        -0.071        -0.310         1.000
 STATE_WA      -0.002        -0.161        -0.254        -0.286         1.000


MODEL FIT INFORMATION

Number of Free Parameters                       43

Loglikelihood

    H0 Value

        Mean                            -47491.403
        Std Dev                             53.347
        Number of successful computations       50

             Proportions                   Percentiles
        Expected    Observed         Expected       Observed
           0.990       1.000       -47615.504     -47605.401
           0.980       0.980       -47600.961     -47605.401
           0.950       0.980       -47579.153     -47574.270
           0.900       0.880       -47559.772     -47566.703
           0.800       0.800       -47536.300     -47555.594
           0.700       0.720       -47519.378     -47518.899
           0.500       0.500       -47491.403     -47493.124
           0.300       0.280       -47463.428     -47465.836
           0.200       0.160       -47446.506     -47453.492
           0.100       0.040       -47423.034     -47438.951
           0.050       0.040       -47403.653     -47431.639
           0.020       0.020       -47381.845     -47397.118
           0.010       0.020       -47367.303     -47397.118

    H1 Value

        Mean                            -46931.354
        Std Dev                             52.317
        Number of successful computations       50

             Proportions                   Percentiles
        Expected    Observed         Expected       Observed
           0.990       1.000       -47053.059     -47047.952
           0.980       0.960       -47038.798     -47047.952
           0.950       0.940       -47017.410     -47040.894
           0.900       0.940       -46998.404     -46997.258
           0.800       0.760       -46975.384     -46984.786
           0.700       0.740       -46958.789     -46952.765
           0.500       0.460       -46931.354     -46936.865
           0.300       0.300       -46903.919     -46904.525
           0.200       0.160       -46887.324     -46892.379
           0.100       0.100       -46864.305     -46865.939
           0.050       0.020       -46845.298     -46854.011
           0.020       0.020       -46823.911     -46851.636
           0.010       0.020       -46809.649     -46851.636

Information Criteria

    Akaike (AIC)

        Mean                             95068.806
        Std Dev                            106.693
        Number of successful computations       50

             Proportions                   Percentiles
        Expected    Observed         Expected       Observed
           0.990       0.980        94820.605      94678.902
           0.980       0.980        94849.690      94678.902
           0.950       0.960        94893.306      94880.236
           0.900       0.960        94932.068      94949.277
           0.800       0.840        94979.013      94982.677
           0.700       0.720        95012.856      95014.080
           0.500       0.500        95068.806      95066.508
           0.300       0.280        95124.756      95107.374
           0.200       0.200        95158.599      95154.321
           0.100       0.120        95205.544      95207.635
           0.050       0.020        95244.306      95219.405
           0.020       0.020        95287.922      95234.540
           0.010       0.000        95317.007      95234.540

    Bayesian (BIC)

        Mean                             95331.087
        Std Dev                            106.693
        Number of successful computations       50

             Proportions                   Percentiles
        Expected    Observed         Expected       Observed
           0.990       0.980        95082.886      94941.183
           0.980       0.980        95111.971      94941.183
           0.950       0.960        95155.587      95142.517
           0.900       0.960        95194.349      95211.558
           0.800       0.840        95241.294      95244.958
           0.700       0.720        95275.137      95276.361
           0.500       0.500        95331.087      95328.789
           0.300       0.280        95387.037      95369.655
           0.200       0.200        95420.880      95416.602
           0.100       0.120        95467.825      95469.916
           0.050       0.020        95506.587      95481.686
           0.020       0.020        95550.203      95496.821
           0.010       0.000        95579.288      95496.821

    Sample-Size Adjusted BIC (n* = (n + 2) / 24)

        Mean                             95194.457
        Std Dev                            106.693
        Number of successful computations       50

             Proportions                   Percentiles
        Expected    Observed         Expected       Observed
           0.990       0.980        94946.256      94804.552
           0.980       0.980        94975.340      94804.552
           0.950       0.960        95018.957      95005.886
           0.900       0.960        95057.718      95074.928
           0.800       0.840        95104.664      95108.328
           0.700       0.720        95138.507      95139.731
           0.500       0.500        95194.457      95192.158
           0.300       0.280        95250.407      95233.024
           0.200       0.200        95284.250      95279.972
           0.100       0.120        95331.195      95333.286
           0.050       0.020        95369.957      95345.056
           0.020       0.020        95413.573      95360.191
           0.010       0.000        95442.658      95360.191

Chi-Square Test of Model Fit

        Degrees of freedom                      27

        Mean                              1093.378
        Std Dev                             61.447
        Number of successful computations       50

             Proportions                   Percentiles
        Expected    Observed         Expected       Observed
           0.990       1.000           12.878        942.493
           0.980       1.000           14.125        942.493
           0.950       1.000           16.151       1004.638
           0.900       1.000           18.114       1014.742
           0.800       1.000           20.703       1035.994
           0.700       1.000           22.719       1048.494
           0.500       1.000           26.336       1085.042
           0.300       1.000           30.319       1119.656
           0.200       1.000           32.912       1135.416
           0.100       1.000           36.741       1172.671
           0.050       1.000           40.113       1190.064
           0.020       1.000           44.140       1214.567
           0.010       1.000           46.963       1214.567

RMSEA (Root Mean Square Error Of Approximation)

        Mean                                 0.109
        Std Dev                              0.003
        Number of successful computations       50

        Cumulative Distribution Function
           Value    Function Value
           0.990       1.000
           0.980       1.000
           0.950       1.000
           0.900       1.000
           0.800       1.000
           0.700       1.000
           0.500       1.000
           0.300       1.000
           0.200       1.000
           0.100       0.000
           0.050       0.000
           0.020       0.000
           0.010       0.000

CFI/TLI

    CFI

        Mean                                 0.824
        Std Dev                              0.008
        Number of successful computations       50

        Cumulative Distribution Function
           Value    Function Value
           0.990       1.000
           0.980       1.000
           0.950       1.000
           0.900       1.000
           0.800       0.020
           0.700       0.000
           0.500       0.000
           0.300       0.000
           0.200       0.000
           0.100       0.000
           0.050       0.000
           0.020       0.000
           0.010       0.000

    TLI

        Mean                                 0.609
        Std Dev                              0.019
        Number of successful computations       50

        Cumulative Distribution Function
           Value    Function Value
           0.990       1.000
           0.980       1.000
           0.950       1.000
           0.900       1.000
           0.800       1.000
           0.700       1.000
           0.500       0.000
           0.300       0.000
           0.200       0.000
           0.100       0.000
           0.050       0.000
           0.020       0.000
           0.010       0.000

SRMR (Standardized Root Mean Square Residual)

        Mean                                 0.049
        Std Dev                              0.001
        Number of successful computations       50

        Cumulative Distribution Function
           Value    Function Value
           0.990       1.000
           0.980       1.000
           0.950       1.000
           0.900       1.000
           0.800       1.000
           0.700       1.000
           0.500       1.000
           0.300       1.000
           0.200       1.000
           0.100       1.000
           0.050       0.740
           0.020       0.000
           0.010       0.000


MODEL RESULTS

                                                    Two-Tailed   Rate of
                    Estimate       S.E.  Est./S.E.    P-Value    Missing

 F        BY
    T3_PHQ8            1.000      0.000    999.000    999.000      0.000
    T3_PROMI           2.198      0.067     33.046      0.000      0.217
    T3_SDQEM           0.412      0.016     26.351      0.000      0.194

 F        ON
    T1_PUB_B           0.456      0.282      1.614      0.107      0.382
    T2_MEQES           0.149      0.032      4.596      0.000      0.407
    T2_MEQCR          -0.060      0.020     -2.950      0.003      0.419
    T1_SELFC          -0.152      0.013    -11.466      0.000      0.210
    T1_GSE            -0.036      0.019     -1.859      0.063      0.316
    T1_MEQES           0.064      0.036      1.757      0.079      0.248
    T1_MEQCR          -0.020      0.024     -0.840      0.401      0.257
    T1_DOB             0.005      0.173      0.027      0.979      0.187
    T1_SEIFA           0.277      0.161      1.722      0.085      0.226
    STATE_NS          -0.035      0.300     -0.118      0.906      0.225
    STATE_QL           0.191      0.238      0.805      0.421      0.317
    STATE_WA           0.516      0.313      1.649      0.099      0.193

 T2_MEQES ON
    T1_PUB_B           0.323      0.178      1.813      0.070      0.323
    T1_MEQES           0.506      0.022     22.646      0.000      0.160
    T1_SELFC          -0.024      0.009     -2.739      0.006      0.260
    T1_GSE             0.025      0.014      1.772      0.076      0.301
    T1_DOB            -0.078      0.132     -0.589      0.556      0.200
    T1_SEIFA           0.014      0.094      0.155      0.877      0.230
    STATE_NS          -0.128      0.200     -0.638      0.524      0.261
    STATE_QL          -0.295      0.168     -1.756      0.079      0.277
    STATE_WA           0.117      0.207      0.562      0.574      0.254

 T2_MEQCR ON
    T1_PUB_B           0.318      0.294      1.080      0.280      0.395
    T1_MEQCR           0.413      0.027     15.088      0.000      0.216
    T1_SELFC           0.051      0.015      3.465      0.001      0.336
    T1_GSE             0.125      0.024      5.116      0.000      0.301
    T1_DOB            -0.130      0.205     -0.636      0.525      0.253
    T1_SEIFA           0.079      0.165      0.477      0.633      0.206
    STATE_NS           0.130      0.357      0.365      0.715      0.206
    STATE_QL          -0.417      0.291     -1.436      0.151      0.283
    STATE_WA          -0.419      0.335     -1.250      0.211      0.300

 Intercepts
    T2_MEQES           0.021      0.137      0.153      0.878      0.197
    T2_MEQCR           0.100      0.190      0.524      0.601      0.267
    T3_PHQ8            4.429      0.193     22.961      0.000      0.280
    T3_PROMI          20.588      0.384     53.568      0.000      0.273
    T3_SDQEM           2.194      0.076     28.809      0.000      0.295

 Residual Variances
    T2_MEQES          10.580      0.436     24.256      0.000      0.102
    T2_MEQCR          28.826      0.979     29.448      0.000      0.123
    T3_PHQ8           14.068      0.993     14.167      0.000      0.054
    T3_PROMI          33.442      2.985     11.203      0.000      0.157
    T3_SDQEM           2.830      0.146     19.328      0.000      0.143
    F                 17.064      0.941     18.135      0.000      0.174


QUALITY OF NUMERICAL RESULTS

     Average Condition Number for the Information Matrix      0.268E-03
       (ratio of smallest to largest eigenvalue)


STANDARDIZED MODEL RESULTS


STDYX Standardization

                                                    Two-Tailed   Rate of
                    Estimate       S.E.  Est./S.E.    P-Value    Missing

 F        BY
    T3_PHQ8            0.766      0.014     55.268      0.000      0.125
    T3_PROMI           0.862      0.012     71.116      0.000      0.190
    T3_SDQEM           0.739      0.017     42.642      0.000      0.132

 F        ON
    T1_PUB_B           0.040      0.025      1.610      0.107      0.381
    T2_MEQES           0.123      0.025      4.814      0.000      0.423
    T2_MEQCR          -0.080      0.027     -2.970      0.003      0.413
    T1_SELFC          -0.272      0.021    -12.650      0.000      0.255
    T1_GSE            -0.049      0.026     -1.855      0.064      0.310
    T1_MEQES           0.047      0.027      1.752      0.080      0.246
    T1_MEQCR          -0.023      0.027     -0.842      0.400      0.258
    T1_DOB             0.001      0.019      0.028      0.978      0.186
    T1_SEIFA           0.040      0.023      1.697      0.090      0.220
    STATE_NS          -0.003      0.028     -0.117      0.907      0.224
    STATE_QL           0.019      0.023      0.803      0.422      0.314
    STATE_WA           0.045      0.028      1.632      0.103      0.190

 T2_MEQES ON
    T1_PUB_B           0.034      0.019      1.815      0.070      0.322
    T1_MEQES           0.452      0.021     21.591      0.000      0.112
    T1_SELFC          -0.052      0.019     -2.741      0.006      0.258
    T1_GSE             0.042      0.023      1.780      0.075      0.302
    T1_DOB            -0.010      0.018     -0.590      0.555      0.201
    T1_SEIFA           0.003      0.016      0.154      0.878      0.229
    STATE_NS          -0.014      0.022     -0.637      0.524      0.260
    STATE_QL          -0.035      0.020     -1.727      0.084      0.268
    STATE_WA           0.012      0.022      0.560      0.576      0.252

 T2_MEQCR ON
    T1_PUB_B           0.021      0.019      1.077      0.281      0.394
    T1_MEQCR           0.355      0.024     15.037      0.000      0.204
    T1_SELFC           0.069      0.020      3.448      0.001      0.337
    T1_GSE             0.126      0.024      5.147      0.000      0.297
    T1_DOB            -0.011      0.017     -0.636      0.525      0.253
    T1_SEIFA           0.008      0.018      0.476      0.634      0.204
    STATE_NS           0.009      0.025      0.364      0.716      0.204
    STATE_QL          -0.031      0.022     -1.419      0.156      0.277
    STATE_WA          -0.027      0.022     -1.239      0.215      0.294

 Intercepts
    T2_MEQES           0.006      0.037      0.154      0.878      0.197
    T2_MEQCR           0.017      0.032      0.524      0.600      0.268
    T3_PHQ8            0.759      0.032     23.654      0.000      0.280
    T3_PROMI           1.805      0.050     35.766      0.000      0.178
    T3_SDQEM           0.879      0.033     26.732      0.000      0.304

 Residual Variances
    T2_MEQES           0.778      0.019     40.984      0.000      0.137
    T2_MEQCR           0.804      0.017     46.994      0.000      0.160
    T3_PHQ8            0.413      0.021     19.416      0.000      0.125
    T3_PROMI           0.257      0.021     12.288      0.000      0.191
    T3_SDQEM           0.454      0.026     17.742      0.000      0.132
    F                  0.852      0.015     55.201      0.000      0.310


STDY Standardization

                                                    Two-Tailed   Rate of
                    Estimate       S.E.  Est./S.E.    P-Value    Missing

 F        BY
    T3_PHQ8            0.766      0.014     55.268      0.000      0.125
    T3_PROMI           0.862      0.012     71.116      0.000      0.190
    T3_SDQEM           0.739      0.017     42.642      0.000      0.132

 F        ON
    T1_PUB_B           0.102      0.063      1.612      0.107      0.380
    T2_MEQES           0.123      0.025      4.814      0.000      0.423
    T2_MEQCR          -0.080      0.027     -2.970      0.003      0.413
    T1_SELFC          -0.034      0.003    -12.826      0.000      0.254
    T1_GSE            -0.008      0.004     -1.854      0.064      0.312
    T1_MEQES           0.014      0.008      1.752      0.080      0.247
    T1_MEQCR          -0.004      0.005     -0.842      0.400      0.258
    T1_DOB             0.001      0.039      0.028      0.978      0.186
    T1_SEIFA           0.062      0.036      1.728      0.084      0.229
    STATE_NS          -0.008      0.067     -0.117      0.907      0.225
    STATE_QL           0.043      0.053      0.807      0.419      0.318
    STATE_WA           0.115      0.070      1.659      0.097      0.196

 T2_MEQES ON
    T1_PUB_B           0.088      0.048      1.816      0.069      0.323
    T1_MEQES           0.137      0.006     22.442      0.000      0.121
    T1_SELFC          -0.007      0.002     -2.739      0.006      0.260
    T1_GSE             0.007      0.004      1.780      0.075      0.303
    T1_DOB            -0.021      0.036     -0.590      0.555      0.201
    T1_SEIFA           0.004      0.025      0.154      0.878      0.230
    STATE_NS          -0.035      0.054     -0.639      0.523      0.261
    STATE_QL          -0.080      0.045     -1.761      0.078      0.278
    STATE_WA           0.032      0.056      0.562      0.574      0.253

 T2_MEQCR ON
    T1_PUB_B           0.053      0.049      1.078      0.281      0.394
    T1_MEQCR           0.069      0.004     15.384      0.000      0.210
    T1_SELFC           0.009      0.002      3.457      0.001      0.335
    T1_GSE             0.021      0.004      5.159      0.000      0.302
    T1_DOB            -0.022      0.034     -0.636      0.525      0.254
    T1_SEIFA           0.013      0.028      0.477      0.633      0.205
    STATE_NS           0.022      0.060      0.365      0.715      0.205
    STATE_QL          -0.070      0.048     -1.438      0.150      0.285
    STATE_WA          -0.070      0.056     -1.252      0.211      0.301

 Intercepts
    T2_MEQES           0.006      0.037      0.154      0.878      0.197
    T2_MEQCR           0.017      0.032      0.524      0.600      0.268
    T3_PHQ8            0.759      0.032     23.654      0.000      0.280
    T3_PROMI           1.805      0.050     35.766      0.000      0.178
    T3_SDQEM           0.879      0.033     26.732      0.000      0.304

 Residual Variances
    T2_MEQES           0.778      0.019     40.984      0.000      0.137
    T2_MEQCR           0.804      0.017     46.994      0.000      0.160
    T3_PHQ8            0.413      0.021     19.416      0.000      0.125
    T3_PROMI           0.257      0.021     12.288      0.000      0.191
    T3_SDQEM           0.454      0.026     17.742      0.000      0.132
    F                  0.852      0.015     55.201      0.000      0.310


STD Standardization

                                                    Two-Tailed   Rate of
                    Estimate       S.E.  Est./S.E.    P-Value    Missing

 F        BY
    T3_PHQ8            4.475      0.128     35.009      0.000      0.174
    T3_PROMI           9.834      0.272     36.207      0.000      0.153
    T3_SDQEM           1.844      0.065     28.306      0.000      0.157

 F        ON
    T1_PUB_B           0.102      0.063      1.612      0.107      0.380
    T2_MEQES           0.033      0.007      4.796      0.000      0.420
    T2_MEQCR          -0.013      0.005     -2.966      0.003      0.411
    T1_SELFC          -0.034      0.003    -12.826      0.000      0.254
    T1_GSE            -0.008      0.004     -1.854      0.064      0.312
    T1_MEQES           0.014      0.008      1.752      0.080      0.247
    T1_MEQCR          -0.004      0.005     -0.842      0.400      0.258
    T1_DOB             0.001      0.039      0.028      0.978      0.186
    T1_SEIFA           0.062      0.036      1.728      0.084      0.229
    STATE_NS          -0.008      0.067     -0.117      0.907      0.225
    STATE_QL           0.043      0.053      0.807      0.419      0.318
    STATE_WA           0.115      0.070      1.659      0.097      0.196

 T2_MEQES ON
    T1_PUB_B           0.323      0.178      1.813      0.070      0.323
    T1_MEQES           0.506      0.022     22.646      0.000      0.160
    T1_SELFC          -0.024      0.009     -2.739      0.006      0.260
    T1_GSE             0.025      0.014      1.772      0.076      0.301
    T1_DOB            -0.078      0.132     -0.589      0.556      0.200
    T1_SEIFA           0.014      0.094      0.155      0.877      0.230
    STATE_NS          -0.128      0.200     -0.638      0.524      0.261
    STATE_QL          -0.295      0.168     -1.756      0.079      0.277
    STATE_WA           0.117      0.207      0.562      0.574      0.254

 T2_MEQCR ON
    T1_PUB_B           0.318      0.294      1.080      0.280      0.395
    T1_MEQCR           0.413      0.027     15.088      0.000      0.216
    T1_SELFC           0.051      0.015      3.465      0.001      0.336
    T1_GSE             0.125      0.024      5.116      0.000      0.301
    T1_DOB            -0.130      0.205     -0.636      0.525      0.253
    T1_SEIFA           0.079      0.165      0.477      0.633      0.206
    STATE_NS           0.130      0.357      0.365      0.715      0.206
    STATE_QL          -0.417      0.291     -1.436      0.151      0.283
    STATE_WA          -0.419      0.335     -1.250      0.211      0.300

 Intercepts
    T2_MEQES           0.021      0.137      0.153      0.878      0.197
    T2_MEQCR           0.100      0.190      0.524      0.601      0.267
    T3_PHQ8            4.429      0.193     22.961      0.000      0.280
    T3_PROMI          20.588      0.384     53.568      0.000      0.273
    T3_SDQEM           2.194      0.076     28.809      0.000      0.295

 Residual Variances
    T2_MEQES          10.580      0.436     24.256      0.000      0.102
    T2_MEQCR          28.826      0.979     29.448      0.000      0.123
    T3_PHQ8           14.068      0.993     14.167      0.000      0.054
    T3_PROMI          33.442      2.985     11.203      0.000      0.157
    T3_SDQEM           2.830      0.146     19.328      0.000      0.143
    F                  0.852      0.015     55.201      0.000      0.310


R-SQUARE

    Observed                                        Two-Tailed   Rate of
    Variable        Estimate       S.E.  Est./S.E.    P-Value    Missing

    T2_MEQES           0.222      0.019     11.726      0.000      0.137
    T2_MEQCR           0.196      0.017     11.421      0.000      0.160
    T3_PHQ8            0.587      0.021     27.631      0.000      0.125
    T3_PROMI           0.743      0.021     35.533      0.000      0.191
    T3_SDQEM           0.546      0.026     21.320      0.000      0.132

     Latent                                         Two-Tailed   Rate of
    Variable        Estimate       S.E.  Est./S.E.    P-Value    Missing

    F                  0.148      0.015      9.572      0.000      0.310


TOTAL, TOTAL INDIRECT, SPECIFIC INDIRECT, AND DIRECT EFFECTS


                                                    Two-Tailed   Rate of
                    Estimate       S.E.  Est./S.E.    P-Value    Missing

Effects from T1_PUB_B to F

  Total                0.485      0.282      1.718      0.086      0.373
  Total indirect       0.029      0.025      1.163      0.245      0.301

  Specific indirect 1
    F
    T2_MEQES
    T1_PUB_B           0.048      0.029      1.670      0.095      0.330

  Specific indirect 2
    F
    T2_MEQCR
    T1_PUB_B          -0.019      0.020     -0.958      0.338      0.380

  Direct
    F
    T1_PUB_B           0.456      0.282      1.614      0.107      0.382



STANDARDIZED TOTAL, TOTAL INDIRECT, SPECIFIC INDIRECT, AND DIRECT EFFECTS


STDYX Standardization

                                                    Two-Tailed   Rate of
                    Estimate       S.E.  Est./S.E.    P-Value    Missing

Effects from T1_PUB_B to F

  Total                0.042      0.025      1.714      0.087      0.372
  Total indirect       0.003      0.002      1.167      0.243      0.302

  Specific indirect 1
    F
    T2_MEQES
    T1_PUB_B           0.004      0.002      1.681      0.093      0.331

  Specific indirect 2
    F
    T2_MEQCR
    T1_PUB_B          -0.002      0.002     -0.961      0.337      0.381

  Direct
    F
    T1_PUB_B           0.040      0.025      1.610      0.107      0.381



STDY Standardization

                                                    Two-Tailed   Rate of
                    Estimate       S.E.  Est./S.E.    P-Value    Missing

Effects from T1_PUB_B to F

  Total                0.108      0.063      1.716      0.086      0.371
  Total indirect       0.006      0.006      1.168      0.243      0.302

  Specific indirect 1
    F
    T2_MEQES
    T1_PUB_B           0.011      0.006      1.681      0.093      0.332

  Specific indirect 2
    F
    T2_MEQCR
    T1_PUB_B          -0.004      0.004     -0.961      0.336      0.381

  Direct
    F
    T1_PUB_B           0.102      0.063      1.612      0.107      0.380



STD Standardization

                                                    Two-Tailed   Rate of
                    Estimate       S.E.  Est./S.E.    P-Value    Missing

Effects from T1_PUB_B to F

  Total                0.108      0.063      1.716      0.086      0.371
  Total indirect       0.006      0.006      1.168      0.243      0.302

  Specific indirect 1
    F
    T2_MEQES
    T1_PUB_B           0.011      0.006      1.681      0.093      0.332

  Specific indirect 2
    F
    T2_MEQCR
    T1_PUB_B          -0.004      0.004     -0.961      0.336      0.381

  Direct
    F
    T1_PUB_B           0.102      0.063      1.612      0.107      0.380




CONFIDENCE INTERVALS OF MODEL RESULTS

                  Lower .5%  Lower 2.5%    Lower 5%    Estimate    Upper 5%  Upper 2.5%   Upper .5%

 F        BY
    T3_PHQ8          1.000       1.000       1.000       1.000       1.000       1.000       1.000
    T3_PROMI         2.027       2.068       2.089       2.198       2.307       2.328       2.369
    T3_SDQEM         0.372       0.382       0.386       0.412       0.438       0.443       0.452

 F        ON
    T1_PUB_B        -0.272      -0.098      -0.009       0.456       0.921       1.010       1.184
    T2_MEQES         0.065       0.085       0.096       0.149       0.202       0.212       0.232
    T2_MEQCR        -0.112      -0.100      -0.093      -0.060      -0.027      -0.020      -0.008
    T1_SELFC        -0.186      -0.178      -0.174      -0.152      -0.130      -0.126      -0.118
    T1_GSE          -0.086      -0.074      -0.068      -0.036      -0.004       0.002       0.014
    T1_MEQES        -0.030      -0.007       0.004       0.064       0.124       0.135       0.157
    T1_MEQCR        -0.080      -0.066      -0.058      -0.020       0.019       0.026       0.041
    T1_DOB          -0.441      -0.335      -0.280       0.005       0.289       0.344       0.450
    T1_SEIFA        -0.138      -0.038       0.012       0.277       0.542       0.593       0.692
    STATE_NS        -0.809      -0.624      -0.530      -0.035       0.459       0.553       0.738
    STATE_QL        -0.421      -0.275      -0.200       0.191       0.583       0.657       0.804
    STATE_WA        -0.290      -0.097       0.001       0.516       1.031       1.130       1.323

 T2_MEQES ON
    T1_PUB_B        -0.136      -0.026       0.030       0.323       0.616       0.672       0.782
    T1_MEQES         0.449       0.462       0.469       0.506       0.543       0.550       0.564
    T1_SELFC        -0.047      -0.041      -0.038      -0.024      -0.010      -0.007      -0.001
    T1_GSE          -0.012      -0.003       0.002       0.025       0.049       0.053       0.062
    T1_DOB          -0.416      -0.335      -0.294      -0.078       0.139       0.180       0.261
    T1_SEIFA        -0.227      -0.169      -0.140       0.014       0.169       0.198       0.256
    STATE_NS        -0.644      -0.521      -0.458      -0.128       0.202       0.265       0.388
    STATE_QL        -0.728      -0.624      -0.571      -0.295      -0.019       0.034       0.138
    STATE_WA        -0.417      -0.290      -0.224       0.117       0.458       0.523       0.651

 T2_MEQCR ON
    T1_PUB_B        -0.440      -0.259      -0.166       0.318       0.801       0.894       1.075
    T1_MEQCR         0.342       0.359       0.368       0.413       0.458       0.466       0.483
    T1_SELFC         0.013       0.022       0.027       0.051       0.076       0.080       0.090
    T1_GSE           0.062       0.077       0.085       0.125       0.165       0.172       0.187
    T1_DOB          -0.658      -0.532      -0.467      -0.130       0.207       0.272       0.398
    T1_SEIFA        -0.346      -0.244      -0.192       0.079       0.350       0.402       0.503
    STATE_NS        -0.788      -0.569      -0.456       0.130       0.717       0.829       1.049
    STATE_QL        -1.166      -0.987      -0.895      -0.417       0.061       0.152       0.331
    STATE_WA        -1.283      -1.077      -0.971      -0.419       0.133       0.238       0.445

 Intercepts
    T2_MEQES        -0.332      -0.248      -0.205       0.021       0.247       0.290       0.374
    T2_MEQCR        -0.390      -0.273      -0.213       0.100       0.412       0.472       0.589
    T3_PHQ8          3.932       4.051       4.112       4.429       4.746       4.807       4.926
    T3_PROMI        19.598      19.835      19.956      20.588      21.221      21.342      21.578
    T3_SDQEM         1.998       2.045       2.069       2.194       2.319       2.343       2.390

 Residual Variances
    T2_MEQES         9.456       9.725       9.862      10.580      11.297      11.435      11.703
    T2_MEQCR        26.304      26.907      27.215      28.826      30.436      30.744      31.347
    T3_PHQ8         11.510      12.122      12.434      14.068      15.701      16.014      16.626
    T3_PROMI        25.753      27.591      28.531      33.442      38.352      39.292      41.130
    T3_SDQEM         2.453       2.543       2.589       2.830       3.071       3.117       3.207
    F               14.641      15.220      15.517      17.064      18.612      18.909      19.488


CONFIDENCE INTERVALS OF STANDARDIZED MODEL RESULTS


STDYX Standardization

                  Lower .5%  Lower 2.5%    Lower 5%    Estimate    Upper 5%  Upper 2.5%   Upper .5%

 F        BY
    T3_PHQ8          0.731       0.739       0.744       0.766       0.789       0.794       0.802
    T3_PROMI         0.831       0.838       0.842       0.862       0.882       0.886       0.893
    T3_SDQEM         0.694       0.705       0.710       0.739       0.767       0.773       0.783

 F        ON
    T1_PUB_B        -0.024      -0.009      -0.001       0.040       0.081       0.088       0.104
    T2_MEQES         0.057       0.073       0.081       0.123       0.165       0.173       0.188
    T2_MEQCR        -0.150      -0.133      -0.125      -0.080      -0.036      -0.027      -0.011
    T1_SELFC        -0.327      -0.314      -0.307      -0.272      -0.236      -0.230      -0.216
    T1_GSE          -0.116      -0.100      -0.092      -0.049      -0.006       0.003       0.019
    T1_MEQES        -0.022      -0.006       0.003       0.047       0.091       0.100       0.116
    T1_MEQCR        -0.092      -0.076      -0.067      -0.023       0.022       0.030       0.047
    T1_DOB          -0.048      -0.037      -0.031       0.001       0.032       0.038       0.050
    T1_SEIFA        -0.021      -0.006       0.001       0.040       0.078       0.086       0.100
    STATE_NS        -0.075      -0.057      -0.049      -0.003       0.042       0.051       0.068
    STATE_QL        -0.041      -0.027      -0.020       0.019       0.057       0.064       0.079
    STATE_WA        -0.026      -0.009       0.000       0.045       0.091       0.100       0.117

 T2_MEQES ON
    T1_PUB_B        -0.014      -0.003       0.003       0.034       0.065       0.071       0.083
    T1_MEQES         0.398       0.411       0.418       0.452       0.487       0.493       0.506
    T1_SELFC        -0.101      -0.089      -0.083      -0.052      -0.021      -0.015      -0.003
    T1_GSE          -0.019      -0.004       0.003       0.042       0.080       0.087       0.102
    T1_DOB          -0.056      -0.045      -0.039      -0.010       0.019       0.024       0.035
    T1_SEIFA        -0.040      -0.029      -0.024       0.003       0.029       0.034       0.045
    STATE_NS        -0.072      -0.058      -0.051      -0.014       0.023       0.030       0.043
    STATE_QL        -0.087      -0.075      -0.068      -0.035      -0.002       0.005       0.017
    STATE_WA        -0.045      -0.031      -0.024       0.012       0.049       0.056       0.069

 T2_MEQCR ON
    T1_PUB_B        -0.029      -0.017      -0.011       0.021       0.052       0.058       0.070
    T1_MEQCR         0.294       0.309       0.316       0.355       0.394       0.401       0.416
    T1_SELFC         0.017       0.030       0.036       0.069       0.102       0.108       0.120
    T1_GSE           0.063       0.078       0.086       0.126       0.166       0.174       0.189
    T1_DOB          -0.054      -0.044      -0.038      -0.011       0.017       0.022       0.033
    T1_SEIFA        -0.037      -0.026      -0.021       0.008       0.038       0.043       0.054
    STATE_NS        -0.054      -0.039      -0.031       0.009       0.049       0.057       0.072
    STATE_QL        -0.086      -0.073      -0.066      -0.031       0.005       0.012       0.025
    STATE_WA        -0.085      -0.071      -0.064      -0.027       0.009       0.016       0.030

 Intercepts
    T2_MEQES        -0.090      -0.067      -0.055       0.006       0.067       0.079       0.101
    T2_MEQCR        -0.065      -0.046      -0.036       0.017       0.069       0.079       0.098
    T3_PHQ8          0.676       0.696       0.706       0.759       0.811       0.821       0.841
    T3_PROMI         1.675       1.706       1.722       1.805       1.888       1.904       1.935
    T3_SDQEM         0.794       0.815       0.825       0.879       0.933       0.943       0.964

 Residual Variances
    T2_MEQES         0.729       0.740       0.746       0.778       0.809       0.815       0.826
    T2_MEQCR         0.760       0.771       0.776       0.804       0.833       0.838       0.849
    T3_PHQ8          0.358       0.371       0.378       0.413       0.448       0.454       0.467
    T3_PROMI         0.203       0.216       0.223       0.257       0.291       0.298       0.311
    T3_SDQEM         0.388       0.404       0.412       0.454       0.496       0.504       0.520
    F                0.812       0.822       0.827       0.852       0.878       0.882       0.892


STDY Standardization

                  Lower .5%  Lower 2.5%    Lower 5%    Estimate    Upper 5%  Upper 2.5%   Upper .5%

 F        BY
    T3_PHQ8          0.731       0.739       0.744       0.766       0.789       0.794       0.802
    T3_PROMI         0.831       0.838       0.842       0.862       0.882       0.886       0.893
    T3_SDQEM         0.694       0.705       0.710       0.739       0.767       0.773       0.783

 F        ON
    T1_PUB_B        -0.061      -0.022      -0.002       0.102       0.206       0.226       0.265
    T2_MEQES         0.057       0.073       0.081       0.123       0.165       0.173       0.188
    T2_MEQCR        -0.150      -0.133      -0.125      -0.080      -0.036      -0.027      -0.011
    T1_SELFC        -0.041      -0.039      -0.038      -0.034      -0.030      -0.029      -0.027
    T1_GSE          -0.019      -0.017      -0.015      -0.008      -0.001       0.000       0.003
    T1_MEQES        -0.007      -0.002       0.001       0.014       0.028       0.030       0.035
    T1_MEQCR        -0.018      -0.015      -0.013      -0.004       0.004       0.006       0.009
    T1_DOB          -0.098      -0.075      -0.062       0.001       0.065       0.077       0.101
    T1_SEIFA        -0.030      -0.008       0.003       0.062       0.121       0.132       0.154
    STATE_NS        -0.181      -0.140      -0.118      -0.008       0.103       0.124       0.165
    STATE_QL        -0.094      -0.061      -0.044       0.043       0.130       0.147       0.179
    STATE_WA        -0.064      -0.021       0.001       0.115       0.230       0.252       0.295

 T2_MEQES ON
    T1_PUB_B        -0.037      -0.007       0.008       0.088       0.167       0.182       0.212
    T1_MEQES         0.121       0.125       0.127       0.137       0.147       0.149       0.153
    T1_SELFC        -0.013      -0.011      -0.010      -0.007      -0.003      -0.002       0.000
    T1_GSE          -0.003      -0.001       0.001       0.007       0.013       0.014       0.017
    T1_DOB          -0.113      -0.091      -0.080      -0.021       0.038       0.049       0.071
    T1_SEIFA        -0.061      -0.046      -0.038       0.004       0.046       0.054       0.069
    STATE_NS        -0.174      -0.141      -0.124      -0.035       0.055       0.072       0.105
    STATE_QL        -0.197      -0.169      -0.155      -0.080      -0.005       0.009       0.037
    STATE_WA        -0.113      -0.079      -0.061       0.032       0.124       0.142       0.177

 T2_MEQCR ON
    T1_PUB_B        -0.074      -0.043      -0.028       0.053       0.134       0.149       0.180
    T1_MEQCR         0.057       0.060       0.062       0.069       0.076       0.078       0.080
    T1_SELFC         0.002       0.004       0.004       0.009       0.013       0.013       0.015
    T1_GSE           0.010       0.013       0.014       0.021       0.027       0.029       0.031
    T1_DOB          -0.110      -0.089      -0.078      -0.022       0.035       0.045       0.066
    T1_SEIFA        -0.058      -0.041      -0.032       0.013       0.058       0.067       0.084
    STATE_NS        -0.132      -0.095      -0.076       0.022       0.120       0.139       0.175
    STATE_QL        -0.195      -0.165      -0.149      -0.070       0.010       0.025       0.055
    STATE_WA        -0.214      -0.180      -0.162      -0.070       0.022       0.040       0.074

 Intercepts
    T2_MEQES        -0.090      -0.067      -0.055       0.006       0.067       0.079       0.101
    T2_MEQCR        -0.065      -0.046      -0.036       0.017       0.069       0.079       0.098
    T3_PHQ8          0.676       0.696       0.706       0.759       0.811       0.821       0.841
    T3_PROMI         1.675       1.706       1.722       1.805       1.888       1.904       1.935
    T3_SDQEM         0.794       0.815       0.825       0.879       0.933       0.943       0.964

 Residual Variances
    T2_MEQES         0.729       0.740       0.746       0.778       0.809       0.815       0.826
    T2_MEQCR         0.760       0.771       0.776       0.804       0.833       0.838       0.849
    T3_PHQ8          0.358       0.371       0.378       0.413       0.448       0.454       0.467
    T3_PROMI         0.203       0.216       0.223       0.257       0.291       0.298       0.311
    T3_SDQEM         0.388       0.404       0.412       0.454       0.496       0.504       0.520
    F                0.812       0.822       0.827       0.852       0.878       0.882       0.892


STD Standardization

                  Lower .5%  Lower 2.5%    Lower 5%    Estimate    Upper 5%  Upper 2.5%   Upper .5%

 F        BY
    T3_PHQ8          4.145       4.224       4.264       4.475       4.685       4.725       4.804
    T3_PROMI         9.134       9.302       9.387       9.834      10.281      10.366      10.534
    T3_SDQEM         1.676       1.716       1.737       1.844       1.951       1.972       2.012

 F        ON
    T1_PUB_B        -0.061      -0.022      -0.002       0.102       0.206       0.226       0.265
    T2_MEQES         0.015       0.020       0.022       0.033       0.045       0.047       0.051
    T2_MEQCR        -0.025      -0.022      -0.021      -0.013      -0.006      -0.005      -0.002
    T1_SELFC        -0.041      -0.039      -0.038      -0.034      -0.030      -0.029      -0.027
    T1_GSE          -0.019      -0.017      -0.015      -0.008      -0.001       0.000       0.003
    T1_MEQES        -0.007      -0.002       0.001       0.014       0.028       0.030       0.035
    T1_MEQCR        -0.018      -0.015      -0.013      -0.004       0.004       0.006       0.009
    T1_DOB          -0.098      -0.075      -0.062       0.001       0.065       0.077       0.101
    T1_SEIFA        -0.030      -0.008       0.003       0.062       0.121       0.132       0.154
    STATE_NS        -0.181      -0.140      -0.118      -0.008       0.103       0.124       0.165
    STATE_QL        -0.094      -0.061      -0.044       0.043       0.130       0.147       0.179
    STATE_WA        -0.064      -0.021       0.001       0.115       0.230       0.252       0.295

 T2_MEQES ON
    T1_PUB_B        -0.136      -0.026       0.030       0.323       0.616       0.672       0.782
    T1_MEQES         0.449       0.462       0.469       0.506       0.543       0.550       0.564
    T1_SELFC        -0.047      -0.041      -0.038      -0.024      -0.010      -0.007      -0.001
    T1_GSE          -0.012      -0.003       0.002       0.025       0.049       0.053       0.062
    T1_DOB          -0.416      -0.335      -0.294      -0.078       0.139       0.180       0.261
    T1_SEIFA        -0.227      -0.169      -0.140       0.014       0.169       0.198       0.256
    STATE_NS        -0.644      -0.521      -0.458      -0.128       0.202       0.265       0.388
    STATE_QL        -0.728      -0.624      -0.571      -0.295      -0.019       0.034       0.138
    STATE_WA        -0.417      -0.290      -0.224       0.117       0.458       0.523       0.651

 T2_MEQCR ON
    T1_PUB_B        -0.440      -0.259      -0.166       0.318       0.801       0.894       1.075
    T1_MEQCR         0.342       0.359       0.368       0.413       0.458       0.466       0.483
    T1_SELFC         0.013       0.022       0.027       0.051       0.076       0.080       0.090
    T1_GSE           0.062       0.077       0.085       0.125       0.165       0.172       0.187
    T1_DOB          -0.658      -0.532      -0.467      -0.130       0.207       0.272       0.398
    T1_SEIFA        -0.346      -0.244      -0.192       0.079       0.350       0.402       0.503
    STATE_NS        -0.788      -0.569      -0.456       0.130       0.717       0.829       1.049
    STATE_QL        -1.166      -0.987      -0.895      -0.417       0.061       0.152       0.331
    STATE_WA        -1.283      -1.077      -0.971      -0.419       0.133       0.238       0.445

 Intercepts
    T2_MEQES        -0.332      -0.248      -0.205       0.021       0.247       0.290       0.374
    T2_MEQCR        -0.390      -0.273      -0.213       0.100       0.412       0.472       0.589
    T3_PHQ8          3.932       4.051       4.112       4.429       4.746       4.807       4.926
    T3_PROMI        19.598      19.835      19.956      20.588      21.221      21.342      21.578
    T3_SDQEM         1.998       2.045       2.069       2.194       2.319       2.343       2.390

 Residual Variances
    T2_MEQES         9.456       9.725       9.862      10.580      11.297      11.435      11.703
    T2_MEQCR        26.304      26.907      27.215      28.826      30.436      30.744      31.347
    T3_PHQ8         11.510      12.122      12.434      14.068      15.701      16.014      16.626
    T3_PROMI        25.753      27.591      28.531      33.442      38.352      39.292      41.130
    T3_SDQEM         2.453       2.543       2.589       2.830       3.071       3.117       3.207
    F                0.812       0.822       0.827       0.852       0.878       0.882       0.892


CONFIDENCE INTERVALS OF TOTAL, TOTAL INDIRECT, SPECIFIC INDIRECT, AND DIRECT EFFECTS


                  Lower .5%  Lower 2.5%    Lower 5%    Estimate    Upper 5%  Upper 2.5%   Upper .5%

Effects from T1_PUB_B to F

  Total             -0.242      -0.068       0.021       0.485       0.949       1.038       1.212
  Total indirect    -0.035      -0.020      -0.012       0.029       0.070       0.078       0.093

  Specific indirect 1
    F
    T2_MEQES
    T1_PUB_B        -0.026      -0.008       0.001       0.048       0.095       0.104       0.122

  Specific indirect 2
    F
    T2_MEQCR
    T1_PUB_B        -0.070      -0.058      -0.052      -0.019       0.014       0.020       0.032

  Direct
    F
    T1_PUB_B        -0.272      -0.098      -0.009       0.456       0.921       1.010       1.184



CONFIDENCE INTERVALS OF STANDARDIZED TOTAL, TOTAL INDIRECT, SPECIFIC INDIRECT, AND DIRECT EFFECTS


STDYX Standardization

                  Lower .5%  Lower 2.5%    Lower 5%    Estimate    Upper 5%  Upper 2.5%   Upper .5%

Effects from T1_PUB_B to F

  Total             -0.021      -0.006       0.002       0.042       0.083       0.091       0.106
  Total indirect    -0.003      -0.002      -0.001       0.003       0.006       0.007       0.008

  Specific indirect 1
    F
    T2_MEQES
    T1_PUB_B        -0.002      -0.001       0.000       0.004       0.008       0.009       0.011

  Specific indirect 2
    F
    T2_MEQCR
    T1_PUB_B        -0.006      -0.005      -0.005      -0.002       0.001       0.002       0.003

  Direct
    F
    T1_PUB_B        -0.024      -0.009      -0.001       0.040       0.081       0.088       0.104



STDY Standardization

                  Lower .5%  Lower 2.5%    Lower 5%    Estimate    Upper 5%  Upper 2.5%   Upper .5%

Effects from T1_PUB_B to F

  Total             -0.054      -0.015       0.004       0.108       0.212       0.232       0.271
  Total indirect    -0.008      -0.004      -0.003       0.006       0.016       0.017       0.021

  Specific indirect 1
    F
    T2_MEQES
    T1_PUB_B        -0.006      -0.002       0.000       0.011       0.021       0.023       0.027

  Specific indirect 2
    F
    T2_MEQCR
    T1_PUB_B        -0.016      -0.013      -0.012      -0.004       0.003       0.004       0.007

  Direct
    F
    T1_PUB_B        -0.061      -0.022      -0.002       0.102       0.206       0.226       0.265



STD Standardization

                  Lower .5%  Lower 2.5%    Lower 5%    Estimate    Upper 5%  Upper 2.5%   Upper .5%

Effects from T1_PUB_B to F

  Total             -0.054      -0.015       0.004       0.108       0.212       0.232       0.271
  Total indirect    -0.008      -0.004      -0.003       0.006       0.016       0.017       0.021

  Specific indirect 1
    F
    T2_MEQES
    T1_PUB_B        -0.006      -0.002       0.000       0.011       0.021       0.023       0.027

  Specific indirect 2
    F
    T2_MEQCR
    T1_PUB_B        -0.016      -0.013      -0.012      -0.004       0.003       0.004       0.007

  Direct
    F
    T1_PUB_B        -0.061      -0.022      -0.002       0.102       0.206       0.226       0.265




TECHNICAL 1 OUTPUT


     PARAMETER SPECIFICATION


           NU
              T2_MEQES      T2_MEQCR      T3_PHQ8       T3_PROMI      T3_SDQEM
              ________      ________      ________      ________      ________
                  0             0             1             2             3


           NU
              T1_PUB_B      T1_DOB        T1_SELFC      T1_GSE        T1_MEQCR
              ________      ________      ________      ________      ________
                  0             0             0             0             0


           NU
              T1_MEQES      T1_SEIFA      STATE_NS      STATE_QL      STATE_WA
              ________      ________      ________      ________      ________
                  0             0             0             0             0


           LAMBDA
              F             T2_MEQES      T2_MEQCR      T1_PUB_B      T1_DOB
              ________      ________      ________      ________      ________
 T2_MEQES           0             0             0             0             0
 T2_MEQCR           0             0             0             0             0
 T3_PHQ8            0             0             0             0             0
 T3_PROMI           4             0             0             0             0
 T3_SDQEM           5             0             0             0             0
 T1_PUB_B           0             0             0             0             0
 T1_DOB             0             0             0             0             0
 T1_SELFC           0             0             0             0             0
 T1_GSE             0             0             0             0             0
 T1_MEQCR           0             0             0             0             0
 T1_MEQES           0             0             0             0             0
 T1_SEIFA           0             0             0             0             0
 STATE_NS           0             0             0             0             0
 STATE_QL           0             0             0             0             0
 STATE_WA           0             0             0             0             0


           LAMBDA
              T1_SELFC      T1_GSE        T1_MEQCR      T1_MEQES      T1_SEIFA
              ________      ________      ________      ________      ________
 T2_MEQES           0             0             0             0             0
 T2_MEQCR           0             0             0             0             0
 T3_PHQ8            0             0             0             0             0
 T3_PROMI           0             0             0             0             0
 T3_SDQEM           0             0             0             0             0
 T1_PUB_B           0             0             0             0             0
 T1_DOB             0             0             0             0             0
 T1_SELFC           0             0             0             0             0
 T1_GSE             0             0             0             0             0
 T1_MEQCR           0             0             0             0             0
 T1_MEQES           0             0             0             0             0
 T1_SEIFA           0             0             0             0             0
 STATE_NS           0             0             0             0             0
 STATE_QL           0             0             0             0             0
 STATE_WA           0             0             0             0             0


           LAMBDA
              STATE_NS      STATE_QL      STATE_WA
              ________      ________      ________
 T2_MEQES           0             0             0
 T2_MEQCR           0             0             0
 T3_PHQ8            0             0             0
 T3_PROMI           0             0             0
 T3_SDQEM           0             0             0
 T1_PUB_B           0             0             0
 T1_DOB             0             0             0
 T1_SELFC           0             0             0
 T1_GSE             0             0             0
 T1_MEQCR           0             0             0
 T1_MEQES           0             0             0
 T1_SEIFA           0             0             0
 STATE_NS           0             0             0
 STATE_QL           0             0             0
 STATE_WA           0             0             0


           THETA
              T2_MEQES      T2_MEQCR      T3_PHQ8       T3_PROMI      T3_SDQEM
              ________      ________      ________      ________      ________
 T2_MEQES           0
 T2_MEQCR           0             0
 T3_PHQ8            0             0             6
 T3_PROMI           0             0             0             7
 T3_SDQEM           0             0             0             0             8
 T1_PUB_B           0             0             0             0             0
 T1_DOB             0             0             0             0             0
 T1_SELFC           0             0             0             0             0
 T1_GSE             0             0             0             0             0
 T1_MEQCR           0             0             0             0             0
 T1_MEQES           0             0             0             0             0
 T1_SEIFA           0             0             0             0             0
 STATE_NS           0             0             0             0             0
 STATE_QL           0             0             0             0             0
 STATE_WA           0             0             0             0             0


           THETA
              T1_PUB_B      T1_DOB        T1_SELFC      T1_GSE        T1_MEQCR
              ________      ________      ________      ________      ________
 T1_PUB_B           0
 T1_DOB             0             0
 T1_SELFC           0             0             0
 T1_GSE             0             0             0             0
 T1_MEQCR           0             0             0             0             0
 T1_MEQES           0             0             0             0             0
 T1_SEIFA           0             0             0             0             0
 STATE_NS           0             0             0             0             0
 STATE_QL           0             0             0             0             0
 STATE_WA           0             0             0             0             0


           THETA
              T1_MEQES      T1_SEIFA      STATE_NS      STATE_QL      STATE_WA
              ________      ________      ________      ________      ________
 T1_MEQES           0
 T1_SEIFA           0             0
 STATE_NS           0             0             0
 STATE_QL           0             0             0             0
 STATE_WA           0             0             0             0             0


           ALPHA
              F             T2_MEQES      T2_MEQCR      T1_PUB_B      T1_DOB
              ________      ________      ________      ________      ________
                  0             9            10             0             0


           ALPHA
              T1_SELFC      T1_GSE        T1_MEQCR      T1_MEQES      T1_SEIFA
              ________      ________      ________      ________      ________
                  0             0             0             0             0


           ALPHA
              STATE_NS      STATE_QL      STATE_WA
              ________      ________      ________
                  0             0             0


           BETA
              F             T2_MEQES      T2_MEQCR      T1_PUB_B      T1_DOB
              ________      ________      ________      ________      ________
 F                  0            11            12            13            14
 T2_MEQES           0             0             0            23            24
 T2_MEQCR           0             0             0            32            33
 T1_PUB_B           0             0             0             0             0
 T1_DOB             0             0             0             0             0
 T1_SELFC           0             0             0             0             0
 T1_GSE             0             0             0             0             0
 T1_MEQCR           0             0             0             0             0
 T1_MEQES           0             0             0             0             0
 T1_SEIFA           0             0             0             0             0
 STATE_NS           0             0             0             0             0
 STATE_QL           0             0             0             0             0
 STATE_WA           0             0             0             0             0


           BETA
              T1_SELFC      T1_GSE        T1_MEQCR      T1_MEQES      T1_SEIFA
              ________      ________      ________      ________      ________
 F                 15            16            17            18            19
 T2_MEQES          25            26             0            27            28
 T2_MEQCR          34            35            36             0            37
 T1_PUB_B           0             0             0             0             0
 T1_DOB             0             0             0             0             0
 T1_SELFC           0             0             0             0             0
 T1_GSE             0             0             0             0             0
 T1_MEQCR           0             0             0             0             0
 T1_MEQES           0             0             0             0             0
 T1_SEIFA           0             0             0             0             0
 STATE_NS           0             0             0             0             0
 STATE_QL           0             0             0             0             0
 STATE_WA           0             0             0             0             0


           BETA
              STATE_NS      STATE_QL      STATE_WA
              ________      ________      ________
 F                 20            21            22
 T2_MEQES          29            30            31
 T2_MEQCR          38            39            40
 T1_PUB_B           0             0             0
 T1_DOB             0             0             0
 T1_SELFC           0             0             0
 T1_GSE             0             0             0
 T1_MEQCR           0             0             0
 T1_MEQES           0             0             0
 T1_SEIFA           0             0             0
 STATE_NS           0             0             0
 STATE_QL           0             0             0
 STATE_WA           0             0             0


           PSI
              F             T2_MEQES      T2_MEQCR      T1_PUB_B      T1_DOB
              ________      ________      ________      ________      ________
 F                 41
 T2_MEQES           0            42
 T2_MEQCR           0             0            43
 T1_PUB_B           0             0             0             0
 T1_DOB             0             0             0             0             0
 T1_SELFC           0             0             0             0             0
 T1_GSE             0             0             0             0             0
 T1_MEQCR           0             0             0             0             0
 T1_MEQES           0             0             0             0             0
 T1_SEIFA           0             0             0             0             0
 STATE_NS           0             0             0             0             0
 STATE_QL           0             0             0             0             0
 STATE_WA           0             0             0             0             0


           PSI
              T1_SELFC      T1_GSE        T1_MEQCR      T1_MEQES      T1_SEIFA
              ________      ________      ________      ________      ________
 T1_SELFC           0
 T1_GSE             0             0
 T1_MEQCR           0             0             0
 T1_MEQES           0             0             0             0
 T1_SEIFA           0             0             0             0             0
 STATE_NS           0             0             0             0             0
 STATE_QL           0             0             0             0             0
 STATE_WA           0             0             0             0             0


           PSI
              STATE_NS      STATE_QL      STATE_WA
              ________      ________      ________
 STATE_NS           0
 STATE_QL           0             0
 STATE_WA           0             0             0


     STARTING VALUES


           NU
              T2_MEQES      T2_MEQCR      T3_PHQ8       T3_PROMI      T3_SDQEM
              ________      ________      ________      ________      ________
                0.000         0.000         4.687        21.234         2.296


           NU
              T1_PUB_B      T1_DOB        T1_SELFC      T1_GSE        T1_MEQCR
              ________      ________      ________      ________      ________
                0.000         0.000         0.000         0.000         0.000


           NU
              T1_MEQES      T1_SEIFA      STATE_NS      STATE_QL      STATE_WA
              ________      ________      ________      ________      ________
                0.000         0.000         0.000         0.000         0.000


           LAMBDA
              F             T2_MEQES      T2_MEQCR      T1_PUB_B      T1_DOB
              ________      ________      ________      ________      ________
 T2_MEQES       0.000         1.000         0.000         0.000         0.000
 T2_MEQCR       0.000         0.000         1.000         0.000         0.000
 T3_PHQ8        1.000         0.000         0.000         0.000         0.000
 T3_PROMI       2.360         0.000         0.000         0.000         0.000
 T3_SDQEM       0.421         0.000         0.000         0.000         0.000
 T1_PUB_B       0.000         0.000         0.000         1.000         0.000
 T1_DOB         0.000         0.000         0.000         0.000         1.000
 T1_SELFC       0.000         0.000         0.000         0.000         0.000
 T1_GSE         0.000         0.000         0.000         0.000         0.000
 T1_MEQCR       0.000         0.000         0.000         0.000         0.000
 T1_MEQES       0.000         0.000         0.000         0.000         0.000
 T1_SEIFA       0.000         0.000         0.000         0.000         0.000
 STATE_NS       0.000         0.000         0.000         0.000         0.000
 STATE_QL       0.000         0.000         0.000         0.000         0.000
 STATE_WA       0.000         0.000         0.000         0.000         0.000


           LAMBDA
              T1_SELFC      T1_GSE        T1_MEQCR      T1_MEQES      T1_SEIFA
              ________      ________      ________      ________      ________
 T2_MEQES       0.000         0.000         0.000         0.000         0.000
 T2_MEQCR       0.000         0.000         0.000         0.000         0.000
 T3_PHQ8        0.000         0.000         0.000         0.000         0.000
 T3_PROMI       0.000         0.000         0.000         0.000         0.000
 T3_SDQEM       0.000         0.000         0.000         0.000         0.000
 T1_PUB_B       0.000         0.000         0.000         0.000         0.000
 T1_DOB         0.000         0.000         0.000         0.000         0.000
 T1_SELFC       1.000         0.000         0.000         0.000         0.000
 T1_GSE         0.000         1.000         0.000         0.000         0.000
 T1_MEQCR       0.000         0.000         1.000         0.000         0.000
 T1_MEQES       0.000         0.000         0.000         1.000         0.000
 T1_SEIFA       0.000         0.000         0.000         0.000         1.000
 STATE_NS       0.000         0.000         0.000         0.000         0.000
 STATE_QL       0.000         0.000         0.000         0.000         0.000
 STATE_WA       0.000         0.000         0.000         0.000         0.000


           LAMBDA
              STATE_NS      STATE_QL      STATE_WA
              ________      ________      ________
 T2_MEQES       0.000         0.000         0.000
 T2_MEQCR       0.000         0.000         0.000
 T3_PHQ8        0.000         0.000         0.000
 T3_PROMI       0.000         0.000         0.000
 T3_SDQEM       0.000         0.000         0.000
 T1_PUB_B       0.000         0.000         0.000
 T1_DOB         0.000         0.000         0.000
 T1_SELFC       0.000         0.000         0.000
 T1_GSE         0.000         0.000         0.000
 T1_MEQCR       0.000         0.000         0.000
 T1_MEQES       0.000         0.000         0.000
 T1_SEIFA       0.000         0.000         0.000
 STATE_NS       1.000         0.000         0.000
 STATE_QL       0.000         1.000         0.000
 STATE_WA       0.000         0.000         1.000


           THETA
              T2_MEQES      T2_MEQCR      T3_PHQ8       T3_PROMI      T3_SDQEM
              ________      ________      ________      ________      ________
 T2_MEQES       0.000
 T2_MEQCR       0.000         0.000
 T3_PHQ8        0.000         0.000        17.090
 T3_PROMI       0.000         0.000         0.000        65.576
 T3_SDQEM       0.000         0.000         0.000         0.000         3.126
 T1_PUB_B       0.000         0.000         0.000         0.000         0.000
 T1_DOB         0.000         0.000         0.000         0.000         0.000
 T1_SELFC       0.000         0.000         0.000         0.000         0.000
 T1_GSE         0.000         0.000         0.000         0.000         0.000
 T1_MEQCR       0.000         0.000         0.000         0.000         0.000
 T1_MEQES       0.000         0.000         0.000         0.000         0.000
 T1_SEIFA       0.000         0.000         0.000         0.000         0.000
 STATE_NS       0.000         0.000         0.000         0.000         0.000
 STATE_QL       0.000         0.000         0.000         0.000         0.000
 STATE_WA       0.000         0.000         0.000         0.000         0.000


           THETA
              T1_PUB_B      T1_DOB        T1_SELFC      T1_GSE        T1_MEQCR
              ________      ________      ________      ________      ________
 T1_PUB_B       0.000
 T1_DOB         0.000         0.000
 T1_SELFC       0.000         0.000         0.000
 T1_GSE         0.000         0.000         0.000         0.000
 T1_MEQCR       0.000         0.000         0.000         0.000         0.000
 T1_MEQES       0.000         0.000         0.000         0.000         0.000
 T1_SEIFA       0.000         0.000         0.000         0.000         0.000
 STATE_NS       0.000         0.000         0.000         0.000         0.000
 STATE_QL       0.000         0.000         0.000         0.000         0.000
 STATE_WA       0.000         0.000         0.000         0.000         0.000


           THETA
              T1_MEQES      T1_SEIFA      STATE_NS      STATE_QL      STATE_WA
              ________      ________      ________      ________      ________
 T1_MEQES       0.000
 T1_SEIFA       0.000         0.000
 STATE_NS       0.000         0.000         0.000
 STATE_QL       0.000         0.000         0.000         0.000
 STATE_WA       0.000         0.000         0.000         0.000         0.000


           ALPHA
              F             T2_MEQES      T2_MEQCR      T1_PUB_B      T1_DOB
              ________      ________      ________      ________      ________
                0.000         0.000         0.000         0.187         0.000


           ALPHA
              T1_SELFC      T1_GSE        T1_MEQCR      T1_MEQES      T1_SEIFA
              ________      ________      ________      ________      ________
                0.000         0.000         0.000         0.000         0.000


           ALPHA
              STATE_NS      STATE_QL      STATE_WA
              ________      ________      ________
                0.216         0.259         0.189


           BETA
              F             T2_MEQES      T2_MEQCR      T1_PUB_B      T1_DOB
              ________      ________      ________      ________      ________
 F              0.000         0.000         0.000         0.000         0.000
 T2_MEQES       0.000         0.000         0.000         0.000         0.000
 T2_MEQCR       0.000         0.000         0.000         0.000         0.000
 T1_PUB_B       0.000         0.000         0.000         0.000         0.000
 T1_DOB         0.000         0.000         0.000         0.000         0.000
 T1_SELFC       0.000         0.000         0.000         0.000         0.000
 T1_GSE         0.000         0.000         0.000         0.000         0.000
 T1_MEQCR       0.000         0.000         0.000         0.000         0.000
 T1_MEQES       0.000         0.000         0.000         0.000         0.000
 T1_SEIFA       0.000         0.000         0.000         0.000         0.000
 STATE_NS       0.000         0.000         0.000         0.000         0.000
 STATE_QL       0.000         0.000         0.000         0.000         0.000
 STATE_WA       0.000         0.000         0.000         0.000         0.000


           BETA
              T1_SELFC      T1_GSE        T1_MEQCR      T1_MEQES      T1_SEIFA
              ________      ________      ________      ________      ________
 F              0.000         0.000         0.000         0.000         0.000
 T2_MEQES       0.000         0.000         0.000         0.000         0.000
 T2_MEQCR       0.000         0.000         0.000         0.000         0.000
 T1_PUB_B       0.000         0.000         0.000         0.000         0.000
 T1_DOB         0.000         0.000         0.000         0.000         0.000
 T1_SELFC       0.000         0.000         0.000         0.000         0.000
 T1_GSE         0.000         0.000         0.000         0.000         0.000
 T1_MEQCR       0.000         0.000         0.000         0.000         0.000
 T1_MEQES       0.000         0.000         0.000         0.000         0.000
 T1_SEIFA       0.000         0.000         0.000         0.000         0.000
 STATE_NS       0.000         0.000         0.000         0.000         0.000
 STATE_QL       0.000         0.000         0.000         0.000         0.000
 STATE_WA       0.000         0.000         0.000         0.000         0.000


           BETA
              STATE_NS      STATE_QL      STATE_WA
              ________      ________      ________
 F              0.000         0.000         0.000
 T2_MEQES       0.000         0.000         0.000
 T2_MEQCR       0.000         0.000         0.000
 T1_PUB_B       0.000         0.000         0.000
 T1_DOB         0.000         0.000         0.000
 T1_SELFC       0.000         0.000         0.000
 T1_GSE         0.000         0.000         0.000
 T1_MEQCR       0.000         0.000         0.000
 T1_MEQES       0.000         0.000         0.000
 T1_SEIFA       0.000         0.000         0.000
 STATE_NS       0.000         0.000         0.000
 STATE_QL       0.000         0.000         0.000
 STATE_WA       0.000         0.000         0.000


           PSI
              F             T2_MEQES      T2_MEQCR      T1_PUB_B      T1_DOB
              ________      ________      ________      ________      ________
 F              0.050
 T2_MEQES       0.000         6.790
 T2_MEQCR       0.000         0.000        18.227
 T1_PUB_B       0.000         0.000         0.000         0.152
 T1_DOB         0.000         0.000         0.000         0.019         0.242
 T1_SELFC       0.000         0.000         0.000        -0.216        -0.149
 T1_GSE         0.000         0.000         0.000        -0.035        -0.029
 T1_MEQCR       0.000         0.000         0.000         0.003         0.003
 T1_MEQES       0.000         0.000         0.000         0.047        -0.012
 T1_SEIFA       0.000         0.000         0.000        -0.003        -0.003
 STATE_NS       0.000         0.000         0.000        -0.001         0.036
 STATE_QL       0.000         0.000         0.000         0.005        -0.022
 STATE_WA       0.000         0.000         0.000        -0.004        -0.030


           PSI
              T1_SELFC      T1_GSE        T1_MEQCR      T1_MEQES      T1_SEIFA
              ________      ________      ________      ________      ________
 T1_SELFC      63.645
 T1_GSE        14.295        36.557
 T1_MEQCR       8.849        10.061        26.464
 T1_MEQES      -4.974         0.345         3.953        10.805
 T1_SEIFA      -0.044         0.157        -0.001        -0.003         0.412
 STATE_NS      -0.072        -0.052         0.008         0.004        -0.056
 STATE_QL      -0.042        -0.062        -0.065        -0.002        -0.020
 STATE_WA       0.071         0.006        -0.032         0.006        -0.041


           PSI
              STATE_NS      STATE_QL      STATE_WA
              ________      ________      ________
 STATE_NS       0.169
 STATE_QL      -0.056         0.192
 STATE_WA      -0.041        -0.049         0.154


DIAGRAM INFORMATION

  Use View Diagram under the Diagram menu in the Mplus Editor to view the diagram.
  If running Mplus from the Mplus Diagrammer, the diagram opens automatically.

  Diagram output
    d:\onedrive - the university of sydney (staff)\cre\psychiatric epidemiology\pubertal timing and int\model1-male-impu

     Beginning Time:  18:44:06
        Ending Time:  18:44:28
       Elapsed Time:  00:00:22



MUTHEN & MUTHEN
3463 Stoner Ave.
Los Angeles, CA  90066

Tel: (310) 391-9971
Fax: (310) 391-8971
Web: www.StatModel.com
Support: Support@StatModel.com

Copyright (c) 1998-2022 Muthen & Muthen
