Mplus VERSION 8.8
MUTHEN & MUTHEN
02/19/2025  10:34 AM

INPUT INSTRUCTIONS

  Title: H4L pubertal timing and internalising mediation analysis

  data: file= h4lmed.csv;

  variable: names are id sex trialgrp cluster t1_dob
  t1_phq8 t1_promisa t1_parmon t1_parcon
  t1_meqcr t1_meqes t1_sdqemo t1_pub_cat
  t1_selfcon t1_gse
  t2_meqcr t2_meqes t2_dob t3_phq8 t3_promisa t3_sdqemo t3_dob
  t1_seifa state_nswr state_qld state_wa male female notsay
  t1_pub_bin;

  SUBPOPULATION = female EQ 1;

  usevariables = t1_pub_bin t2_meqes t2_meqcr
  t3_phq8 t3_promisa t3_sdqemo
  t1_dob
  t1_selfcon t1_gse
  t1_meqcr t1_meqes
  t1_seifa
  state_nswr state_qld state_wa;

  missing = .;

  cluster=cluster;

  DEFINE: CENTER t2_meqes t2_meqcr t1_dob t1_seifa
              t1_selfcon t1_gse t1_meqes
              t1_meqcr(GRANDMEAN);

  ANALYSIS: estimator=mlr; type=complex;


  model:
  f by t3_phq8 t3_promisa t3_sdqemo;

  t2_meqes on t1_pub_bin t1_meqes t1_selfcon t1_gse
      t1_dob t1_seifa state_nswr state_qld state_wa;
  t2_meqcr on t1_pub_bin t1_meqcr t1_selfcon t1_gse
      t1_dob t1_seifa state_nswr state_qld state_wa;

  f on t1_pub_bin t2_meqes t2_meqcr t1_selfcon t1_gse
   t1_meqes t1_meqcr t1_dob t1_seifa
  state_nswr state_qld state_wa;

  model indirect:
  f ind t1_pub_bin;

  output: standardized; cinterval;



*** WARNING in VARIABLE command
  Note that only the first 8 characters of variable names are used in the output.
  Shorten variable names to avoid any confusion.
*** WARNING
  Data set contains cases with missing on x-variables.
  These cases were not included in the analysis.
  Number of cases with missing on x-variables:  2243
*** WARNING
  Data set contains cases with missing on all variables except
  x-variables.  These cases were not included in the analysis.
  Number of cases with missing on all variables except x-variables:  233
   3 WARNING(S) FOUND IN THE INPUT INSTRUCTIONS



H4L pubertal timing and internalising mediation analysis

SUMMARY OF ANALYSIS

Number of groups                                                 1
Number of observations                                        2100

Number of dependent variables                                    5
Number of independent variables                                 10
Number of continuous latent variables                            1

Observed dependent variables

  Continuous
   T2_MEQES    T2_MEQCR    T3_PHQ8     T3_PROMISA  T3_SDQEMO

Observed independent variables
   T1_PUB_B    T1_DOB      T1_SELFC    T1_GSE      T1_MEQCR    T1_MEQES
   T1_SEIFA    STATE_NS    STATE_QL    STATE_WA

Continuous latent variables
   F

Variables with special functions

  Cluster variable      CLUSTER

  Centering (GRANDMEAN)
   T2_MEQES    T2_MEQCR    T1_DOB      T1_SEIFA    T1_SELFC    T1_GSE
   T1_MEQES    T1_MEQCR


Estimator                                                      MLR
Information matrix                                        OBSERVED
Maximum number of iterations                                  1000
Convergence criterion                                    0.500D-04
Maximum number of steepest descent iterations                   20
Maximum number of iterations for H1                           2000
Convergence criterion for H1                             0.100D-03

Input data file(s)
  h4lmed.csv

Input data format  FREE


SUMMARY OF DATA

     Number of missing data patterns             9
     Number of clusters                         64




UNIVARIATE SAMPLE STATISTICS


     UNIVARIATE HIGHER-ORDER MOMENT DESCRIPTIVE STATISTICS

         Variable/         Mean/     Skewness/   Minimum/ % with                Percentiles
        Sample Size      Variance    Kurtosis    Maximum  Min/Max      20%/60%    40%/80%    Median

     T2_MEQES              0.000       0.239      -6.903    3.72%      -2.903     -0.903      0.097
            1880.000      12.518      -0.212       9.097    1.65%       1.097      3.097
     T2_MEQCR              0.000      -0.309     -14.007    2.18%      -4.007     -1.007     -0.007
            1878.000      26.504       0.221       9.993    4.79%       0.993      3.993
     T3_PHQ8               6.981       1.004       0.000   11.94%       1.000      4.000      5.000
            1809.000      39.714       0.203      24.000    2.32%       7.000     12.000
     T3_PROMISA           27.016       0.954      13.000    9.58%      15.000     20.000     24.000
            1805.000     159.620       0.239      65.000    1.22%      28.000     38.000
     T3_SDQEMO             3.825       0.414       0.000   11.43%       1.000      3.000      4.000
            1759.000       7.435      -0.739      10.000    2.67%       4.000      6.000
     T1_PUB_BIN            0.493       0.027       0.000   50.67%       0.000      0.000      0.000
            2100.000       0.250      -1.999       1.000   49.33%       1.000      1.000
     T1_DOB                0.000      -0.303      -1.619    0.14%      -0.619      0.381      0.381
            2100.000       0.258      -1.283       1.381    0.95%       0.381      0.381
     T1_SELFCON            0.000      -0.261     -25.816    0.10%      -6.816     -1.816      0.184
            2100.000      64.343      -0.026      19.184    0.24%       2.184      7.184
     T1_GSE                0.000      -0.447     -19.415    0.62%      -3.415     -1.415     -0.415
            2100.000      26.669       0.967      10.585    1.76%       0.585      4.585
     T1_MEQCR              0.000      -0.275     -14.324    0.95%      -3.324     -1.324     -0.324
            2100.000      21.735       0.372       9.676    3.43%       0.676      3.676
     T1_MEQES              0.000       0.174      -7.081    1.86%      -3.081     -1.081     -0.081
            2100.000      10.604      -0.153       8.919    0.81%       0.919      2.919
     T1_SEIFA              0.000      -0.567      -1.438    5.90%      -0.438     -0.438     -0.438
            2100.000       0.364      -0.600       0.562   49.71%       0.562      0.562
     STATE_NSWR            0.171       1.744       0.000   82.86%       0.000      0.000      0.000
            2100.000       0.142       1.040       1.000   17.14%       0.000      0.000
     STATE_QLD             0.313       0.807       0.000   68.71%       0.000      0.000      0.000
            2100.000       0.215      -1.348       1.000   31.29%       0.000      1.000
     STATE_WA              0.165       1.803       0.000   83.48%       0.000      0.000      0.000
            2100.000       0.138       1.250       1.000   16.52%       0.000      0.000


THE MODEL ESTIMATION TERMINATED NORMALLY



MODEL FIT INFORMATION

Number of Free Parameters                       43

Loglikelihood

          H0 Value                      -25632.159
          H0 Scaling Correction Factor      1.3157
            for MLR
          H1 Value                      -25520.222
          H1 Scaling Correction Factor      1.2407
            for MLR

Information Criteria

          Akaike (AIC)                   51350.317
          Bayesian (BIC)                 51593.254
          Sample-Size Adjusted BIC       51456.639
            (n* = (n + 2) / 24)

Chi-Square Test of Model Fit

          Value                            199.632*
          Degrees of Freedom                    27
          P-Value                           0.0000
          Scaling Correction Factor         1.1214
            for MLR

*   The chi-square value for MLM, MLMV, MLR, ULSMV, WLSM and WLSMV cannot be used
    for chi-square difference testing in the regular way.  MLM, MLR and WLSM
    chi-square difference testing is described on the Mplus website.  MLMV, WLSMV,
    and ULSMV difference testing is done using the DIFFTEST option.

RMSEA (Root Mean Square Error Of Approximation)

          Estimate                           0.055
          90 Percent C.I.                    0.048  0.062
          Probability RMSEA <= .05           0.111

CFI/TLI

          CFI                                0.960
          TLI                                0.911

Chi-Square Test of Model Fit for the Baseline Model

          Value                           4379.686
          Degrees of Freedom                    60
          P-Value                           0.0000

SRMR (Standardized Root Mean Square Residual)

          Value                              0.023



MODEL RESULTS

                                                    Two-Tailed
                    Estimate       S.E.  Est./S.E.    P-Value

 F        BY
    T3_PHQ8            1.000      0.000    999.000    999.000
    T3_PROMISA         2.136      0.050     42.785      0.000
    T3_SDQEMO          0.445      0.012     36.333      0.000

 F        ON
    T1_PUB_BIN         0.344      0.236      1.457      0.145
    T2_MEQES           0.332      0.047      7.104      0.000
    T2_MEQCR          -0.146      0.032     -4.580      0.000
    T1_SELFCON        -0.164      0.018     -9.295      0.000
    T1_GSE            -0.059      0.024     -2.469      0.014
    T1_MEQES           0.099      0.055      1.778      0.075
    T1_MEQCR           0.004      0.030      0.139      0.890
    T1_DOB            -0.228      0.246     -0.925      0.355
    T1_SEIFA           0.181      0.328      0.552      0.581
    STATE_NSWR         1.333      0.518      2.574      0.010
    STATE_QLD          0.281      0.352      0.800      0.424
    STATE_WA           1.330      0.423      3.140      0.002

 T2_MEQES ON
    T1_PUB_BIN         0.686      0.126      5.428      0.000
    T1_MEQES           0.618      0.022     28.252      0.000
    T1_SELFCON        -0.020      0.009     -2.335      0.020
    T1_GSE             0.040      0.017      2.349      0.019
    T1_DOB            -0.124      0.143     -0.865      0.387
    T1_SEIFA           0.116      0.114      1.021      0.307
    STATE_NSWR         0.340      0.239      1.420      0.156
    STATE_QLD         -0.002      0.151     -0.013      0.990
    STATE_WA          -0.016      0.188     -0.087      0.930

 T2_MEQCR ON
    T1_PUB_BIN        -0.501      0.228     -2.202      0.028
    T1_MEQCR           0.455      0.034     13.519      0.000
    T1_SELFCON         0.051      0.015      3.491      0.000
    T1_GSE             0.160      0.030      5.393      0.000
    T1_DOB            -0.118      0.212     -0.555      0.579
    T1_SEIFA           0.483      0.246      1.965      0.049
    STATE_NSWR         0.149      0.343      0.434      0.664
    STATE_QLD          0.259      0.302      0.856      0.392
    STATE_WA           0.107      0.346      0.309      0.757

 Intercepts
    T2_MEQES          -0.399      0.140     -2.856      0.004
    T2_MEQCR           0.110      0.261      0.421      0.673
    T3_PHQ8            6.362      0.319     19.965      0.000
    T3_PROMISA        25.727      0.662     38.851      0.000
    T3_SDQEMO          3.562      0.139     25.601      0.000

 Residual Variances
    T2_MEQES           8.043      0.427     18.832      0.000
    T2_MEQCR          19.243      1.037     18.552      0.000
    T3_PHQ8           12.599      0.988     12.751      0.000
    T3_PROMISA        36.340      2.486     14.620      0.000
    T3_SDQEMO          2.067      0.126     16.385      0.000
    F                 20.195      1.221     16.540      0.000


QUALITY OF NUMERICAL RESULTS

     Condition Number for the Information Matrix              0.190E-03
       (ratio of smallest to largest eigenvalue)


STANDARDIZED MODEL RESULTS


STDYX Standardization

                                                    Two-Tailed
                    Estimate       S.E.  Est./S.E.    P-Value

 F        BY
    T3_PHQ8            0.827      0.013     64.351      0.000
    T3_PROMISA         0.880      0.009     99.120      0.000
    T3_SDQEMO          0.851      0.011     80.877      0.000

 F        ON
    T1_PUB_BIN         0.033      0.023      1.462      0.144
    T2_MEQES           0.225      0.033      6.899      0.000
    T2_MEQCR          -0.145      0.032     -4.538      0.000
    T1_SELFCON        -0.252      0.027     -9.453      0.000
    T1_GSE            -0.059      0.024     -2.440      0.015
    T1_MEQES           0.061      0.034      1.798      0.072
    T1_MEQCR           0.004      0.026      0.139      0.890
    T1_DOB            -0.022      0.024     -0.926      0.354
    T1_SEIFA           0.021      0.038      0.550      0.582
    STATE_NSWR         0.096      0.039      2.438      0.015
    STATE_QLD          0.025      0.031      0.803      0.422
    STATE_WA           0.095      0.032      2.933      0.003

 T2_MEQES ON
    T1_PUB_BIN         0.097      0.018      5.508      0.000
    T1_MEQES           0.569      0.021     26.874      0.000
    T1_SELFCON        -0.046      0.020     -2.335      0.020
    T1_GSE             0.058      0.025      2.375      0.018
    T1_DOB            -0.018      0.020     -0.868      0.385
    T1_SEIFA           0.020      0.019      1.017      0.309
    STATE_NSWR         0.036      0.026      1.396      0.163
    STATE_QLD          0.000      0.020     -0.013      0.990
    STATE_WA          -0.002      0.020     -0.087      0.930

 T2_MEQCR ON
    T1_PUB_BIN        -0.049      0.022     -2.185      0.029
    T1_MEQCR           0.410      0.032     12.906      0.000
    T1_SELFCON         0.080      0.023      3.467      0.001
    T1_GSE             0.160      0.029      5.464      0.000
    T1_DOB            -0.012      0.021     -0.557      0.578
    T1_SEIFA           0.056      0.029      1.935      0.053
    STATE_NSWR         0.011      0.025      0.434      0.664
    STATE_QLD          0.023      0.027      0.856      0.392
    STATE_WA           0.008      0.025      0.309      0.757

 Intercepts
    T2_MEQES          -0.113      0.040     -2.852      0.004
    T2_MEQCR           0.021      0.051      0.420      0.674
    T3_PHQ8            1.007      0.050     19.995      0.000
    T3_PROMISA         2.029      0.056     36.441      0.000
    T3_SDQEMO          1.303      0.050     26.041      0.000

 Residual Variances
    T2_MEQES           0.643      0.024     26.602      0.000
    T2_MEQCR           0.721      0.028     26.161      0.000
    T3_PHQ8            0.316      0.021     14.858      0.000
    T3_PROMISA         0.226      0.016     14.466      0.000
    T3_SDQEMO          0.277      0.018     15.462      0.000
    F                  0.740      0.019     39.872      0.000


STDY Standardization

                                                    Two-Tailed
                    Estimate       S.E.  Est./S.E.    P-Value

 F        BY
    T3_PHQ8            0.827      0.013     64.351      0.000
    T3_PROMISA         0.880      0.009     99.120      0.000
    T3_SDQEMO          0.851      0.011     80.877      0.000

 F        ON
    T1_PUB_BIN         0.066      0.045      1.462      0.144
    T2_MEQES           0.225      0.033      6.899      0.000
    T2_MEQCR          -0.145      0.032     -4.538      0.000
    T1_SELFCON        -0.031      0.003     -9.532      0.000
    T1_GSE            -0.011      0.005     -2.442      0.015
    T1_MEQES           0.019      0.010      1.798      0.072
    T1_MEQCR           0.001      0.006      0.139      0.890
    T1_DOB            -0.044      0.047     -0.926      0.354
    T1_SEIFA           0.035      0.063      0.551      0.582
    STATE_NSWR         0.255      0.099      2.573      0.010
    STATE_QLD          0.054      0.067      0.805      0.421
    STATE_WA           0.255      0.082      3.107      0.002

 T2_MEQES ON
    T1_PUB_BIN         0.194      0.035      5.508      0.000
    T1_MEQES           0.175      0.006     27.439      0.000
    T1_SELFCON        -0.006      0.002     -2.336      0.019
    T1_GSE             0.011      0.005      2.377      0.017
    T1_DOB            -0.035      0.040     -0.868      0.385
    T1_SEIFA           0.033      0.032      1.021      0.307
    STATE_NSWR         0.096      0.068      1.420      0.156
    STATE_QLD         -0.001      0.043     -0.013      0.990
    STATE_WA          -0.005      0.053     -0.087      0.930

 T2_MEQCR ON
    T1_PUB_BIN        -0.097      0.044     -2.185      0.029
    T1_MEQCR           0.088      0.007     13.135      0.000
    T1_SELFCON         0.010      0.003      3.472      0.001
    T1_GSE             0.031      0.006      5.481      0.000
    T1_DOB            -0.023      0.041     -0.557      0.578
    T1_SEIFA           0.094      0.048      1.960      0.050
    STATE_NSWR         0.029      0.066      0.434      0.664
    STATE_QLD          0.050      0.058      0.858      0.391
    STATE_WA           0.021      0.067      0.310      0.757

 Intercepts
    T2_MEQES          -0.113      0.040     -2.852      0.004
    T2_MEQCR           0.021      0.051      0.420      0.674
    T3_PHQ8            1.007      0.050     19.995      0.000
    T3_PROMISA         2.029      0.056     36.441      0.000
    T3_SDQEMO          1.303      0.050     26.041      0.000

 Residual Variances
    T2_MEQES           0.643      0.024     26.602      0.000
    T2_MEQCR           0.721      0.028     26.161      0.000
    T3_PHQ8            0.316      0.021     14.858      0.000
    T3_PROMISA         0.226      0.016     14.466      0.000
    T3_SDQEMO          0.277      0.018     15.462      0.000
    F                  0.740      0.019     39.872      0.000


STD Standardization

                                                    Two-Tailed
                    Estimate       S.E.  Est./S.E.    P-Value

 F        BY
    T3_PHQ8            5.223      0.141     37.117      0.000
    T3_PROMISA        11.158      0.307     36.299      0.000
    T3_SDQEMO          2.325      0.049     47.033      0.000

 F        ON
    T1_PUB_BIN         0.066      0.045      1.462      0.144
    T2_MEQES           0.064      0.009      7.141      0.000
    T2_MEQCR          -0.028      0.006     -4.627      0.000
    T1_SELFCON        -0.031      0.003     -9.532      0.000
    T1_GSE            -0.011      0.005     -2.442      0.015
    T1_MEQES           0.019      0.010      1.798      0.072
    T1_MEQCR           0.001      0.006      0.139      0.890
    T1_DOB            -0.044      0.047     -0.926      0.354
    T1_SEIFA           0.035      0.063      0.551      0.582
    STATE_NSWR         0.255      0.099      2.573      0.010
    STATE_QLD          0.054      0.067      0.805      0.421
    STATE_WA           0.255      0.082      3.107      0.002

 T2_MEQES ON
    T1_PUB_BIN         0.686      0.126      5.428      0.000
    T1_MEQES           0.618      0.022     28.252      0.000
    T1_SELFCON        -0.020      0.009     -2.335      0.020
    T1_GSE             0.040      0.017      2.349      0.019
    T1_DOB            -0.124      0.143     -0.865      0.387
    T1_SEIFA           0.116      0.114      1.021      0.307
    STATE_NSWR         0.340      0.239      1.420      0.156
    STATE_QLD         -0.002      0.151     -0.013      0.990
    STATE_WA          -0.016      0.188     -0.087      0.930

 T2_MEQCR ON
    T1_PUB_BIN        -0.501      0.228     -2.202      0.028
    T1_MEQCR           0.455      0.034     13.519      0.000
    T1_SELFCON         0.051      0.015      3.491      0.000
    T1_GSE             0.160      0.030      5.393      0.000
    T1_DOB            -0.118      0.212     -0.555      0.579
    T1_SEIFA           0.483      0.246      1.965      0.049
    STATE_NSWR         0.149      0.343      0.434      0.664
    STATE_QLD          0.259      0.302      0.856      0.392
    STATE_WA           0.107      0.346      0.309      0.757

 Intercepts
    T2_MEQES          -0.399      0.140     -2.856      0.004
    T2_MEQCR           0.110      0.261      0.421      0.673
    T3_PHQ8            6.362      0.319     19.965      0.000
    T3_PROMISA        25.727      0.662     38.851      0.000
    T3_SDQEMO          3.562      0.139     25.601      0.000

 Residual Variances
    T2_MEQES           8.043      0.427     18.832      0.000
    T2_MEQCR          19.243      1.037     18.552      0.000
    T3_PHQ8           12.599      0.988     12.751      0.000
    T3_PROMISA        36.340      2.486     14.620      0.000
    T3_SDQEMO          2.067      0.126     16.385      0.000
    F                  0.740      0.019     39.872      0.000


R-SQUARE

    Observed                                        Two-Tailed
    Variable        Estimate       S.E.  Est./S.E.    P-Value

    T2_MEQES           0.357      0.024     14.757      0.000
    T2_MEQCR           0.279      0.028     10.145      0.000
    T3_PHQ8            0.684      0.021     32.175      0.000
    T3_PROMI           0.774      0.016     49.560      0.000
    T3_SDQEM           0.723      0.018     40.439      0.000

     Latent                                         Two-Tailed
    Variable        Estimate       S.E.  Est./S.E.    P-Value

    F                  0.260      0.019     13.995      0.000


TOTAL, TOTAL INDIRECT, SPECIFIC INDIRECT, AND DIRECT EFFECTS


                                                    Two-Tailed
                    Estimate       S.E.  Est./S.E.    P-Value

Effects from T1_PUB_B to F

  Total                0.646      0.255      2.537      0.011
  Total indirect       0.301      0.059      5.149      0.000

  Specific indirect 1
    F
    T2_MEQES
    T1_PUB_B           0.228      0.051      4.497      0.000

  Specific indirect 2
    F
    T2_MEQCR
    T1_PUB_B           0.073      0.039      1.872      0.061

  Direct
    F
    T1_PUB_B           0.344      0.236      1.457      0.145



STANDARDIZED TOTAL, TOTAL INDIRECT, SPECIFIC INDIRECT, AND DIRECT EFFECTS


STDYX Standardization

                                                    Two-Tailed
                    Estimate       S.E.  Est./S.E.    P-Value

Effects from T1_PUB_B to F

  Total                0.062      0.024      2.550      0.011
  Total indirect       0.029      0.006      5.142      0.000

  Specific indirect 1
    F
    T2_MEQES
    T1_PUB_B           0.022      0.005      4.488      0.000

  Specific indirect 2
    F
    T2_MEQCR
    T1_PUB_B           0.007      0.004      1.872      0.061

  Direct
    F
    T1_PUB_B           0.033      0.023      1.462      0.144



STDY Standardization

                                                    Two-Tailed
                    Estimate       S.E.  Est./S.E.    P-Value

Effects from T1_PUB_B to F

  Total                0.124      0.048      2.550      0.011
  Total indirect       0.058      0.011      5.142      0.000

  Specific indirect 1
    F
    T2_MEQES
    T1_PUB_B           0.044      0.010      4.488      0.000

  Specific indirect 2
    F
    T2_MEQCR
    T1_PUB_B           0.014      0.007      1.872      0.061

  Direct
    F
    T1_PUB_B           0.066      0.045      1.462      0.144



STD Standardization

                                                    Two-Tailed
                    Estimate       S.E.  Est./S.E.    P-Value

Effects from T1_PUB_B to F

  Total                0.124      0.048      2.550      0.011
  Total indirect       0.058      0.011      5.142      0.000

  Specific indirect 1
    F
    T2_MEQES
    T1_PUB_B           0.044      0.010      4.488      0.000

  Specific indirect 2
    F
    T2_MEQCR
    T1_PUB_B           0.014      0.007      1.872      0.061

  Direct
    F
    T1_PUB_B           0.066      0.045      1.462      0.144




CONFIDENCE INTERVALS OF MODEL RESULTS

                  Lower .5%  Lower 2.5%    Lower 5%    Estimate    Upper 5%  Upper 2.5%   Upper .5%

 F        BY
    T3_PHQ8          1.000       1.000       1.000       1.000       1.000       1.000       1.000
    T3_PROMISA       2.008       2.038       2.054       2.136       2.218       2.234       2.265
    T3_SDQEMO        0.414       0.421       0.425       0.445       0.465       0.469       0.477

 F        ON
    T1_PUB_BIN      -0.265      -0.119      -0.045       0.344       0.733       0.808       0.953
    T2_MEQES         0.212       0.241       0.255       0.332       0.409       0.424       0.453
    T2_MEQCR        -0.229      -0.209      -0.199      -0.146      -0.094      -0.084      -0.064
    T1_SELFCON      -0.210      -0.199      -0.193      -0.164      -0.135      -0.130      -0.119
    T1_GSE          -0.122      -0.107      -0.099      -0.059      -0.020      -0.012       0.003
    T1_MEQES        -0.044      -0.010       0.007       0.099       0.190       0.207       0.241
    T1_MEQCR        -0.072      -0.054      -0.045       0.004       0.053       0.062       0.080
    T1_DOB          -0.861      -0.710      -0.632      -0.228       0.177       0.255       0.406
    T1_SEIFA        -0.663      -0.462      -0.358       0.181       0.721       0.824       1.026
    STATE_NSWR      -0.001       0.318       0.481       1.333       2.185       2.348       2.667
    STATE_QLD       -0.625      -0.408      -0.298       0.281       0.860       0.971       1.188
    STATE_WA         0.239       0.500       0.633       1.330       2.026       2.159       2.420

 T2_MEQES ON
    T1_PUB_BIN       0.361       0.438       0.478       0.686       0.894       0.934       1.012
    T1_MEQES         0.562       0.575       0.582       0.618       0.654       0.661       0.674
    T1_SELFCON      -0.043      -0.037      -0.035      -0.020      -0.006      -0.003       0.002
    T1_GSE          -0.004       0.007       0.012       0.040       0.068       0.073       0.084
    T1_DOB          -0.493      -0.404      -0.359      -0.124       0.112       0.157       0.245
    T1_SEIFA        -0.177      -0.107      -0.071       0.116       0.303       0.339       0.409
    STATE_NSWR      -0.277      -0.129      -0.054       0.340       0.734       0.809       0.957
    STATE_QLD       -0.390      -0.297      -0.250      -0.002       0.246       0.293       0.386
    STATE_WA        -0.500      -0.384      -0.325      -0.016       0.292       0.351       0.467

 T2_MEQCR ON
    T1_PUB_BIN      -1.088      -0.948      -0.876      -0.501      -0.127      -0.055       0.085
    T1_MEQCR         0.368       0.389       0.399       0.455       0.510       0.521       0.541
    T1_SELFCON       0.013       0.023       0.027       0.051       0.076       0.080       0.089
    T1_GSE           0.084       0.102       0.111       0.160       0.209       0.219       0.237
    T1_DOB          -0.665      -0.534      -0.467      -0.118       0.231       0.298       0.429
    T1_SEIFA        -0.150       0.001       0.079       0.483       0.888       0.965       1.117
    STATE_NSWR      -0.736      -0.524      -0.416       0.149       0.714       0.822       1.034
    STATE_QLD       -0.520      -0.334      -0.239       0.259       0.756       0.851       1.038
    STATE_WA        -0.784      -0.571      -0.462       0.107       0.676       0.786       0.999

 Intercepts
    T2_MEQES        -0.760      -0.673      -0.629      -0.399      -0.169      -0.125      -0.039
    T2_MEQCR        -0.561      -0.401      -0.319       0.110       0.538       0.620       0.781
    T3_PHQ8          5.542       5.738       5.838       6.362       6.887       6.987       7.183
    T3_PROMI        24.022      24.430      24.638      25.727      26.817      27.025      27.433
    T3_SDQEM         3.204       3.290       3.333       3.562       3.791       3.835       3.921

 Residual Variances
    T2_MEQES         6.943       7.206       7.341       8.043       8.746       8.881       9.144
    T2_MEQCR        16.571      17.210      17.536      19.243      20.949      21.276      21.914
    T3_PHQ8         10.054      10.662      10.973      12.599      14.224      14.535      15.144
    T3_PROMI        29.937      31.468      32.251      36.340      40.428      41.211      42.742
    T3_SDQEM         1.742       1.820       1.859       2.067       2.274       2.314       2.392
    F               17.050      17.802      18.186      20.195      22.203      22.588      23.340


CONFIDENCE INTERVALS OF STANDARDIZED MODEL RESULTS


STDYX Standardization

                  Lower .5%  Lower 2.5%    Lower 5%    Estimate    Upper 5%  Upper 2.5%   Upper .5%

 F        BY
    T3_PHQ8          0.794       0.802       0.806       0.827       0.848       0.852       0.860
    T3_PROMISA       0.857       0.862       0.865       0.880       0.894       0.897       0.903
    T3_SDQEMO        0.823       0.830       0.833       0.851       0.868       0.871       0.878

 F        ON
    T1_PUB_BIN      -0.025      -0.011      -0.004       0.033       0.070       0.077       0.091
    T2_MEQES         0.141       0.161       0.171       0.225       0.279       0.289       0.309
    T2_MEQCR        -0.227      -0.207      -0.197      -0.145      -0.092      -0.082      -0.063
    T1_SELFCON      -0.321      -0.305      -0.296      -0.252      -0.208      -0.200      -0.184
    T1_GSE          -0.121      -0.106      -0.098      -0.059      -0.019      -0.012       0.003
    T1_MEQES        -0.027      -0.006       0.005       0.061       0.118       0.128       0.149
    T1_MEQCR        -0.064      -0.048      -0.040       0.004       0.047       0.055       0.072
    T1_DOB          -0.084      -0.069      -0.061      -0.022       0.017       0.025       0.039
    T1_SEIFA        -0.077      -0.054      -0.042       0.021       0.083       0.095       0.119
    STATE_NSWR      -0.005       0.019       0.031       0.096       0.161       0.174       0.198
    STATE_QLD       -0.055      -0.036      -0.026       0.025       0.076       0.086       0.105
    STATE_WA         0.012       0.031       0.042       0.095       0.148       0.158       0.178

 T2_MEQES ON
    T1_PUB_BIN       0.052       0.062       0.068       0.097       0.126       0.132       0.142
    T1_MEQES         0.515       0.528       0.534       0.569       0.604       0.611       0.624
    T1_SELFCON      -0.097      -0.085      -0.078      -0.046      -0.014      -0.007       0.005
    T1_GSE          -0.005       0.010       0.018       0.058       0.099       0.106       0.121
    T1_DOB          -0.071      -0.058      -0.051      -0.018       0.016       0.022       0.035
    T1_SEIFA        -0.030      -0.018      -0.012       0.020       0.052       0.058       0.070
    STATE_NSWR      -0.031      -0.015      -0.006       0.036       0.079       0.087       0.103
    STATE_QLD       -0.051      -0.039      -0.033       0.000       0.032       0.038       0.051
    STATE_WA        -0.052      -0.040      -0.034      -0.002       0.031       0.037       0.049

 T2_MEQCR ON
    T1_PUB_BIN      -0.106      -0.092      -0.085      -0.049      -0.012      -0.005       0.009
    T1_MEQCR         0.328       0.348       0.358       0.410       0.463       0.473       0.492
    T1_SELFCON       0.021       0.035       0.042       0.080       0.118       0.125       0.139
    T1_GSE           0.085       0.103       0.112       0.160       0.209       0.218       0.236
    T1_DOB          -0.065      -0.052      -0.046      -0.012       0.023       0.029       0.042
    T1_SEIFA        -0.019      -0.001       0.008       0.056       0.104       0.114       0.132
    STATE_NSWR      -0.054      -0.038      -0.030       0.011       0.052       0.060       0.075
    STATE_QLD       -0.047      -0.030      -0.021       0.023       0.068       0.076       0.093
    STATE_WA        -0.056      -0.041      -0.033       0.008       0.049       0.056       0.072

 Intercepts
    T2_MEQES        -0.215      -0.191      -0.178      -0.113      -0.048      -0.035      -0.011
    T2_MEQCR        -0.109      -0.078      -0.062       0.021       0.104       0.120       0.151
    T3_PHQ8          0.878       0.909       0.925       1.007       1.090       1.106       1.137
    T3_PROMI         1.885       1.920       1.937       2.029       2.120       2.138       2.172
    T3_SDQEM         1.174       1.205       1.221       1.303       1.386       1.401       1.432

 Residual Variances
    T2_MEQES         0.581       0.596       0.603       0.643       0.683       0.691       0.705
    T2_MEQCR         0.650       0.667       0.675       0.721       0.766       0.775       0.792
    T3_PHQ8          0.261       0.274       0.281       0.316       0.351       0.358       0.371
    T3_PROMI         0.186       0.195       0.200       0.226       0.252       0.257       0.266
    T3_SDQEM         0.231       0.242       0.247       0.277       0.306       0.312       0.323
    F                0.692       0.704       0.710       0.740       0.771       0.777       0.788


STDY Standardization

                  Lower .5%  Lower 2.5%    Lower 5%    Estimate    Upper 5%  Upper 2.5%   Upper .5%

 F        BY
    T3_PHQ8          0.794       0.802       0.806       0.827       0.848       0.852       0.860
    T3_PROMISA       0.857       0.862       0.865       0.880       0.894       0.897       0.903
    T3_SDQEMO        0.823       0.830       0.833       0.851       0.868       0.871       0.878

 F        ON
    T1_PUB_BIN      -0.050      -0.022      -0.008       0.066       0.140       0.154       0.182
    T2_MEQES         0.141       0.161       0.171       0.225       0.279       0.289       0.309
    T2_MEQCR        -0.227      -0.207      -0.197      -0.145      -0.092      -0.082      -0.063
    T1_SELFCON      -0.040      -0.038      -0.037      -0.031      -0.026      -0.025      -0.023
    T1_GSE          -0.023      -0.021      -0.019      -0.011      -0.004      -0.002       0.001
    T1_MEQES        -0.008      -0.002       0.002       0.019       0.036       0.039       0.046
    T1_MEQCR        -0.014      -0.010      -0.009       0.001       0.010       0.012       0.015
    T1_DOB          -0.165      -0.136      -0.121      -0.044       0.034       0.049       0.078
    T1_SEIFA        -0.127      -0.089      -0.069       0.035       0.138       0.158       0.197
    STATE_NSWR       0.000       0.061       0.092       0.255       0.418       0.450       0.511
    STATE_QLD       -0.119      -0.077      -0.056       0.054       0.164       0.185       0.226
    STATE_WA         0.044       0.094       0.120       0.255       0.389       0.415       0.466

 T2_MEQES ON
    T1_PUB_BIN       0.103       0.125       0.136       0.194       0.252       0.263       0.285
    T1_MEQES         0.158       0.162       0.164       0.175       0.185       0.187       0.191
    T1_SELFCON      -0.012      -0.011      -0.010      -0.006      -0.002      -0.001       0.001
    T1_GSE          -0.001       0.002       0.003       0.011       0.019       0.021       0.023
    T1_DOB          -0.139      -0.114      -0.101      -0.035       0.031       0.044       0.069
    T1_SEIFA        -0.050      -0.030      -0.020       0.033       0.086       0.096       0.116
    STATE_NSWR      -0.078      -0.037      -0.015       0.096       0.207       0.229       0.270
    STATE_QLD       -0.110      -0.084      -0.071      -0.001       0.070       0.083       0.109
    STATE_WA        -0.141      -0.109      -0.092      -0.005       0.083       0.099       0.132

 T2_MEQCR ON
    T1_PUB_BIN      -0.211      -0.184      -0.170      -0.097      -0.024      -0.010       0.017
    T1_MEQCR         0.071       0.075       0.077       0.088       0.099       0.101       0.105
    T1_SELFCON       0.003       0.004       0.005       0.010       0.015       0.016       0.017
    T1_GSE           0.016       0.020       0.022       0.031       0.040       0.042       0.046
    T1_DOB          -0.128      -0.103      -0.090      -0.023       0.045       0.058       0.083
    T1_SEIFA        -0.029       0.000       0.015       0.094       0.172       0.187       0.216
    STATE_NSWR      -0.142      -0.101      -0.080       0.029       0.138       0.159       0.200
    STATE_QLD       -0.100      -0.064      -0.046       0.050       0.146       0.164       0.200
    STATE_WA        -0.152      -0.110      -0.089       0.021       0.131       0.152       0.193

 Intercepts
    T2_MEQES        -0.215      -0.191      -0.178      -0.113      -0.048      -0.035      -0.011
    T2_MEQCR        -0.109      -0.078      -0.062       0.021       0.104       0.120       0.151
    T3_PHQ8          0.878       0.909       0.925       1.007       1.090       1.106       1.137
    T3_PROMI         1.885       1.920       1.937       2.029       2.120       2.138       2.172
    T3_SDQEM         1.174       1.205       1.221       1.303       1.386       1.401       1.432

 Residual Variances
    T2_MEQES         0.581       0.596       0.603       0.643       0.683       0.691       0.705
    T2_MEQCR         0.650       0.667       0.675       0.721       0.766       0.775       0.792
    T3_PHQ8          0.261       0.274       0.281       0.316       0.351       0.358       0.371
    T3_PROMI         0.186       0.195       0.200       0.226       0.252       0.257       0.266
    T3_SDQEM         0.231       0.242       0.247       0.277       0.306       0.312       0.323
    F                0.692       0.704       0.710       0.740       0.771       0.777       0.788


STD Standardization

                  Lower .5%  Lower 2.5%    Lower 5%    Estimate    Upper 5%  Upper 2.5%   Upper .5%

 F        BY
    T3_PHQ8          4.861       4.948       4.992       5.223       5.455       5.499       5.586
    T3_PROMISA      10.366      10.555      10.652      11.158      11.663      11.760      11.950
    T3_SDQEMO        2.198       2.228       2.244       2.325       2.406       2.422       2.452

 F        ON
    T1_PUB_BIN      -0.050      -0.022      -0.008       0.066       0.140       0.154       0.182
    T2_MEQES         0.041       0.046       0.049       0.064       0.078       0.081       0.087
    T2_MEQCR        -0.044      -0.040      -0.038      -0.028      -0.018      -0.016      -0.012
    T1_SELFCON      -0.040      -0.038      -0.037      -0.031      -0.026      -0.025      -0.023
    T1_GSE          -0.023      -0.021      -0.019      -0.011      -0.004      -0.002       0.001
    T1_MEQES        -0.008      -0.002       0.002       0.019       0.036       0.039       0.046
    T1_MEQCR        -0.014      -0.010      -0.009       0.001       0.010       0.012       0.015
    T1_DOB          -0.165      -0.136      -0.121      -0.044       0.034       0.049       0.078
    T1_SEIFA        -0.127      -0.089      -0.069       0.035       0.138       0.158       0.197
    STATE_NSWR       0.000       0.061       0.092       0.255       0.418       0.450       0.511
    STATE_QLD       -0.119      -0.077      -0.056       0.054       0.164       0.185       0.226
    STATE_WA         0.044       0.094       0.120       0.255       0.389       0.415       0.466

 T2_MEQES ON
    T1_PUB_BIN       0.361       0.438       0.478       0.686       0.894       0.934       1.012
    T1_MEQES         0.562       0.575       0.582       0.618       0.654       0.661       0.674
    T1_SELFCON      -0.043      -0.037      -0.035      -0.020      -0.006      -0.003       0.002
    T1_GSE          -0.004       0.007       0.012       0.040       0.068       0.073       0.084
    T1_DOB          -0.493      -0.404      -0.359      -0.124       0.112       0.157       0.245
    T1_SEIFA        -0.177      -0.107      -0.071       0.116       0.303       0.339       0.409
    STATE_NSWR      -0.277      -0.129      -0.054       0.340       0.734       0.809       0.957
    STATE_QLD       -0.390      -0.297      -0.250      -0.002       0.246       0.293       0.386
    STATE_WA        -0.500      -0.384      -0.325      -0.016       0.292       0.351       0.467

 T2_MEQCR ON
    T1_PUB_BIN      -1.088      -0.948      -0.876      -0.501      -0.127      -0.055       0.085
    T1_MEQCR         0.368       0.389       0.399       0.455       0.510       0.521       0.541
    T1_SELFCON       0.013       0.023       0.027       0.051       0.076       0.080       0.089
    T1_GSE           0.084       0.102       0.111       0.160       0.209       0.219       0.237
    T1_DOB          -0.665      -0.534      -0.467      -0.118       0.231       0.298       0.429
    T1_SEIFA        -0.150       0.001       0.079       0.483       0.888       0.965       1.117
    STATE_NSWR      -0.736      -0.524      -0.416       0.149       0.714       0.822       1.034
    STATE_QLD       -0.520      -0.334      -0.239       0.259       0.756       0.851       1.038
    STATE_WA        -0.784      -0.571      -0.462       0.107       0.676       0.786       0.999

 Intercepts
    T2_MEQES        -0.760      -0.673      -0.629      -0.399      -0.169      -0.125      -0.039
    T2_MEQCR        -0.561      -0.401      -0.319       0.110       0.538       0.620       0.781
    T3_PHQ8          5.542       5.738       5.838       6.362       6.887       6.987       7.183
    T3_PROMI        24.022      24.430      24.638      25.727      26.817      27.025      27.433
    T3_SDQEM         3.204       3.290       3.333       3.562       3.791       3.835       3.921

 Residual Variances
    T2_MEQES         6.943       7.206       7.341       8.043       8.746       8.881       9.144
    T2_MEQCR        16.571      17.210      17.536      19.243      20.949      21.276      21.914
    T3_PHQ8         10.054      10.662      10.973      12.599      14.224      14.535      15.144
    T3_PROMI        29.937      31.468      32.251      36.340      40.428      41.211      42.742
    T3_SDQEM         1.742       1.820       1.859       2.067       2.274       2.314       2.392
    F                0.692       0.704       0.710       0.740       0.771       0.777       0.788


CONFIDENCE INTERVALS OF TOTAL, TOTAL INDIRECT, SPECIFIC INDIRECT, AND DIRECT EFFECTS


                  Lower .5%  Lower 2.5%    Lower 5%    Estimate    Upper 5%  Upper 2.5%   Upper .5%

Effects from T1_PUB_B to F

  Total             -0.010       0.147       0.227       0.646       1.064       1.145       1.301
  Total indirect     0.151       0.187       0.205       0.301       0.398       0.416       0.452

  Specific indirect 1
    F
    T2_MEQES
    T1_PUB_B         0.097       0.129       0.145       0.228       0.311       0.327       0.359

  Specific indirect 2
    F
    T2_MEQCR
    T1_PUB_B        -0.028      -0.003       0.009       0.073       0.138       0.150       0.174

  Direct
    F
    T1_PUB_B        -0.265      -0.119      -0.045       0.344       0.733       0.808       0.953



CONFIDENCE INTERVALS OF STANDARDIZED TOTAL, TOTAL INDIRECT, SPECIFIC INDIRECT, AND DIRECT EFFECTS


STDYX Standardization

                  Lower .5%  Lower 2.5%    Lower 5%    Estimate    Upper 5%  Upper 2.5%   Upper .5%

Effects from T1_PUB_B to F

  Total             -0.001       0.014       0.022       0.062       0.102       0.109       0.124
  Total indirect     0.014       0.018       0.020       0.029       0.038       0.040       0.043

  Specific indirect 1
    F
    T2_MEQES
    T1_PUB_B         0.009       0.012       0.014       0.022       0.030       0.031       0.034

  Specific indirect 2
    F
    T2_MEQCR
    T1_PUB_B        -0.003       0.000       0.001       0.007       0.013       0.014       0.017

  Direct
    F
    T1_PUB_B        -0.025      -0.011      -0.004       0.033       0.070       0.077       0.091



STDY Standardization

                  Lower .5%  Lower 2.5%    Lower 5%    Estimate    Upper 5%  Upper 2.5%   Upper .5%

Effects from T1_PUB_B to F

  Total             -0.001       0.029       0.044       0.124       0.203       0.219       0.248
  Total indirect     0.029       0.036       0.039       0.058       0.076       0.080       0.087

  Specific indirect 1
    F
    T2_MEQES
    T1_PUB_B         0.019       0.025       0.028       0.044       0.060       0.063       0.069

  Specific indirect 2
    F
    T2_MEQCR
    T1_PUB_B        -0.005      -0.001       0.002       0.014       0.026       0.029       0.033

  Direct
    F
    T1_PUB_B        -0.050      -0.022      -0.008       0.066       0.140       0.154       0.182



STD Standardization

                  Lower .5%  Lower 2.5%    Lower 5%    Estimate    Upper 5%  Upper 2.5%   Upper .5%

Effects from T1_PUB_B to F

  Total             -0.001       0.029       0.044       0.124       0.203       0.219       0.248
  Total indirect     0.029       0.036       0.039       0.058       0.076       0.080       0.087

  Specific indirect 1
    F
    T2_MEQES
    T1_PUB_B         0.019       0.025       0.028       0.044       0.060       0.063       0.069

  Specific indirect 2
    F
    T2_MEQCR
    T1_PUB_B        -0.005      -0.001       0.002       0.014       0.026       0.029       0.033

  Direct
    F
    T1_PUB_B        -0.050      -0.022      -0.008       0.066       0.140       0.154       0.182




DIAGRAM INFORMATION

  Use View Diagram under the Diagram menu in the Mplus Editor to view the diagram.
  If running Mplus from the Mplus Diagrammer, the diagram opens automatically.

  Diagram output
    d:\onedrive - the university of sydney (staff)\cre\psychiatric epidemiology\pubertal timing and int\model1-female.dg

     Beginning Time:  10:34:42
        Ending Time:  10:34:42
       Elapsed Time:  00:00:00



MUTHEN & MUTHEN
3463 Stoner Ave.
Los Angeles, CA  90066

Tel: (310) 391-9971
Fax: (310) 391-8971
Web: www.StatModel.com
Support: Support@StatModel.com

Copyright (c) 1998-2022 Muthen & Muthen
