Mplus VERSION 8.8
MUTHEN & MUTHEN
02/18/2025   4:35 PM

INPUT INSTRUCTIONS

  Title: H4L pubertal timing and internalising mediation analysis

  data: file= h4lmed.csv;

  variable: names are id sex trialgrp cluster t1_dob
  t1_phq8 t1_promisa t1_parmon t1_parcon
  t1_meqcr t1_meqes t1_sdqemo t1_pub_cat
  t1_selfcon t1_gse
  t2_meqcr t2_meqes t2_dob t3_phq8 t3_promisa t3_sdqemo t3_dob
  t1_seifa state_nswr state_qld state_wa male female notsay
  t1_pub_bin;

  USEOBSERVATIONS = female EQ 1;

  usevariables = t1_pub_bin t2_meqes t2_meqcr
  t3_phq8 t3_promisa t3_sdqemo
  t1_dob
  t1_selfcon t1_gse
  t1_meqcr t1_meqes
  t1_seifa
  state_nswr state_qld state_wa;

  missing = .;

  DEFINE: CENTER t2_meqes t2_meqcr t1_dob t1_seifa
              t1_selfcon t1_gse t1_meqes
              t1_meqcr(GRANDMEAN);

  ANALYSIS: estimator=ml;
  bootstrap=10000;


  model:
  f by t3_phq8 t3_promisa t3_sdqemo;

  t2_meqes on t1_pub_bin t1_meqes t1_selfcon t1_gse
      t1_dob t1_seifa state_nswr state_qld state_wa;
  t2_meqcr on t1_pub_bin t1_meqcr t1_selfcon t1_gse
      t1_dob t1_seifa state_nswr state_qld state_wa;

  f on t1_pub_bin t2_meqes t2_meqcr t1_selfcon t1_gse
   t1_meqes t1_meqcr t1_dob t1_seifa
  state_nswr state_qld state_wa;

  model indirect:
  f ind t1_pub_bin;


  output: standardized;
  cint(bcbootstrap);



*** WARNING in VARIABLE command
  Note that only the first 8 characters of variable names are used in the output.
  Shorten variable names to avoid any confusion.
*** WARNING
  Data set contains cases with missing on x-variables.
  These cases were not included in the analysis.
  Number of cases with missing on x-variables:  1043
*** WARNING
  Data set contains cases with missing on all variables except
  x-variables.  These cases were not included in the analysis.
  Number of cases with missing on all variables except x-variables:  83
   3 WARNING(S) FOUND IN THE INPUT INSTRUCTIONS



H4L pubertal timing and internalising mediation analysis

SUMMARY OF ANALYSIS

Number of groups                                                 1
Number of observations                                        2100

Number of dependent variables                                    5
Number of independent variables                                 10
Number of continuous latent variables                            1

Observed dependent variables

  Continuous
   T2_MEQES    T2_MEQCR    T3_PHQ8     T3_PROMISA  T3_SDQEMO

Observed independent variables
   T1_PUB_B    T1_DOB      T1_SELFC    T1_GSE      T1_MEQCR    T1_MEQES
   T1_SEIFA    STATE_NS    STATE_QL    STATE_WA

Continuous latent variables
   F

Variables with special functions

  Centering (GRANDMEAN)
   T2_MEQES    T2_MEQCR    T1_DOB      T1_SEIFA    T1_SELFC    T1_GSE
   T1_MEQES    T1_MEQCR


Estimator                                                       ML
Information matrix                                        OBSERVED
Maximum number of iterations                                  1000
Convergence criterion                                    0.500D-04
Maximum number of steepest descent iterations                   20
Maximum number of iterations for H1                           2000
Convergence criterion for H1                             0.100D-03
Number of bootstrap draws
    Requested                                                10000
    Completed                                                10000

Input data file(s)
  h4lmed.csv

Input data format  FREE


SUMMARY OF DATA

     Number of missing data patterns             9


COVARIANCE COVERAGE OF DATA

Minimum covariance coverage value   0.100


     PROPORTION OF DATA PRESENT


           Covariance Coverage
              T2_MEQES      T2_MEQCR      T3_PHQ8       T3_PROMI      T3_SDQEM
              ________      ________      ________      ________      ________
 T2_MEQES       0.895
 T2_MEQCR       0.894         0.894
 T3_PHQ8        0.757         0.756         0.861
 T3_PROMI       0.755         0.754         0.859         0.860
 T3_SDQEM       0.736         0.736         0.837         0.838         0.838
 T1_PUB_B       0.895         0.894         0.861         0.860         0.838
 T1_DOB         0.895         0.894         0.861         0.860         0.838
 T1_SELFC       0.895         0.894         0.861         0.860         0.838
 T1_GSE         0.895         0.894         0.861         0.860         0.838
 T1_MEQCR       0.895         0.894         0.861         0.860         0.838
 T1_MEQES       0.895         0.894         0.861         0.860         0.838
 T1_SEIFA       0.895         0.894         0.861         0.860         0.838
 STATE_NS       0.895         0.894         0.861         0.860         0.838
 STATE_QL       0.895         0.894         0.861         0.860         0.838
 STATE_WA       0.895         0.894         0.861         0.860         0.838


           Covariance Coverage
              T1_PUB_B      T1_DOB        T1_SELFC      T1_GSE        T1_MEQCR
              ________      ________      ________      ________      ________
 T1_PUB_B       1.000
 T1_DOB         1.000         1.000
 T1_SELFC       1.000         1.000         1.000
 T1_GSE         1.000         1.000         1.000         1.000
 T1_MEQCR       1.000         1.000         1.000         1.000         1.000
 T1_MEQES       1.000         1.000         1.000         1.000         1.000
 T1_SEIFA       1.000         1.000         1.000         1.000         1.000
 STATE_NS       1.000         1.000         1.000         1.000         1.000
 STATE_QL       1.000         1.000         1.000         1.000         1.000
 STATE_WA       1.000         1.000         1.000         1.000         1.000


           Covariance Coverage
              T1_MEQES      T1_SEIFA      STATE_NS      STATE_QL      STATE_WA
              ________      ________      ________      ________      ________
 T1_MEQES       1.000
 T1_SEIFA       1.000         1.000
 STATE_NS       1.000         1.000         1.000
 STATE_QL       1.000         1.000         1.000         1.000
 STATE_WA       1.000         1.000         1.000         1.000         1.000



UNIVARIATE SAMPLE STATISTICS


     UNIVARIATE HIGHER-ORDER MOMENT DESCRIPTIVE STATISTICS

         Variable/         Mean/     Skewness/   Minimum/ % with                Percentiles
        Sample Size      Variance    Kurtosis    Maximum  Min/Max      20%/60%    40%/80%    Median

     T2_MEQES              0.000       0.239      -6.903    3.72%      -2.903     -0.903      0.097
            1880.000      12.518      -0.212       9.097    1.65%       1.097      3.097
     T2_MEQCR              0.000      -0.309     -14.007    2.18%      -4.007     -1.007     -0.007
            1878.000      26.504       0.221       9.993    4.79%       0.993      3.993
     T3_PHQ8               6.981       1.004       0.000   11.94%       1.000      4.000      5.000
            1809.000      39.714       0.203      24.000    2.32%       7.000     12.000
     T3_PROMISA           27.016       0.954      13.000    9.58%      15.000     20.000     24.000
            1805.000     159.620       0.239      65.000    1.22%      28.000     38.000
     T3_SDQEMO             3.825       0.414       0.000   11.43%       1.000      3.000      4.000
            1759.000       7.435      -0.739      10.000    2.67%       4.000      6.000
     T1_PUB_BIN            0.493       0.027       0.000   50.67%       0.000      0.000      0.000
            2100.000       0.250      -1.999       1.000   49.33%       1.000      1.000
     T1_DOB                0.000      -0.303      -1.619    0.14%      -0.619      0.381      0.381
            2100.000       0.258      -1.283       1.381    0.95%       0.381      0.381
     T1_SELFCON            0.000      -0.261     -25.816    0.10%      -6.816     -1.816      0.184
            2100.000      64.343      -0.026      19.184    0.24%       2.184      7.184
     T1_GSE                0.000      -0.447     -19.415    0.62%      -3.415     -1.415     -0.415
            2100.000      26.669       0.967      10.585    1.76%       0.585      4.585
     T1_MEQCR              0.000      -0.275     -14.324    0.95%      -3.324     -1.324     -0.324
            2100.000      21.735       0.372       9.676    3.43%       0.676      3.676
     T1_MEQES              0.000       0.174      -7.081    1.86%      -3.081     -1.081     -0.081
            2100.000      10.604      -0.153       8.919    0.81%       0.919      2.919
     T1_SEIFA              0.000      -0.567      -1.438    5.90%      -0.438     -0.438     -0.438
            2100.000       0.364      -0.600       0.562   49.71%       0.562      0.562
     STATE_NSWR            0.171       1.744       0.000   82.86%       0.000      0.000      0.000
            2100.000       0.142       1.040       1.000   17.14%       0.000      0.000
     STATE_QLD             0.313       0.807       0.000   68.71%       0.000      0.000      0.000
            2100.000       0.215      -1.348       1.000   31.29%       0.000      1.000
     STATE_WA              0.165       1.803       0.000   83.48%       0.000      0.000      0.000
            2100.000       0.138       1.250       1.000   16.52%       0.000      0.000


THE MODEL ESTIMATION TERMINATED NORMALLY



MODEL FIT INFORMATION

Number of Free Parameters                       43

Loglikelihood

          H0 Value                      -25632.159
          H1 Value                      -25520.222

Information Criteria

          Akaike (AIC)                   51350.317
          Bayesian (BIC)                 51593.254
          Sample-Size Adjusted BIC       51456.639
            (n* = (n + 2) / 24)

Chi-Square Test of Model Fit

          Value                            223.874
          Degrees of Freedom                    27
          P-Value                           0.0000

RMSEA (Root Mean Square Error Of Approximation)

          Estimate                           0.059
          90 Percent C.I.                    0.052  0.066
          Probability RMSEA <= .05           0.019

CFI/TLI

          CFI                                0.961
          TLI                                0.914

Chi-Square Test of Model Fit for the Baseline Model

          Value                           5123.516
          Degrees of Freedom                    60
          P-Value                           0.0000

SRMR (Standardized Root Mean Square Residual)

          Value                              0.023



MODEL RESULTS

                                                    Two-Tailed
                    Estimate       S.E.  Est./S.E.    P-Value

 F        BY
    T3_PHQ8            1.000      0.000    999.000    999.000
    T3_PROMISA         2.136      0.055     38.741      0.000
    T3_SDQEMO          0.445      0.013     33.950      0.000

 F        ON
    T1_PUB_BIN         0.344      0.244      1.412      0.158
    T2_MEQES           0.332      0.048      6.921      0.000
    T2_MEQCR          -0.146      0.032     -4.640      0.000
    T1_SELFCON        -0.164      0.019     -8.815      0.000
    T1_GSE            -0.059      0.029     -2.085      0.037
    T1_MEQES           0.099      0.053      1.875      0.061
    T1_MEQCR           0.004      0.032      0.127      0.899
    T1_DOB            -0.228      0.238     -0.955      0.339
    T1_SEIFA           0.181      0.251      0.722      0.470
    STATE_NSWR         1.333      0.412      3.238      0.001
    STATE_QLD          0.281      0.309      0.910      0.363
    STATE_WA           1.330      0.409      3.247      0.001

 T2_MEQES ON
    T1_PUB_BIN         0.686      0.139      4.941      0.000
    T1_MEQES           0.618      0.025     24.885      0.000
    T1_SELFCON        -0.020      0.010     -1.940      0.052
    T1_GSE             0.040      0.017      2.394      0.017
    T1_DOB            -0.124      0.132     -0.936      0.349
    T1_SEIFA           0.116      0.134      0.863      0.388
    STATE_NSWR         0.340      0.225      1.509      0.131
    STATE_QLD         -0.002      0.177     -0.011      0.991
    STATE_WA          -0.016      0.224     -0.073      0.942

 T2_MEQCR ON
    T1_PUB_BIN        -0.501      0.213     -2.359      0.018
    T1_MEQCR           0.455      0.029     15.486      0.000
    T1_SELFCON         0.051      0.015      3.372      0.001
    T1_GSE             0.160      0.028      5.794      0.000
    T1_DOB            -0.118      0.206     -0.572      0.567
    T1_SEIFA           0.483      0.218      2.215      0.027
    STATE_NSWR         0.149      0.346      0.430      0.667
    STATE_QLD          0.259      0.269      0.963      0.335
    STATE_WA           0.107      0.361      0.296      0.767

 Intercepts
    T2_MEQES          -0.399      0.142     -2.818      0.005
    T2_MEQCR           0.110      0.218      0.504      0.614
    T3_PHQ8            6.362      0.259     24.551      0.000
    T3_PROMISA        25.727      0.541     47.564      0.000
    T3_SDQEMO          3.562      0.115     30.895      0.000

 Residual Variances
    T2_MEQES           8.043      0.347     23.180      0.000
    T2_MEQCR          19.243      0.855     22.503      0.000
    T3_PHQ8           12.599      0.976     12.906      0.000
    T3_PROMISA        36.340      2.553     14.235      0.000
    T3_SDQEMO          2.067      0.120     17.238      0.000
    F                 20.195      1.097     18.408      0.000


STANDARDIZED MODEL RESULTS


STDYX Standardization

                                                    Two-Tailed
                    Estimate       S.E.  Est./S.E.    P-Value

 F        BY
    T3_PHQ8            0.827      0.015     56.730      0.000
    T3_PROMISA         0.880      0.009     92.914      0.000
    T3_SDQEMO          0.851      0.010     84.606      0.000

 F        ON
    T1_PUB_BIN         0.033      0.023      1.412      0.158
    T2_MEQES           0.225      0.032      6.976      0.000
    T2_MEQCR          -0.145      0.031     -4.694      0.000
    T1_SELFCON        -0.252      0.027     -9.341      0.000
    T1_GSE            -0.059      0.028     -2.077      0.038
    T1_MEQES           0.061      0.032      1.891      0.059
    T1_MEQCR           0.004      0.029      0.127      0.899
    T1_DOB            -0.022      0.023     -0.957      0.339
    T1_SEIFA           0.021      0.029      0.721      0.471
    STATE_NSWR         0.096      0.029      3.263      0.001
    STATE_QLD          0.025      0.027      0.909      0.363
    STATE_WA           0.095      0.029      3.246      0.001

 T2_MEQES ON
    T1_PUB_BIN         0.097      0.020      4.974      0.000
    T1_MEQES           0.569      0.021     27.005      0.000
    T1_SELFCON        -0.046      0.024     -1.939      0.053
    T1_GSE             0.058      0.024      2.392      0.017
    T1_DOB            -0.018      0.019     -0.935      0.350
    T1_SEIFA           0.020      0.023      0.863      0.388
    STATE_NSWR         0.036      0.024      1.510      0.131
    STATE_QLD          0.000      0.023     -0.011      0.991
    STATE_WA          -0.002      0.024     -0.073      0.942

 T2_MEQCR ON
    T1_PUB_BIN        -0.049      0.021     -2.361      0.018
    T1_MEQCR           0.410      0.026     16.028      0.000
    T1_SELFCON         0.080      0.024      3.353      0.001
    T1_GSE             0.160      0.027      5.851      0.000
    T1_DOB            -0.012      0.020     -0.572      0.568
    T1_SEIFA           0.056      0.026      2.209      0.027
    STATE_NSWR         0.011      0.025      0.430      0.667
    STATE_QLD          0.023      0.024      0.963      0.335
    STATE_WA           0.008      0.026      0.297      0.767

 Intercepts
    T2_MEQES          -0.113      0.040     -2.818      0.005
    T2_MEQCR           0.021      0.042      0.504      0.615
    T3_PHQ8            1.007      0.039     25.653      0.000
    T3_PROMISA         2.029      0.048     42.073      0.000
    T3_SDQEMO          1.303      0.043     30.334      0.000

 Residual Variances
    T2_MEQES           0.643      0.022     28.902      0.000
    T2_MEQCR           0.721      0.023     31.801      0.000
    T3_PHQ8            0.316      0.024     13.119      0.000
    T3_PROMISA         0.226      0.017     13.571      0.000
    T3_SDQEMO          0.277      0.017     16.182      0.000
    F                  0.740      0.020     37.949      0.000


STDY Standardization

                                                    Two-Tailed
                    Estimate       S.E.  Est./S.E.    P-Value

 F        BY
    T3_PHQ8            0.827      0.015     56.730      0.000
    T3_PROMISA         0.880      0.009     92.914      0.000
    T3_SDQEMO          0.851      0.010     84.606      0.000

 F        ON
    T1_PUB_BIN         0.066      0.047      1.411      0.158
    T2_MEQES           0.225      0.032      6.976      0.000
    T2_MEQCR          -0.145      0.031     -4.694      0.000
    T1_SELFCON        -0.031      0.003     -9.290      0.000
    T1_GSE            -0.011      0.005     -2.072      0.038
    T1_MEQES           0.019      0.010      1.888      0.059
    T1_MEQCR           0.001      0.006      0.127      0.899
    T1_DOB            -0.044      0.046     -0.956      0.339
    T1_SEIFA           0.035      0.048      0.721      0.471
    STATE_NSWR         0.255      0.078      3.261      0.001
    STATE_QLD          0.054      0.059      0.909      0.363
    STATE_WA           0.255      0.078      3.247      0.001

 T2_MEQES ON
    T1_PUB_BIN         0.194      0.039      4.973      0.000
    T1_MEQES           0.175      0.007     26.319      0.000
    T1_SELFCON        -0.006      0.003     -1.938      0.053
    T1_GSE             0.011      0.005      2.399      0.016
    T1_DOB            -0.035      0.037     -0.935      0.350
    T1_SEIFA           0.033      0.038      0.863      0.388
    STATE_NSWR         0.096      0.064      1.511      0.131
    STATE_QLD         -0.001      0.050     -0.011      0.991
    STATE_WA          -0.005      0.063     -0.073      0.942

 T2_MEQCR ON
    T1_PUB_BIN        -0.097      0.041     -2.361      0.018
    T1_MEQCR           0.088      0.006     15.752      0.000
    T1_SELFCON         0.010      0.003      3.360      0.001
    T1_GSE             0.031      0.005      5.878      0.000
    T1_DOB            -0.023      0.040     -0.572      0.567
    T1_SEIFA           0.094      0.042      2.215      0.027
    STATE_NSWR         0.029      0.067      0.430      0.667
    STATE_QLD          0.050      0.052      0.963      0.335
    STATE_WA           0.021      0.070      0.296      0.767

 Intercepts
    T2_MEQES          -0.113      0.040     -2.818      0.005
    T2_MEQCR           0.021      0.042      0.504      0.615
    T3_PHQ8            1.007      0.039     25.653      0.000
    T3_PROMISA         2.029      0.048     42.073      0.000
    T3_SDQEMO          1.303      0.043     30.334      0.000

 Residual Variances
    T2_MEQES           0.643      0.022     28.902      0.000
    T2_MEQCR           0.721      0.023     31.801      0.000
    T3_PHQ8            0.316      0.024     13.119      0.000
    T3_PROMISA         0.226      0.017     13.571      0.000
    T3_SDQEMO          0.277      0.017     16.182      0.000
    F                  0.740      0.020     37.949      0.000


STD Standardization

                                                    Two-Tailed
                    Estimate       S.E.  Est./S.E.    P-Value

 F        BY
    T3_PHQ8            5.223      0.141     37.149      0.000
    T3_PROMISA        11.158      0.264     42.342      0.000
    T3_SDQEMO          2.325      0.048     48.239      0.000

 F        ON
    T1_PUB_BIN         0.066      0.047      1.411      0.158
    T2_MEQES           0.064      0.009      6.980      0.000
    T2_MEQCR          -0.028      0.006     -4.703      0.000
    T1_SELFCON        -0.031      0.003     -9.290      0.000
    T1_GSE            -0.011      0.005     -2.072      0.038
    T1_MEQES           0.019      0.010      1.888      0.059
    T1_MEQCR           0.001      0.006      0.127      0.899
    T1_DOB            -0.044      0.046     -0.956      0.339
    T1_SEIFA           0.035      0.048      0.721      0.471
    STATE_NSWR         0.255      0.078      3.261      0.001
    STATE_QLD          0.054      0.059      0.909      0.363
    STATE_WA           0.255      0.078      3.247      0.001

 T2_MEQES ON
    T1_PUB_BIN         0.686      0.139      4.941      0.000
    T1_MEQES           0.618      0.025     24.885      0.000
    T1_SELFCON        -0.020      0.010     -1.940      0.052
    T1_GSE             0.040      0.017      2.394      0.017
    T1_DOB            -0.124      0.132     -0.936      0.349
    T1_SEIFA           0.116      0.134      0.863      0.388
    STATE_NSWR         0.340      0.225      1.509      0.131
    STATE_QLD         -0.002      0.177     -0.011      0.991
    STATE_WA          -0.016      0.224     -0.073      0.942

 T2_MEQCR ON
    T1_PUB_BIN        -0.501      0.213     -2.359      0.018
    T1_MEQCR           0.455      0.029     15.486      0.000
    T1_SELFCON         0.051      0.015      3.372      0.001
    T1_GSE             0.160      0.028      5.794      0.000
    T1_DOB            -0.118      0.206     -0.572      0.567
    T1_SEIFA           0.483      0.218      2.215      0.027
    STATE_NSWR         0.149      0.346      0.430      0.667
    STATE_QLD          0.259      0.269      0.963      0.335
    STATE_WA           0.107      0.361      0.296      0.767

 Intercepts
    T2_MEQES          -0.399      0.142     -2.818      0.005
    T2_MEQCR           0.110      0.218      0.504      0.614
    T3_PHQ8            6.362      0.259     24.551      0.000
    T3_PROMISA        25.727      0.541     47.564      0.000
    T3_SDQEMO          3.562      0.115     30.895      0.000

 Residual Variances
    T2_MEQES           8.043      0.347     23.180      0.000
    T2_MEQCR          19.243      0.855     22.503      0.000
    T3_PHQ8           12.599      0.976     12.906      0.000
    T3_PROMISA        36.340      2.553     14.235      0.000
    T3_SDQEMO          2.067      0.120     17.238      0.000
    F                  0.740      0.020     37.949      0.000


R-SQUARE

    Observed                                        Two-Tailed
    Variable        Estimate       S.E.  Est./S.E.    P-Value

    T2_MEQES           0.357      0.022     16.033      0.000
    T2_MEQCR           0.279      0.023     12.333      0.000
    T3_PHQ8            0.684      0.024     28.410      0.000
    T3_PROMI           0.774      0.017     46.492      0.000
    T3_SDQEM           0.723      0.017     42.322      0.000

     Latent                                         Two-Tailed
    Variable        Estimate       S.E.  Est./S.E.    P-Value

    F                  0.260      0.020     13.320      0.000


TOTAL, TOTAL INDIRECT, SPECIFIC INDIRECT, AND DIRECT EFFECTS


                                                    Two-Tailed
                    Estimate       S.E.  Est./S.E.    P-Value

Effects from T1_PUB_B to F

  Total                0.646      0.245      2.636      0.008
  Total indirect       0.301      0.063      4.791      0.000

  Specific indirect 1
    F
    T2_MEQES
    T1_PUB_B           0.228      0.058      3.904      0.000

  Specific indirect 2
    F
    T2_MEQCR
    T1_PUB_B           0.073      0.036      2.017      0.044

  Direct
    F
    T1_PUB_B           0.344      0.244      1.412      0.158



STANDARDIZED TOTAL, TOTAL INDIRECT, SPECIFIC INDIRECT, AND DIRECT EFFECTS


STDYX Standardization

                                                    Two-Tailed
                    Estimate       S.E.  Est./S.E.    P-Value

Effects from T1_PUB_B to F

  Total                0.062      0.023      2.638      0.008
  Total indirect       0.029      0.006      4.823      0.000

  Specific indirect 1
    F
    T2_MEQES
    T1_PUB_B           0.022      0.006      3.910      0.000

  Specific indirect 2
    F
    T2_MEQCR
    T1_PUB_B           0.007      0.003      2.025      0.043

  Direct
    F
    T1_PUB_B           0.033      0.023      1.412      0.158



STDY Standardization

                                                    Two-Tailed
                    Estimate       S.E.  Est./S.E.    P-Value

Effects from T1_PUB_B to F

  Total                0.124      0.047      2.638      0.008
  Total indirect       0.058      0.012      4.822      0.000

  Specific indirect 1
    F
    T2_MEQES
    T1_PUB_B           0.044      0.011      3.909      0.000

  Specific indirect 2
    F
    T2_MEQCR
    T1_PUB_B           0.014      0.007      2.024      0.043

  Direct
    F
    T1_PUB_B           0.066      0.047      1.411      0.158



STD Standardization

                                                    Two-Tailed
                    Estimate       S.E.  Est./S.E.    P-Value

Effects from T1_PUB_B to F

  Total                0.124      0.047      2.638      0.008
  Total indirect       0.058      0.012      4.822      0.000

  Specific indirect 1
    F
    T2_MEQES
    T1_PUB_B           0.044      0.011      3.909      0.000

  Specific indirect 2
    F
    T2_MEQCR
    T1_PUB_B           0.014      0.007      2.024      0.043

  Direct
    F
    T1_PUB_B           0.066      0.047      1.411      0.158




CONFIDENCE INTERVALS OF MODEL RESULTS

                  Lower .5%  Lower 2.5%    Lower 5%    Estimate    Upper 5%  Upper 2.5%   Upper .5%

 F        BY
    T3_PHQ8          1.000       1.000       1.000       1.000       1.000       1.000       1.000
    T3_PROMISA       2.003       2.034       2.050       2.136       2.232       2.251       2.287
    T3_SDQEMO        0.414       0.421       0.424       0.445       0.467       0.472       0.480

 F        ON
    T1_PUB_BIN      -0.288      -0.141      -0.059       0.344       0.748       0.825       0.954
    T2_MEQES         0.206       0.237       0.253       0.332       0.411       0.427       0.457
    T2_MEQCR        -0.230      -0.209      -0.199      -0.146      -0.096      -0.085      -0.063
    T1_SELFCON      -0.213      -0.201      -0.195      -0.164      -0.134      -0.129      -0.117
    T1_GSE          -0.132      -0.115      -0.107      -0.059      -0.013      -0.005       0.017
    T1_MEQES        -0.035      -0.004       0.012       0.099       0.184       0.200       0.230
    T1_MEQCR        -0.077      -0.059      -0.049       0.004       0.058       0.068       0.086
    T1_DOB          -0.838      -0.698      -0.620      -0.228       0.162       0.242       0.383
    T1_SEIFA        -0.485      -0.310      -0.226       0.181       0.589       0.673       0.814
    STATE_NSWR       0.286       0.535       0.656       1.333       2.009       2.134       2.414
    STATE_QLD       -0.514      -0.336      -0.238       0.281       0.777       0.872       1.081
    STATE_WA         0.290       0.528       0.657       1.330       1.988       2.125       2.365

 T2_MEQES ON
    T1_PUB_BIN       0.322       0.420       0.463       0.686       0.918       0.966       1.047
    T1_MEQES         0.549       0.568       0.576       0.618       0.657       0.665       0.679
    T1_SELFCON      -0.047      -0.040      -0.037      -0.020      -0.003       0.001       0.007
    T1_GSE          -0.003       0.008       0.013       0.040       0.068       0.073       0.084
    T1_DOB          -0.473      -0.385      -0.345      -0.124       0.091       0.130       0.211
    T1_SEIFA        -0.223      -0.146      -0.106       0.116       0.339       0.375       0.461
    STATE_NSWR      -0.242      -0.108      -0.036       0.340       0.708       0.773       0.905
    STATE_QLD       -0.455      -0.352      -0.296      -0.002       0.290       0.342       0.438
    STATE_WA        -0.582      -0.452      -0.380      -0.016       0.354       0.434       0.581

 T2_MEQCR ON
    T1_PUB_BIN      -1.063      -0.926      -0.860      -0.501      -0.159      -0.097       0.038
    T1_MEQCR         0.378       0.397       0.406       0.455       0.503       0.512       0.529
    T1_SELFCON       0.013       0.022       0.027       0.051       0.077       0.082       0.091
    T1_GSE           0.092       0.106       0.115       0.160       0.206       0.215       0.232
    T1_DOB          -0.638      -0.528      -0.458      -0.118       0.220       0.282       0.411
    T1_SEIFA        -0.077       0.062       0.125       0.483       0.839       0.912       1.058
    STATE_NSWR      -0.763      -0.546      -0.419       0.149       0.723       0.824       1.039
    STATE_QLD       -0.408      -0.263      -0.173       0.259       0.706       0.785       0.939
    STATE_WA        -0.823      -0.604      -0.491       0.107       0.710       0.812       1.025

 Intercepts
    T2_MEQES        -0.764      -0.679      -0.633      -0.399      -0.171      -0.124      -0.035
    T2_MEQCR        -0.454      -0.319      -0.250       0.110       0.462       0.532       0.661
    T3_PHQ8          5.712       5.859       5.942       6.362       6.804       6.885       7.051
    T3_PROMI        24.359      24.693      24.868      25.727      26.652      26.824      27.133
    T3_SDQEM         3.270       3.339       3.373       3.562       3.755       3.791       3.859

 Residual Variances
    T2_MEQES         7.230       7.428       7.533       8.043       8.680       8.800       9.035
    T2_MEQCR        17.240      17.757      17.995      19.243      20.824      21.086      21.729
    T3_PHQ8         10.311      10.832      11.089      12.599      14.303      14.648      15.300
    T3_PROMI        30.185      31.458      32.289      36.340      40.705      41.614      43.473
    T3_SDQEM         1.758       1.839       1.879       2.067       2.272       2.310       2.386
    F               17.623      18.275      18.602      20.195      22.237      22.601      23.302


CONFIDENCE INTERVALS OF STANDARDIZED MODEL RESULTS


STDYX Standardization

                  Lower .5%  Lower 2.5%    Lower 5%    Estimate    Upper 5%  Upper 2.5%   Upper .5%

 F        BY
    T3_PHQ8          0.788       0.796       0.802       0.827       0.850       0.854       0.862
    T3_PROMISA       0.853       0.860       0.863       0.880       0.894       0.897       0.903
    T3_SDQEMO        0.824       0.830       0.833       0.851       0.867       0.870       0.876

 F        ON
    T1_PUB_BIN      -0.028      -0.014      -0.006       0.033       0.071       0.079       0.092
    T2_MEQES         0.140       0.161       0.171       0.225       0.278       0.287       0.306
    T2_MEQCR        -0.225      -0.205      -0.196      -0.145      -0.095      -0.084      -0.063
    T1_SELFCON      -0.322      -0.306      -0.297      -0.252      -0.208      -0.200      -0.185
    T1_GSE          -0.130      -0.114      -0.106      -0.059      -0.013      -0.005       0.017
    T1_MEQES        -0.023      -0.002       0.008       0.061       0.114       0.124       0.143
    T1_MEQCR        -0.069      -0.053      -0.044       0.004       0.052       0.060       0.078
    T1_DOB          -0.081      -0.068      -0.060      -0.022       0.016       0.024       0.038
    T1_SEIFA        -0.056      -0.036      -0.026       0.021       0.068       0.077       0.094
    STATE_NSWR       0.021       0.039       0.048       0.096       0.144       0.153       0.174
    STATE_QLD       -0.045      -0.030      -0.021       0.025       0.069       0.076       0.097
    STATE_WA         0.020       0.037       0.046       0.095       0.141       0.151       0.168

 T2_MEQES ON
    T1_PUB_BIN       0.046       0.060       0.066       0.097       0.130       0.136       0.147
    T1_MEQES         0.511       0.526       0.533       0.569       0.602       0.608       0.621
    T1_SELFCON      -0.107      -0.092      -0.084      -0.046      -0.006       0.002       0.015
    T1_GSE          -0.004       0.012       0.019       0.058       0.099       0.107       0.124
    T1_DOB          -0.068      -0.056      -0.050      -0.018       0.013       0.019       0.030
    T1_SEIFA        -0.038      -0.025      -0.018       0.020       0.058       0.064       0.079
    STATE_NSWR      -0.025      -0.011      -0.004       0.036       0.075       0.083       0.096
    STATE_QLD       -0.060      -0.046      -0.039       0.000       0.038       0.045       0.057
    STATE_WA        -0.062      -0.047      -0.040      -0.002       0.037       0.046       0.060

 T2_MEQCR ON
    T1_PUB_BIN      -0.102      -0.089      -0.083      -0.049      -0.015      -0.009       0.004
    T1_MEQCR         0.342       0.359       0.366       0.410       0.451       0.459       0.474
    T1_SELFCON       0.019       0.034       0.042       0.080       0.120       0.127       0.142
    T1_GSE           0.092       0.106       0.115       0.160       0.205       0.213       0.229
    T1_DOB          -0.063      -0.052      -0.045      -0.012       0.022       0.028       0.040
    T1_SEIFA        -0.009       0.007       0.014       0.056       0.098       0.106       0.124
    STATE_NSWR      -0.055      -0.040      -0.030       0.011       0.053       0.060       0.076
    STATE_QLD       -0.037      -0.023      -0.016       0.023       0.064       0.071       0.084
    STATE_WA        -0.060      -0.043      -0.035       0.008       0.051       0.059       0.074

 Intercepts
    T2_MEQES        -0.214      -0.192      -0.179      -0.113      -0.048      -0.035      -0.010
    T2_MEQCR        -0.088      -0.061      -0.048       0.021       0.090       0.104       0.128
    T3_PHQ8          0.907       0.929       0.943       1.007       1.072       1.084       1.108
    T3_PROMI         1.905       1.934       1.950       2.029       2.108       2.124       2.156
    T3_SDQEM         1.193       1.220       1.232       1.303       1.374       1.387       1.413

 Residual Variances
    T2_MEQES         0.590       0.604       0.610       0.643       0.683       0.690       0.705
    T2_MEQCR         0.666       0.680       0.687       0.721       0.761       0.768       0.780
    T3_PHQ8          0.257       0.271       0.278       0.316       0.358       0.366       0.379
    T3_PROMI         0.185       0.195       0.200       0.226       0.255       0.260       0.272
    T3_SDQEM         0.233       0.244       0.249       0.277       0.305       0.311       0.321
    F                0.695       0.708       0.714       0.740       0.779       0.783       0.793


STDY Standardization

                  Lower .5%  Lower 2.5%    Lower 5%    Estimate    Upper 5%  Upper 2.5%   Upper .5%

 F        BY
    T3_PHQ8          0.788       0.796       0.802       0.827       0.850       0.854       0.862
    T3_PROMISA       0.853       0.860       0.863       0.880       0.894       0.897       0.903
    T3_SDQEMO        0.824       0.830       0.833       0.851       0.867       0.870       0.876

 F        ON
    T1_PUB_BIN      -0.055      -0.027      -0.012       0.066       0.143       0.158       0.183
    T2_MEQES         0.140       0.161       0.171       0.225       0.278       0.287       0.306
    T2_MEQCR        -0.225      -0.205      -0.196      -0.145      -0.095      -0.084      -0.063
    T1_SELFCON      -0.040      -0.038      -0.037      -0.031      -0.026      -0.025      -0.023
    T1_GSE          -0.025      -0.022      -0.021      -0.011      -0.003      -0.001       0.003
    T1_MEQES        -0.007      -0.001       0.002       0.019       0.035       0.038       0.044
    T1_MEQCR        -0.015      -0.011      -0.009       0.001       0.011       0.013       0.017
    T1_DOB          -0.161      -0.134      -0.118      -0.044       0.032       0.047       0.073
    T1_SEIFA        -0.092      -0.060      -0.044       0.035       0.113       0.128       0.156
    STATE_NSWR       0.055       0.103       0.126       0.255       0.383       0.406       0.463
    STATE_QLD       -0.097      -0.065      -0.046       0.054       0.148       0.165       0.208
    STATE_WA         0.056       0.101       0.126       0.255       0.381       0.406       0.453

 T2_MEQES ON
    T1_PUB_BIN       0.092       0.120       0.131       0.194       0.259       0.272       0.295
    T1_MEQES         0.156       0.161       0.163       0.175       0.185       0.187       0.191
    T1_SELFCON      -0.013      -0.011      -0.011      -0.006      -0.001       0.000       0.002
    T1_GSE          -0.001       0.002       0.004       0.011       0.019       0.021       0.024
    T1_DOB          -0.134      -0.110      -0.098      -0.035       0.026       0.037       0.060
    T1_SEIFA        -0.063      -0.042      -0.030       0.033       0.096       0.106       0.130
    STATE_NSWR      -0.067      -0.030      -0.010       0.096       0.200       0.219       0.255
    STATE_QLD       -0.130      -0.100      -0.084      -0.001       0.082       0.096       0.124
    STATE_WA        -0.165      -0.128      -0.108      -0.005       0.100       0.123       0.162

 T2_MEQCR ON
    T1_PUB_BIN      -0.204      -0.178      -0.166      -0.097      -0.030      -0.018       0.008
    T1_MEQCR         0.073       0.077       0.079       0.088       0.097       0.099       0.102
    T1_SELFCON       0.002       0.004       0.005       0.010       0.015       0.016       0.018
    T1_GSE           0.018       0.021       0.022       0.031       0.040       0.041       0.044
    T1_DOB          -0.124      -0.102      -0.089      -0.023       0.043       0.054       0.079
    T1_SEIFA        -0.015       0.012       0.024       0.094       0.162       0.176       0.205
    STATE_NSWR      -0.147      -0.106      -0.081       0.029       0.140       0.160       0.201
    STATE_QLD       -0.078      -0.050      -0.034       0.050       0.137       0.152       0.181
    STATE_WA        -0.159      -0.116      -0.095       0.021       0.137       0.158       0.199

 Intercepts
    T2_MEQES        -0.214      -0.192      -0.179      -0.113      -0.048      -0.035      -0.010
    T2_MEQCR        -0.088      -0.061      -0.048       0.021       0.090       0.104       0.128
    T3_PHQ8          0.907       0.929       0.943       1.007       1.072       1.084       1.108
    T3_PROMI         1.905       1.934       1.950       2.029       2.108       2.124       2.156
    T3_SDQEM         1.193       1.220       1.232       1.303       1.374       1.387       1.413

 Residual Variances
    T2_MEQES         0.590       0.604       0.610       0.643       0.683       0.690       0.705
    T2_MEQCR         0.666       0.680       0.687       0.721       0.761       0.768       0.780
    T3_PHQ8          0.257       0.271       0.278       0.316       0.358       0.366       0.379
    T3_PROMI         0.185       0.195       0.200       0.226       0.255       0.260       0.272
    T3_SDQEM         0.233       0.244       0.249       0.277       0.305       0.311       0.321
    F                0.695       0.708       0.714       0.740       0.779       0.783       0.793


STD Standardization

                  Lower .5%  Lower 2.5%    Lower 5%    Estimate    Upper 5%  Upper 2.5%   Upper .5%

 F        BY
    T3_PHQ8          4.860       4.947       4.991       5.223       5.453       5.497       5.579
    T3_PROMISA      10.470      10.637      10.721      11.158      11.587      11.673      11.833
    T3_SDQEMO        2.197       2.230       2.248       2.325       2.404       2.419       2.450

 F        ON
    T1_PUB_BIN      -0.055      -0.027      -0.012       0.066       0.143       0.158       0.183
    T2_MEQES         0.040       0.045       0.049       0.064       0.079       0.081       0.087
    T2_MEQCR        -0.043      -0.040      -0.038      -0.028      -0.018      -0.016      -0.012
    T1_SELFCON      -0.040      -0.038      -0.037      -0.031      -0.026      -0.025      -0.023
    T1_GSE          -0.025      -0.022      -0.021      -0.011      -0.003      -0.001       0.003
    T1_MEQES        -0.007      -0.001       0.002       0.019       0.035       0.038       0.044
    T1_MEQCR        -0.015      -0.011      -0.009       0.001       0.011       0.013       0.017
    T1_DOB          -0.161      -0.134      -0.118      -0.044       0.032       0.047       0.073
    T1_SEIFA        -0.092      -0.060      -0.044       0.035       0.113       0.128       0.156
    STATE_NSWR       0.055       0.103       0.126       0.255       0.383       0.406       0.463
    STATE_QLD       -0.097      -0.065      -0.046       0.054       0.148       0.165       0.208
    STATE_WA         0.056       0.101       0.126       0.255       0.381       0.406       0.453

 T2_MEQES ON
    T1_PUB_BIN       0.322       0.420       0.463       0.686       0.918       0.966       1.047
    T1_MEQES         0.549       0.568       0.576       0.618       0.657       0.665       0.679
    T1_SELFCON      -0.047      -0.040      -0.037      -0.020      -0.003       0.001       0.007
    T1_GSE          -0.003       0.008       0.013       0.040       0.068       0.073       0.084
    T1_DOB          -0.473      -0.385      -0.345      -0.124       0.091       0.130       0.211
    T1_SEIFA        -0.223      -0.146      -0.106       0.116       0.339       0.375       0.461
    STATE_NSWR      -0.242      -0.108      -0.036       0.340       0.708       0.773       0.905
    STATE_QLD       -0.455      -0.352      -0.296      -0.002       0.290       0.342       0.438
    STATE_WA        -0.582      -0.452      -0.380      -0.016       0.354       0.434       0.581

 T2_MEQCR ON
    T1_PUB_BIN      -1.063      -0.926      -0.860      -0.501      -0.159      -0.097       0.038
    T1_MEQCR         0.378       0.397       0.406       0.455       0.503       0.512       0.529
    T1_SELFCON       0.013       0.022       0.027       0.051       0.077       0.082       0.091
    T1_GSE           0.092       0.106       0.115       0.160       0.206       0.215       0.232
    T1_DOB          -0.638      -0.528      -0.458      -0.118       0.220       0.282       0.411
    T1_SEIFA        -0.077       0.062       0.125       0.483       0.839       0.912       1.058
    STATE_NSWR      -0.763      -0.546      -0.419       0.149       0.723       0.824       1.039
    STATE_QLD       -0.408      -0.263      -0.173       0.259       0.706       0.785       0.939
    STATE_WA        -0.823      -0.604      -0.491       0.107       0.710       0.812       1.025

 Intercepts
    T2_MEQES        -0.764      -0.679      -0.633      -0.399      -0.171      -0.124      -0.035
    T2_MEQCR        -0.454      -0.319      -0.250       0.110       0.462       0.532       0.661
    T3_PHQ8          5.712       5.859       5.942       6.362       6.804       6.885       7.051
    T3_PROMI        24.359      24.693      24.868      25.727      26.652      26.824      27.133
    T3_SDQEM         3.270       3.339       3.373       3.562       3.755       3.791       3.859

 Residual Variances
    T2_MEQES         7.230       7.428       7.533       8.043       8.680       8.800       9.035
    T2_MEQCR        17.240      17.757      17.995      19.243      20.824      21.086      21.729
    T3_PHQ8         10.311      10.832      11.089      12.599      14.303      14.648      15.300
    T3_PROMI        30.185      31.458      32.289      36.340      40.705      41.614      43.473
    T3_SDQEM         1.758       1.839       1.879       2.067       2.272       2.310       2.386
    F                0.695       0.708       0.714       0.740       0.779       0.783       0.793


CONFIDENCE INTERVALS OF TOTAL, TOTAL INDIRECT, SPECIFIC INDIRECT, AND DIRECT EFFECTS


                  Lower .5%  Lower 2.5%    Lower 5%    Estimate    Upper 5%  Upper 2.5%   Upper .5%

Effects from T1_PUB_B to F

  Total              0.011       0.164       0.242       0.646       1.051       1.126       1.267
  Total indirect     0.161       0.191       0.207       0.301       0.416       0.438       0.487

  Specific indirect 1
    F
    T2_MEQES
    T1_PUB_B         0.100       0.130       0.144       0.228       0.338       0.360       0.407

  Specific indirect 2
    F
    T2_MEQCR
    T1_PUB_B        -0.003       0.015       0.024       0.073       0.145       0.158       0.189

  Direct
    F
    T1_PUB_B        -0.288      -0.141      -0.059       0.344       0.748       0.825       0.954



CONFIDENCE INTERVALS OF STANDARDIZED TOTAL, TOTAL INDIRECT, SPECIFIC INDIRECT, AND DIRECT EFFECTS


STDYX Standardization

                  Lower .5%  Lower 2.5%    Lower 5%    Estimate    Upper 5%  Upper 2.5%   Upper .5%

Effects from T1_PUB_B to F

  Total              0.001       0.015       0.023       0.062       0.101       0.108       0.120
  Total indirect     0.016       0.018       0.020       0.029       0.040       0.042       0.047

  Specific indirect 1
    F
    T2_MEQES
    T1_PUB_B         0.010       0.012       0.014       0.022       0.032       0.034       0.039

  Specific indirect 2
    F
    T2_MEQCR
    T1_PUB_B         0.000       0.001       0.002       0.007       0.014       0.015       0.018

  Direct
    F
    T1_PUB_B        -0.028      -0.014      -0.006       0.033       0.071       0.079       0.092



STDY Standardization

                  Lower .5%  Lower 2.5%    Lower 5%    Estimate    Upper 5%  Upper 2.5%   Upper .5%

Effects from T1_PUB_B to F

  Total              0.001       0.031       0.046       0.124       0.201       0.215       0.240
  Total indirect     0.031       0.037       0.040       0.058       0.079       0.083       0.093

  Specific indirect 1
    F
    T2_MEQES
    T1_PUB_B         0.019       0.025       0.028       0.044       0.065       0.069       0.078

  Specific indirect 2
    F
    T2_MEQCR
    T1_PUB_B        -0.001       0.003       0.004       0.014       0.028       0.030       0.036

  Direct
    F
    T1_PUB_B        -0.055      -0.027      -0.012       0.066       0.143       0.158       0.183



STD Standardization

                  Lower .5%  Lower 2.5%    Lower 5%    Estimate    Upper 5%  Upper 2.5%   Upper .5%

Effects from T1_PUB_B to F

  Total              0.001       0.031       0.046       0.124       0.201       0.215       0.240
  Total indirect     0.031       0.037       0.040       0.058       0.079       0.083       0.093

  Specific indirect 1
    F
    T2_MEQES
    T1_PUB_B         0.019       0.025       0.028       0.044       0.065       0.069       0.078

  Specific indirect 2
    F
    T2_MEQCR
    T1_PUB_B        -0.001       0.003       0.004       0.014       0.028       0.030       0.036

  Direct
    F
    T1_PUB_B        -0.055      -0.027      -0.012       0.066       0.143       0.158       0.183




DIAGRAM INFORMATION

  Use View Diagram under the Diagram menu in the Mplus Editor to view the diagram.
  If running Mplus from the Mplus Diagrammer, the diagram opens automatically.

  Diagram output
    d:\onedrive - the university of sydney (staff)\cre\psychiatric epidemiology\pubertal timing and int\model1-female-bo

     Beginning Time:  16:35:53
        Ending Time:  16:37:00
       Elapsed Time:  00:01:07



MUTHEN & MUTHEN
3463 Stoner Ave.
Los Angeles, CA  90066

Tel: (310) 391-9971
Fax: (310) 391-8971
Web: www.StatModel.com
Support: Support@StatModel.com

Copyright (c) 1998-2022 Muthen & Muthen
