Mplus VERSION 8.8
MUTHEN & MUTHEN
02/18/2025   4:45 PM

INPUT INSTRUCTIONS

  Title: H4L pubertal timing and internalising mediation analysis

  data: file= h4lmed_imputedlist.dat;
          type=imputation;


  variable: names are     T1_DOB
      T1_PHQ8
      T1_PROMI
      T1_PARMO
      T1_PARCO
      T1_MEQCR
      T1_MEQES
      T1_SDQEM
      T1_PUB_C
      T1_SELFC
      T1_GSE
      T2_MEQCR
      T2_MEQES
      T2_DOB
      T3_PHQ8
      T3_PROMI
      T3_SDQEM
      T1_SEIFA
      STATE_NS
      STATE_QL
      STATE_WA
      MALE
      FEMALE
      T1_PUB_B
      T3_DOB
      CLUSTER
      ID
      TRIALGRP
      SEX
      NOTSAY;

  SUBPOPULATION = FEMALE EQ 1;

  usevariables = T1_PUB_B T2_MEQES T2_MEQCR
  T3_PHQ8 T3_PROMI T3_SDQEM
  T1_DOB
  T1_SELFC T1_GSE
  T1_MEQCR T1_MEQES
  T1_SEIFA
  STATE_NS STATE_QL STATE_WA;

  missing = *;

  cluster=CLUSTER;

  DEFINE: CENTER T2_MEQES T2_MEQCR T1_DOB T1_SEIFA
              T1_SELFC T1_GSE T1_MEQES
              T1_MEQCR(GRANDMEAN);

  ANALYSIS: estimator=mlr; type=complex;


  model:
  f by T3_PHQ8 T3_PROMI T3_SDQEM;

  T2_MEQES on T1_PUB_B T1_MEQES T1_SELFC T1_GSE
      T1_DOB T1_SEIFA STATE_NS STATE_QL STATE_WA;
  T2_MEQCR on T1_PUB_B T1_MEQCR T1_SELFC T1_GSE
      T1_DOB T1_SEIFA STATE_NS STATE_QL STATE_WA;

  f on T1_PUB_B T2_MEQES T2_MEQCR T1_SELFC T1_GSE
   T1_MEQES T1_MEQCR T1_DOB T1_SEIFA
  STATE_NS STATE_QL STATE_WA;

  model indirect:
  f ind T1_PUB_B;

  output: standardized; cinterval;



*** WARNING in OUTPUT command
  PATTERNS option is not available when a subpopulation is analyzed.
  Request for PATTERNS is ignored.  Use TYPE=BASIC along with
  USEOBSERVATIONS to get these missing data patterns.
   1 WARNING(S) FOUND IN THE INPUT INSTRUCTIONS



H4L pubertal timing and internalising mediation analysis

SUMMARY OF ANALYSIS

Number of groups                                                 1
Average number of observations                                3219

Number of replications
    Requested                                                   50
    Completed                                                   50

Number of dependent variables                                    5
Number of independent variables                                 10
Number of continuous latent variables                            1

Observed dependent variables

  Continuous
   T2_MEQES    T2_MEQCR    T3_PHQ8     T3_PROMI    T3_SDQEM

Observed independent variables
   T1_PUB_B    T1_DOB      T1_SELFC    T1_GSE      T1_MEQCR    T1_MEQES
   T1_SEIFA    STATE_NS    STATE_QL    STATE_WA

Continuous latent variables
   F

Variables with special functions

  Cluster variable      CLUSTER

  Centering (GRANDMEAN)
   T2_MEQES    T2_MEQCR    T1_DOB      T1_SEIFA    T1_SELFC    T1_GSE
   T1_MEQES    T1_MEQCR


Estimator                                                      MLR
Information matrix                                        OBSERVED
Maximum number of iterations                                  1000
Convergence criterion                                    0.500D-04
Maximum number of steepest descent iterations                   20
Maximum number of iterations for H1                           2000
Convergence criterion for H1                             0.100D-03

Input data file(s)
  Multiple data files from
    h4lmed_imputedlist.dat

Input data format  FREE


SUMMARY OF DATA FOR THE FIRST DATA SET

     Number of missing data patterns             1
     Number of clusters                         64



SAMPLE STATISTICS

NOTE:  These are average results over 50 data sets.


     ESTIMATED SAMPLE STATISTICS


           Means
              T2_MEQES      T2_MEQCR      T3_PHQ8       T3_PROMI      T3_SDQEM
              ________      ________      ________      ________      ________
                0.000         0.000         7.242        27.392         3.923


           Means
              T1_PUB_B      T1_DOB        T1_SELFC      T1_GSE        T1_MEQCR
              ________      ________      ________      ________      ________
                0.489         0.000         0.000         0.000         0.000


           Means
              T1_MEQES      T1_SEIFA      STATE_NS      STATE_QL      STATE_WA
              ________      ________      ________      ________      ________
                0.000         0.000         0.181         0.276         0.204


           Covariances
              T2_MEQES      T2_MEQCR      T3_PHQ8       T3_PROMI      T3_SDQEM
              ________      ________      ________      ________      ________
 T2_MEQES      12.732
 T2_MEQCR       2.089        27.900
 T3_PHQ8        6.292        -5.788        39.302
 T3_PROMI      10.973        -9.541        55.297       156.247
 T3_SDQEM       2.415        -2.401        11.018        24.499         7.289
 T1_PUB_B       0.272        -0.194         0.414         0.627         0.139
 T1_DOB         0.030        -0.031        -0.015        -0.101        -0.019
 T1_SELFC      -6.389        10.641       -18.508       -30.095        -6.732
 T1_GSE        -1.561         8.593        -6.435       -12.193        -2.936
 T1_MEQCR      -1.359        11.315        -4.471        -7.588        -1.812
 T1_MEQES       6.736        -1.758         5.641         9.231         2.116
 T1_SEIFA      -0.040         0.137        -0.147        -0.441        -0.053
 STATE_NS       0.035        -0.031         0.135         0.275         0.050
 STATE_QL      -0.018         0.029        -0.101        -0.228        -0.035
 STATE_WA       0.034        -0.089         0.163         0.408         0.060


           Covariances
              T1_PUB_B      T1_DOB        T1_SELFC      T1_GSE        T1_MEQCR
              ________      ________      ________      ________      ________
 T1_PUB_B       0.250
 T1_DOB         0.033         0.258
 T1_SELFC      -0.646         0.062        64.067
 T1_GSE        -0.160         0.064        16.763        29.373
 T1_MEQCR      -0.136        -0.033         9.687         7.636        21.964
 T1_MEQES       0.212         0.013        -7.597        -2.720         0.041
 T1_SEIFA      -0.011         0.005         0.049         0.124         0.043
 STATE_NS       0.010         0.027        -0.003        -0.039        -0.016
 STATE_QL      -0.006        -0.026         0.009        -0.010        -0.027
 STATE_WA       0.002        -0.014        -0.122        -0.075        -0.072


           Covariances
              T1_MEQES      T1_SEIFA      STATE_NS      STATE_QL      STATE_WA
              ________      ________      ________      ________      ________
 T1_MEQES      10.951
 T1_SEIFA      -0.105         0.385
 STATE_NS       0.013        -0.069         0.148
 STATE_QL       0.001        -0.014        -0.050         0.200
 STATE_WA       0.052        -0.071        -0.037        -0.056         0.162


           Correlations
              T2_MEQES      T2_MEQCR      T3_PHQ8       T3_PROMI      T3_SDQEM
              ________      ________      ________      ________      ________
 T2_MEQES       1.000
 T2_MEQCR       0.111         1.000
 T3_PHQ8        0.281        -0.175         1.000
 T3_PROMI       0.246        -0.145         0.706         1.000
 T3_SDQEM       0.251        -0.168         0.651         0.726         1.000
 T1_PUB_B       0.152        -0.073         0.132         0.100         0.103
 T1_DOB         0.017        -0.011        -0.005        -0.016        -0.014
 T1_SELFC      -0.224         0.252        -0.369        -0.301        -0.312
 T1_GSE        -0.081         0.300        -0.189        -0.180        -0.201
 T1_MEQCR      -0.081         0.457        -0.152        -0.130        -0.143
 T1_MEQES       0.570        -0.101         0.272         0.223         0.237
 T1_SEIFA      -0.018         0.042        -0.038        -0.057        -0.032
 STATE_NS       0.025        -0.015         0.056         0.057         0.048
 STATE_QL      -0.011         0.012        -0.036        -0.041        -0.029
 STATE_WA       0.024        -0.042         0.064         0.081         0.056


           Correlations
              T1_PUB_B      T1_DOB        T1_SELFC      T1_GSE        T1_MEQCR
              ________      ________      ________      ________      ________
 T1_PUB_B       1.000
 T1_DOB         0.131         1.000
 T1_SELFC      -0.162         0.015         1.000
 T1_GSE        -0.059         0.023         0.386         1.000
 T1_MEQCR      -0.058        -0.014         0.258         0.301         1.000
 T1_MEQES       0.128         0.008        -0.287        -0.152         0.003
 T1_SEIFA      -0.036         0.017         0.010         0.037         0.015
 STATE_NS       0.050         0.137        -0.001        -0.019        -0.009
 STATE_QL      -0.026        -0.113         0.002        -0.004        -0.013
 STATE_WA       0.008        -0.070        -0.038        -0.034        -0.038


           Correlations
              T1_MEQES      T1_SEIFA      STATE_NS      STATE_QL      STATE_WA
              ________      ________      ________      ________      ________
 T1_MEQES       1.000
 T1_SEIFA      -0.051         1.000
 STATE_NS       0.010        -0.287         1.000
 STATE_QL       0.001        -0.049        -0.290         1.000
 STATE_WA       0.039        -0.285        -0.238        -0.313         1.000


MODEL FIT INFORMATION

Number of Free Parameters                       43

Loglikelihood

    H0 Value

        Mean                            -45587.549
        Std Dev                             48.942
        Number of successful computations       50

             Proportions                   Percentiles
        Expected    Observed         Expected       Observed
           0.990       1.000       -45701.403     -45673.263
           0.980       1.000       -45688.061     -45673.263
           0.950       0.960       -45668.053     -45670.700
           0.900       0.860       -45650.273     -45659.409
           0.800       0.800       -45628.738     -45636.324
           0.700       0.660       -45613.214     -45619.913
           0.500       0.460       -45587.549     -45590.570
           0.300       0.300       -45561.883     -45562.286
           0.200       0.220       -45546.359     -45544.706
           0.100       0.100       -45524.824     -45524.988
           0.050       0.040       -45507.044     -45508.538
           0.020       0.020       -45487.036     -45487.411
           0.010       0.000       -45473.695     -45487.411

    H1 Value

        Mean                            -45365.974
        Std Dev                             45.660
        Number of successful computations       50

             Proportions                   Percentiles
        Expected    Observed         Expected       Observed
           0.990       1.000       -45472.192     -45445.554
           0.980       1.000       -45459.745     -45445.554
           0.950       0.980       -45441.080     -45440.698
           0.900       0.900       -45424.492     -45430.573
           0.800       0.760       -45404.401     -45413.433
           0.700       0.680       -45389.918     -45396.403
           0.500       0.460       -45365.974     -45369.762
           0.300       0.300       -45342.031     -45347.979
           0.200       0.240       -45327.547     -45321.676
           0.100       0.120       -45307.457     -45302.200
           0.050       0.080       -45290.869     -45287.484
           0.020       0.020       -45272.203     -45279.796
           0.010       0.000       -45259.757     -45279.796

Information Criteria

    Akaike (AIC)

        Mean                             91261.097
        Std Dev                             97.884
        Number of successful computations       50

             Proportions                   Percentiles
        Expected    Observed         Expected       Observed
           0.990       1.000        91033.389      91055.327
           0.980       0.980        91060.072      91055.327
           0.950       0.960        91100.088      91060.823
           0.900       0.900        91135.649      91103.077
           0.800       0.780        91178.718      91150.610
           0.700       0.700        91209.767      91200.923
           0.500       0.540        91261.097      91266.299
           0.300       0.340        91312.428      91320.403
           0.200       0.200        91343.477      91343.079
           0.100       0.140        91386.546      91401.280
           0.050       0.040        91422.107      91404.818
           0.020       0.000        91462.122      91427.400
           0.010       0.000        91488.805      91427.400

    Bayesian (BIC)

        Mean                             91522.401
        Std Dev                             97.884
        Number of successful computations       50

             Proportions                   Percentiles
        Expected    Observed         Expected       Observed
           0.990       1.000        91294.693      91316.630
           0.980       0.980        91321.376      91316.630
           0.950       0.960        91361.391      91322.126
           0.900       0.900        91396.952      91364.381
           0.800       0.780        91440.021      91411.914
           0.700       0.700        91471.070      91462.227
           0.500       0.540        91522.401      91527.602
           0.300       0.340        91573.731      91581.707
           0.200       0.200        91604.780      91604.383
           0.100       0.140        91647.849      91662.584
           0.050       0.040        91683.410      91666.121
           0.020       0.000        91723.425      91688.704
           0.010       0.000        91750.109      91688.704

    Sample-Size Adjusted BIC (n* = (n + 2) / 24)

        Mean                             91385.771
        Std Dev                             97.884
        Number of successful computations       50

             Proportions                   Percentiles
        Expected    Observed         Expected       Observed
           0.990       1.000        91158.063      91180.001
           0.980       0.980        91184.746      91180.001
           0.950       0.960        91224.761      91185.497
           0.900       0.900        91260.323      91227.751
           0.800       0.780        91303.392      91275.284
           0.700       0.700        91334.441      91325.597
           0.500       0.540        91385.771      91390.973
           0.300       0.340        91437.102      91445.077
           0.200       0.200        91468.150      91467.753
           0.100       0.140        91511.220      91525.954
           0.050       0.040        91546.781      91529.492
           0.020       0.000        91586.796      91552.074
           0.010       0.000        91613.479      91552.074

Chi-Square Test of Model Fit

        Degrees of freedom                      27

        Mean                               440.445
        Std Dev                             25.292
        Number of successful computations       50

             Proportions                   Percentiles
        Expected    Observed         Expected       Observed
           0.990       1.000           12.878        368.066
           0.980       1.000           14.125        368.066
           0.950       1.000           16.151        387.299
           0.900       1.000           18.114        403.179
           0.800       1.000           20.703        421.740
           0.700       1.000           22.719        426.903
           0.500       1.000           26.336        435.760
           0.300       1.000           30.319        455.348
           0.200       1.000           32.912        465.930
           0.100       1.000           36.741        471.595
           0.050       1.000           40.113        474.468
           0.020       1.000           44.140        484.065
           0.010       1.000           46.963        484.065

RMSEA (Root Mean Square Error Of Approximation)

        Mean                                 0.069
        Std Dev                              0.002
        Number of successful computations       50

        Cumulative Distribution Function
           Value    Function Value
           0.990       1.000
           0.980       1.000
           0.950       1.000
           0.900       1.000
           0.800       1.000
           0.700       1.000
           0.500       1.000
           0.300       1.000
           0.200       1.000
           0.100       1.000
           0.050       0.000
           0.020       0.000
           0.010       0.000

CFI/TLI

    CFI

        Mean                                 0.947
        Std Dev                              0.003
        Number of successful computations       50

        Cumulative Distribution Function
           Value    Function Value
           0.990       1.000
           0.980       1.000
           0.950       0.840
           0.900       0.000
           0.800       0.000
           0.700       0.000
           0.500       0.000
           0.300       0.000
           0.200       0.000
           0.100       0.000
           0.050       0.000
           0.020       0.000
           0.010       0.000

    TLI

        Mean                                 0.883
        Std Dev                              0.007
        Number of successful computations       50

        Cumulative Distribution Function
           Value    Function Value
           0.990       1.000
           0.980       1.000
           0.950       1.000
           0.900       0.980
           0.800       0.000
           0.700       0.000
           0.500       0.000
           0.300       0.000
           0.200       0.000
           0.100       0.000
           0.050       0.000
           0.020       0.000
           0.010       0.000

SRMR (Standardized Root Mean Square Residual)

        Mean                                 0.026
        Std Dev                              0.001
        Number of successful computations       50

        Cumulative Distribution Function
           Value    Function Value
           0.990       1.000
           0.980       1.000
           0.950       1.000
           0.900       1.000
           0.800       1.000
           0.700       1.000
           0.500       1.000
           0.300       1.000
           0.200       1.000
           0.100       1.000
           0.050       1.000
           0.020       0.000
           0.010       0.000


MODEL RESULTS

                                                    Two-Tailed   Rate of
                    Estimate       S.E.  Est./S.E.    P-Value    Missing

 F        BY
    T3_PHQ8            1.000      0.000    999.000    999.000      0.000
    T3_PROMI           2.147      0.045     48.095      0.000      0.165
    T3_SDQEM           0.437      0.011     41.493      0.000      0.164

 F        ON
    T1_PUB_B           0.364      0.216      1.685      0.092      0.379
    T2_MEQES           0.300      0.037      8.197      0.000      0.177
    T2_MEQCR          -0.112      0.025     -4.443      0.000      0.185
    T1_SELFC          -0.163      0.016    -10.251      0.000      0.215
    T1_GSE            -0.051      0.021     -2.447      0.014      0.300
    T1_MEQES           0.100      0.037      2.726      0.006      0.187
    T1_MEQCR          -0.009      0.022     -0.390      0.696      0.263
    T1_DOB            -0.241      0.178     -1.356      0.175      0.156
    T1_SEIFA           0.116      0.231      0.501      0.616      0.123
    STATE_NS           1.105      0.362      3.055      0.002      0.143
    STATE_QL           0.119      0.287      0.416      0.678      0.095
    STATE_WA           1.046      0.296      3.530      0.000      0.184

 T2_MEQES ON
    T1_PUB_B           0.520      0.133      3.919      0.000      0.428
    T1_MEQES           0.590      0.019     30.467      0.000      0.259
    T1_SELFC          -0.030      0.008     -3.656      0.000      0.261
    T1_GSE             0.022      0.014      1.590      0.112      0.133
    T1_DOB             0.003      0.115      0.024      0.981      0.194
    T1_SEIFA           0.145      0.119      1.225      0.221      0.199
    STATE_NS           0.270      0.194      1.391      0.164      0.225
    STATE_QL           0.042      0.149      0.280      0.780      0.274
    STATE_WA           0.143      0.202      0.705      0.481      0.241

 T2_MEQCR ON
    T1_PUB_B          -0.268      0.214     -1.251      0.211      0.300
    T1_MEQCR           0.437      0.027     15.975      0.000      0.159
    T1_SELFC           0.060      0.013      4.581      0.000      0.292
    T1_GSE             0.143      0.022      6.487      0.000      0.202
    T1_DOB            -0.073      0.186     -0.394      0.694      0.211
    T1_SEIFA           0.269      0.220      1.222      0.222      0.151
    STATE_NS           0.107      0.320      0.335      0.738      0.200
    STATE_QL           0.230      0.268      0.857      0.392      0.193
    STATE_WA          -0.025      0.346     -0.073      0.942      0.207

 Intercepts
    T2_MEQES          -0.343      0.126     -2.723      0.006      0.281
    T2_MEQCR           0.054      0.215      0.249      0.803      0.168
    T3_PHQ8            6.618      0.240     27.571      0.000      0.138
    T3_PROMI          26.053      0.509     51.226      0.000      0.183
    T3_SDQEM           3.650      0.105     34.870      0.000      0.171

 Residual Variances
    T2_MEQES           8.443      0.334     25.287      0.000      0.180
    T2_MEQCR          20.977      0.766     27.374      0.000      0.147
    T3_PHQ8           13.541      0.843     16.054      0.000      0.064
    T3_PROMI          37.510      2.280     16.455      0.000      0.159
    T3_SDQEM           2.364      0.118     20.089      0.000      0.159
    F                 19.717      0.928     21.241      0.000      0.126


QUALITY OF NUMERICAL RESULTS

     Average Condition Number for the Information Matrix      0.240E-03
       (ratio of smallest to largest eigenvalue)


STANDARDIZED MODEL RESULTS


STDYX Standardization

                                                    Two-Tailed   Rate of
                    Estimate       S.E.  Est./S.E.    P-Value    Missing

 F        BY
    T3_PHQ8            0.810      0.011     70.982      0.000      0.101
    T3_PROMI           0.872      0.008    109.649      0.000      0.198
    T3_SDQEM           0.823      0.010     82.396      0.000      0.169

 F        ON
    T1_PUB_B           0.036      0.021      1.692      0.091      0.381
    T2_MEQES           0.210      0.026      8.195      0.000      0.175
    T2_MEQCR          -0.116      0.026     -4.527      0.000      0.200
    T1_SELFC          -0.256      0.025    -10.438      0.000      0.187
    T1_GSE            -0.055      0.022     -2.433      0.015      0.294
    T1_MEQES           0.065      0.024      2.738      0.006      0.188
    T1_MEQCR          -0.008      0.021     -0.390      0.696      0.263
    T1_DOB            -0.024      0.018     -1.354      0.176      0.156
    T1_SEIFA           0.014      0.028      0.500      0.617      0.122
    STATE_NS           0.083      0.029      2.880      0.004      0.124
    STATE_QL           0.010      0.025      0.416      0.677      0.095
    STATE_WA           0.083      0.025      3.315      0.001      0.156

 T2_MEQES ON
    T1_PUB_B           0.073      0.019      3.928      0.000      0.430
    T1_MEQES           0.547      0.017     31.680      0.000      0.185
    T1_SELFC          -0.067      0.018     -3.649      0.000      0.262
    T1_GSE             0.033      0.020      1.594      0.111      0.133
    T1_DOB             0.000      0.016      0.024      0.981      0.194
    T1_SEIFA           0.025      0.021      1.221      0.222      0.195
    STATE_NS           0.029      0.021      1.373      0.170      0.218
    STATE_QL           0.005      0.019      0.280      0.780      0.272
    STATE_WA           0.016      0.023      0.703      0.482      0.239

 T2_MEQCR ON
    T1_PUB_B          -0.025      0.020     -1.249      0.212      0.300
    T1_MEQCR           0.388      0.024     16.106      0.000      0.150
    T1_SELFC           0.091      0.020      4.566      0.000      0.281
    T1_GSE             0.146      0.022      6.519      0.000      0.192
    T1_DOB            -0.007      0.018     -0.394      0.694      0.211
    T1_SEIFA           0.032      0.026      1.214      0.225      0.149
    STATE_NS           0.008      0.023      0.334      0.738      0.198
    STATE_QL           0.019      0.023      0.854      0.393      0.191
    STATE_WA          -0.002      0.026     -0.072      0.943      0.206

 Intercepts
    T2_MEQES          -0.096      0.035     -2.729      0.006      0.280
    T2_MEQCR           0.010      0.041      0.249      0.804      0.167
    T3_PHQ8            1.053      0.041     25.606      0.000      0.162
    T3_PROMI           2.079      0.048     43.719      0.000      0.174
    T3_SDQEM           1.349      0.041     33.078      0.000      0.172

 Residual Variances
    T2_MEQES           0.663      0.019     35.376      0.000      0.174
    T2_MEQCR           0.752      0.020     38.114      0.000      0.135
    T3_PHQ8            0.343      0.019     18.539      0.000      0.101
    T3_PROMI           0.239      0.014     17.219      0.000      0.198
    T3_SDQEM           0.323      0.016     19.660      0.000      0.169
    F                  0.761      0.015     49.793      0.000      0.255


STDY Standardization

                                                    Two-Tailed   Rate of
                    Estimate       S.E.  Est./S.E.    P-Value    Missing

 F        BY
    T3_PHQ8            0.810      0.011     70.982      0.000      0.101
    T3_PROMI           0.872      0.008    109.649      0.000      0.198
    T3_SDQEM           0.823      0.010     82.396      0.000      0.169

 F        ON
    T1_PUB_B           0.072      0.042      1.692      0.091      0.382
    T2_MEQES           0.210      0.026      8.195      0.000      0.175
    T2_MEQCR          -0.116      0.026     -4.527      0.000      0.200
    T1_SELFC          -0.032      0.003    -10.525      0.000      0.186
    T1_GSE            -0.010      0.004     -2.431      0.015      0.297
    T1_MEQES           0.020      0.007      2.738      0.006      0.188
    T1_MEQCR          -0.002      0.004     -0.390      0.697      0.263
    T1_DOB            -0.047      0.035     -1.354      0.176      0.156
    T1_SEIFA           0.023      0.045      0.500      0.617      0.123
    STATE_NS           0.217      0.071      3.065      0.002      0.140
    STATE_QL           0.023      0.056      0.417      0.677      0.095
    STATE_WA           0.205      0.059      3.508      0.000      0.175

 T2_MEQES ON
    T1_PUB_B           0.146      0.037      3.926      0.000      0.430
    T1_MEQES           0.165      0.005     32.385      0.000      0.200
    T1_SELFC          -0.008      0.002     -3.653      0.000      0.262
    T1_GSE             0.006      0.004      1.595      0.111      0.133
    T1_DOB             0.001      0.032      0.024      0.981      0.194
    T1_SEIFA           0.041      0.033      1.228      0.219      0.197
    STATE_NS           0.076      0.054      1.393      0.164      0.224
    STATE_QL           0.012      0.042      0.280      0.779      0.273
    STATE_WA           0.040      0.057      0.705      0.481      0.241

 T2_MEQCR ON
    T1_PUB_B          -0.051      0.041     -1.249      0.212      0.299
    T1_MEQCR           0.083      0.005     16.450      0.000      0.158
    T1_SELFC           0.011      0.002      4.559      0.000      0.286
    T1_GSE             0.027      0.004      6.534      0.000      0.196
    T1_DOB            -0.014      0.035     -0.394      0.694      0.211
    T1_SEIFA           0.051      0.042      1.221      0.222      0.151
    STATE_NS           0.020      0.061      0.335      0.738      0.199
    STATE_QL           0.044      0.051      0.856      0.392      0.192
    STATE_WA          -0.005      0.065     -0.072      0.943      0.206

 Intercepts
    T2_MEQES          -0.096      0.035     -2.729      0.006      0.280
    T2_MEQCR           0.010      0.041      0.249      0.804      0.167
    T3_PHQ8            1.053      0.041     25.606      0.000      0.162
    T3_PROMI           2.079      0.048     43.719      0.000      0.174
    T3_SDQEM           1.349      0.041     33.078      0.000      0.172

 Residual Variances
    T2_MEQES           0.663      0.019     35.376      0.000      0.174
    T2_MEQCR           0.752      0.020     38.114      0.000      0.135
    T3_PHQ8            0.343      0.019     18.539      0.000      0.101
    T3_PROMI           0.239      0.014     17.219      0.000      0.198
    T3_SDQEM           0.323      0.016     19.660      0.000      0.169
    F                  0.761      0.015     49.793      0.000      0.255


STD Standardization

                                                    Two-Tailed   Rate of
                    Estimate       S.E.  Est./S.E.    P-Value    Missing

 F        BY
    T3_PHQ8            5.092      0.113     44.925      0.000      0.157
    T3_PROMI          10.931      0.219     49.843      0.000      0.166
    T3_SDQEM           2.226      0.042     53.478      0.000      0.228

 F        ON
    T1_PUB_B           0.072      0.042      1.692      0.091      0.382
    T2_MEQES           0.059      0.007      8.446      0.000      0.178
    T2_MEQCR          -0.022      0.005     -4.525      0.000      0.196
    T1_SELFC          -0.032      0.003    -10.525      0.000      0.186
    T1_GSE            -0.010      0.004     -2.431      0.015      0.297
    T1_MEQES           0.020      0.007      2.738      0.006      0.188
    T1_MEQCR          -0.002      0.004     -0.390      0.697      0.263
    T1_DOB            -0.047      0.035     -1.354      0.176      0.156
    T1_SEIFA           0.023      0.045      0.500      0.617      0.123
    STATE_NS           0.217      0.071      3.065      0.002      0.140
    STATE_QL           0.023      0.056      0.417      0.677      0.095
    STATE_WA           0.205      0.059      3.508      0.000      0.175

 T2_MEQES ON
    T1_PUB_B           0.520      0.133      3.919      0.000      0.428
    T1_MEQES           0.590      0.019     30.467      0.000      0.259
    T1_SELFC          -0.030      0.008     -3.656      0.000      0.261
    T1_GSE             0.022      0.014      1.590      0.112      0.133
    T1_DOB             0.003      0.115      0.024      0.981      0.194
    T1_SEIFA           0.145      0.119      1.225      0.221      0.199
    STATE_NS           0.270      0.194      1.391      0.164      0.225
    STATE_QL           0.042      0.149      0.280      0.780      0.274
    STATE_WA           0.143      0.202      0.705      0.481      0.241

 T2_MEQCR ON
    T1_PUB_B          -0.268      0.214     -1.251      0.211      0.300
    T1_MEQCR           0.437      0.027     15.975      0.000      0.159
    T1_SELFC           0.060      0.013      4.581      0.000      0.292
    T1_GSE             0.143      0.022      6.487      0.000      0.202
    T1_DOB            -0.073      0.186     -0.394      0.694      0.211
    T1_SEIFA           0.269      0.220      1.222      0.222      0.151
    STATE_NS           0.107      0.320      0.335      0.738      0.200
    STATE_QL           0.230      0.268      0.857      0.392      0.193
    STATE_WA          -0.025      0.346     -0.073      0.942      0.207

 Intercepts
    T2_MEQES          -0.343      0.126     -2.723      0.006      0.281
    T2_MEQCR           0.054      0.215      0.249      0.803      0.168
    T3_PHQ8            6.618      0.240     27.571      0.000      0.138
    T3_PROMI          26.053      0.509     51.226      0.000      0.183
    T3_SDQEM           3.650      0.105     34.870      0.000      0.171

 Residual Variances
    T2_MEQES           8.443      0.334     25.287      0.000      0.180
    T2_MEQCR          20.977      0.766     27.374      0.000      0.147
    T3_PHQ8           13.541      0.843     16.054      0.000      0.064
    T3_PROMI          37.510      2.280     16.455      0.000      0.159
    T3_SDQEM           2.364      0.118     20.089      0.000      0.159
    F                  0.761      0.015     49.793      0.000      0.255


R-SQUARE

    Observed                                        Two-Tailed   Rate of
    Variable        Estimate       S.E.  Est./S.E.    P-Value    Missing

    T2_MEQES           0.337      0.019     17.968      0.000      0.174
    T2_MEQCR           0.248      0.020     12.577      0.000      0.135
    T3_PHQ8            0.657      0.019     35.493      0.000      0.101
    T3_PROMI           0.761      0.014     54.850      0.000      0.198
    T3_SDQEM           0.677      0.016     41.212      0.000      0.169

     Latent                                         Two-Tailed   Rate of
    Variable        Estimate       S.E.  Est./S.E.    P-Value    Missing

    F                  0.239      0.015     15.680      0.000      0.255


TOTAL, TOTAL INDIRECT, SPECIFIC INDIRECT, AND DIRECT EFFECTS


                                                    Two-Tailed   Rate of
                    Estimate       S.E.  Est./S.E.    P-Value    Missing

Effects from T1_PUB_B to F

  Total                0.549      0.223      2.460      0.014      0.367
  Total indirect       0.185      0.046      4.065      0.000      0.305

  Specific indirect 1
    F
    T2_MEQES
    T1_PUB_B           0.156      0.043      3.584      0.000      0.381

  Specific indirect 2
    F
    T2_MEQCR
    T1_PUB_B           0.030      0.025      1.171      0.242      0.259

  Direct
    F
    T1_PUB_B           0.364      0.216      1.685      0.092      0.379



STANDARDIZED TOTAL, TOTAL INDIRECT, SPECIFIC INDIRECT, AND DIRECT EFFECTS


STDYX Standardization

                                                    Two-Tailed   Rate of
                    Estimate       S.E.  Est./S.E.    P-Value    Missing

Effects from T1_PUB_B to F

  Total                0.054      0.022      2.475      0.013      0.370
  Total indirect       0.018      0.004      4.080      0.000      0.301

  Specific indirect 1
    F
    T2_MEQES
    T1_PUB_B           0.015      0.004      3.592      0.000      0.374

  Specific indirect 2
    F
    T2_MEQCR
    T1_PUB_B           0.003      0.002      1.173      0.241      0.260

  Direct
    F
    T1_PUB_B           0.036      0.021      1.692      0.091      0.381



STDY Standardization

                                                    Two-Tailed   Rate of
                    Estimate       S.E.  Est./S.E.    P-Value    Missing

Effects from T1_PUB_B to F

  Total                0.108      0.044      2.475      0.013      0.370
  Total indirect       0.036      0.009      4.079      0.000      0.302

  Specific indirect 1
    F
    T2_MEQES
    T1_PUB_B           0.031      0.009      3.590      0.000      0.375

  Specific indirect 2
    F
    T2_MEQCR
    T1_PUB_B           0.006      0.005      1.173      0.241      0.260

  Direct
    F
    T1_PUB_B           0.072      0.042      1.692      0.091      0.382



STD Standardization

                                                    Two-Tailed   Rate of
                    Estimate       S.E.  Est./S.E.    P-Value    Missing

Effects from T1_PUB_B to F

  Total                0.108      0.044      2.475      0.013      0.370
  Total indirect       0.036      0.009      4.079      0.000      0.302

  Specific indirect 1
    F
    T2_MEQES
    T1_PUB_B           0.031      0.009      3.590      0.000      0.375

  Specific indirect 2
    F
    T2_MEQCR
    T1_PUB_B           0.006      0.005      1.173      0.241      0.260

  Direct
    F
    T1_PUB_B           0.072      0.042      1.692      0.091      0.382




CONFIDENCE INTERVALS OF MODEL RESULTS

                  Lower .5%  Lower 2.5%    Lower 5%    Estimate    Upper 5%  Upper 2.5%   Upper .5%

 F        BY
    T3_PHQ8          1.000       1.000       1.000       1.000       1.000       1.000       1.000
    T3_PROMI         2.032       2.059       2.074       2.147       2.220       2.234       2.262
    T3_SDQEM         0.410       0.417       0.420       0.437       0.455       0.458       0.464

 F        ON
    T1_PUB_B        -0.192      -0.059       0.009       0.364       0.719       0.787       0.921
    T2_MEQES         0.206       0.228       0.240       0.300       0.360       0.371       0.394
    T2_MEQCR        -0.176      -0.161      -0.153      -0.112      -0.070      -0.062      -0.047
    T1_SELFC        -0.204      -0.194      -0.189      -0.163      -0.137      -0.132      -0.122
    T1_GSE          -0.105      -0.092      -0.086      -0.051      -0.017      -0.010       0.003
    T1_MEQES         0.006       0.028       0.040       0.100       0.160       0.171       0.194
    T1_MEQCR        -0.067      -0.053      -0.046      -0.009       0.028       0.035       0.049
    T1_DOB          -0.698      -0.589      -0.533      -0.241       0.051       0.107       0.217
    T1_SEIFA        -0.480      -0.337      -0.265       0.116       0.497       0.570       0.712
    STATE_NS         0.173       0.396       0.510       1.105       1.700       1.814       2.036
    STATE_QL        -0.620      -0.443      -0.353       0.119       0.592       0.682       0.859
    STATE_WA         0.283       0.465       0.558       1.046       1.533       1.626       1.809

 T2_MEQES ON
    T1_PUB_B         0.178       0.260       0.302       0.520       0.738       0.780       0.862
    T1_MEQES         0.540       0.552       0.558       0.590       0.622       0.628       0.640
    T1_SELFC        -0.051      -0.046      -0.044      -0.030      -0.017      -0.014      -0.009
    T1_GSE          -0.013      -0.005      -0.001       0.022       0.044       0.048       0.056
    T1_DOB          -0.293      -0.222      -0.186       0.003       0.191       0.228       0.298
    T1_SEIFA        -0.160      -0.087      -0.050       0.145       0.340       0.378       0.451
    STATE_NS        -0.230      -0.110      -0.049       0.270       0.589       0.650       0.770
    STATE_QL        -0.342      -0.250      -0.203       0.042       0.287       0.333       0.425
    STATE_WA        -0.378      -0.254      -0.190       0.143       0.475       0.539       0.663

 T2_MEQCR ON
    T1_PUB_B        -0.819      -0.688      -0.620      -0.268       0.084       0.152       0.284
    T1_MEQCR         0.367       0.384       0.392       0.437       0.482       0.491       0.508
    T1_SELFC         0.026       0.034       0.038       0.060       0.081       0.085       0.093
    T1_GSE           0.086       0.099       0.106       0.143       0.179       0.186       0.199
    T1_DOB          -0.553      -0.438      -0.380      -0.073       0.233       0.292       0.406
    T1_SEIFA        -0.298      -0.162      -0.093       0.269       0.631       0.700       0.836
    STATE_NS        -0.716      -0.520      -0.419       0.107       0.633       0.734       0.930
    STATE_QL        -0.462      -0.296      -0.212       0.230       0.672       0.756       0.921
    STATE_WA        -0.916      -0.703      -0.594      -0.025       0.544       0.653       0.866

 Intercepts
    T2_MEQES        -0.668      -0.591      -0.551      -0.343      -0.136      -0.096      -0.019
    T2_MEQCR        -0.501      -0.368      -0.300       0.054       0.407       0.475       0.608
    T3_PHQ8          5.999       6.147       6.223       6.618       7.013       7.088       7.236
    T3_PROMI        24.743      25.056      25.216      26.053      26.889      27.049      27.363
    T3_SDQEM         3.380       3.445       3.478       3.650       3.822       3.855       3.920

 Residual Variances
    T2_MEQES         7.583       7.789       7.894       8.443       8.992       9.098       9.303
    T2_MEQCR        19.003      19.475      19.716      20.977      22.238      22.479      22.951
    T3_PHQ8         11.368      11.887      12.153      13.541      14.928      15.194      15.713
    T3_PROMI        31.639      33.042      33.760      37.510      41.260      41.978      43.382
    T3_SDQEM         2.061       2.133       2.170       2.364       2.558       2.595       2.667
    F               17.326      17.897      18.190      19.717      21.244      21.536      22.108


CONFIDENCE INTERVALS OF STANDARDIZED MODEL RESULTS


STDYX Standardization

                  Lower .5%  Lower 2.5%    Lower 5%    Estimate    Upper 5%  Upper 2.5%   Upper .5%

 F        BY
    T3_PHQ8          0.781       0.788       0.792       0.810       0.829       0.833       0.840
    T3_PROMI         0.852       0.857       0.859       0.872       0.885       0.888       0.893
    T3_SDQEM         0.797       0.803       0.806       0.823       0.839       0.842       0.849

 F        ON
    T1_PUB_B        -0.019      -0.006       0.001       0.036       0.070       0.077       0.090
    T2_MEQES         0.144       0.160       0.168       0.210       0.252       0.260       0.276
    T2_MEQCR        -0.182      -0.166      -0.158      -0.116      -0.074      -0.066      -0.050
    T1_SELFC        -0.319      -0.304      -0.296      -0.256      -0.216      -0.208      -0.193
    T1_GSE          -0.112      -0.098      -0.091      -0.055      -0.018      -0.011       0.003
    T1_MEQES         0.004       0.018       0.026       0.065       0.104       0.111       0.126
    T1_MEQCR        -0.061      -0.049      -0.042      -0.008       0.026       0.032       0.045
    T1_DOB          -0.070      -0.059      -0.053      -0.024       0.005       0.011       0.022
    T1_SEIFA        -0.059      -0.041      -0.032       0.014       0.061       0.070       0.087
    STATE_NS         0.009       0.027       0.036       0.083       0.131       0.140       0.158
    STATE_QL        -0.054      -0.039      -0.031       0.010       0.052       0.060       0.075
    STATE_WA         0.018       0.034       0.042       0.083       0.124       0.132       0.147

 T2_MEQES ON
    T1_PUB_B         0.025       0.036       0.042       0.073       0.103       0.109       0.121
    T1_MEQES         0.503       0.513       0.519       0.547       0.576       0.581       0.592
    T1_SELFC        -0.115      -0.103      -0.098      -0.067      -0.037      -0.031      -0.020
    T1_GSE          -0.020      -0.007      -0.001       0.033       0.066       0.073       0.085
    T1_DOB          -0.042      -0.032      -0.027       0.000       0.027       0.032       0.042
    T1_SEIFA        -0.028      -0.015      -0.009       0.025       0.059       0.066       0.079
    STATE_NS        -0.026      -0.012      -0.006       0.029       0.064       0.071       0.084
    STATE_QL        -0.043      -0.031      -0.025       0.005       0.036       0.042       0.053
    STATE_WA        -0.043      -0.029      -0.022       0.016       0.054       0.061       0.075

 T2_MEQCR ON
    T1_PUB_B        -0.078      -0.065      -0.059      -0.025       0.008       0.014       0.027
    T1_MEQCR         0.326       0.341       0.348       0.388       0.428       0.435       0.450
    T1_SELFC         0.039       0.052       0.058       0.091       0.123       0.129       0.142
    T1_GSE           0.088       0.102       0.109       0.146       0.183       0.190       0.204
    T1_DOB          -0.053      -0.042      -0.037      -0.007       0.022       0.028       0.039
    T1_SEIFA        -0.035      -0.019      -0.011       0.032       0.074       0.083       0.099
    STATE_NS        -0.052      -0.038      -0.031       0.008       0.046       0.054       0.068
    STATE_QL        -0.039      -0.025      -0.018       0.019       0.057       0.064       0.078
    STATE_WA        -0.070      -0.054      -0.045      -0.002       0.042       0.050       0.066

 Intercepts
    T2_MEQES        -0.187      -0.165      -0.154      -0.096      -0.038      -0.027      -0.005
    T2_MEQCR        -0.095      -0.070      -0.057       0.010       0.077       0.090       0.115
    T3_PHQ8          0.947       0.973       0.986       1.053       1.121       1.134       1.159
    T3_PROMI         1.957       1.986       2.001       2.079       2.157       2.172       2.202
    T3_SDQEM         1.244       1.269       1.282       1.349       1.416       1.429       1.454

 Residual Variances
    T2_MEQES         0.615       0.626       0.632       0.663       0.694       0.700       0.711
    T2_MEQCR         0.701       0.713       0.719       0.752       0.784       0.791       0.803
    T3_PHQ8          0.295       0.307       0.313       0.343       0.374       0.379       0.391
    T3_PROMI         0.203       0.212       0.216       0.239       0.262       0.266       0.275
    T3_SDQEM         0.281       0.291       0.296       0.323       0.350       0.355       0.365
    F                0.721       0.731       0.735       0.761       0.786       0.790       0.800


STDY Standardization

                  Lower .5%  Lower 2.5%    Lower 5%    Estimate    Upper 5%  Upper 2.5%   Upper .5%

 F        BY
    T3_PHQ8          0.781       0.788       0.792       0.810       0.829       0.833       0.840
    T3_PROMI         0.852       0.857       0.859       0.872       0.885       0.888       0.893
    T3_SDQEM         0.797       0.803       0.806       0.823       0.839       0.842       0.849

 F        ON
    T1_PUB_B        -0.037      -0.011       0.002       0.072       0.141       0.154       0.180
    T2_MEQES         0.144       0.160       0.168       0.210       0.252       0.260       0.276
    T2_MEQCR        -0.182      -0.166      -0.158      -0.116      -0.074      -0.066      -0.050
    T1_SELFC        -0.040      -0.038      -0.037      -0.032      -0.027      -0.026      -0.024
    T1_GSE          -0.021      -0.018      -0.017      -0.010      -0.003      -0.002       0.001
    T1_MEQES         0.001       0.006       0.008       0.020       0.031       0.034       0.038
    T1_MEQCR        -0.013      -0.010      -0.009      -0.002       0.006       0.007       0.010
    T1_DOB          -0.137      -0.116      -0.105      -0.047       0.010       0.021       0.043
    T1_SEIFA        -0.094      -0.066      -0.052       0.023       0.098       0.112       0.140
    STATE_NS         0.035       0.078       0.100       0.217       0.333       0.356       0.399
    STATE_QL        -0.121      -0.087      -0.069       0.023       0.116       0.134       0.168
    STATE_WA         0.055       0.091       0.109       0.205       0.302       0.320       0.356

 T2_MEQES ON
    T1_PUB_B         0.050       0.073       0.085       0.146       0.207       0.218       0.241
    T1_MEQES         0.152       0.155       0.157       0.165       0.174       0.175       0.179
    T1_SELFC        -0.014      -0.013      -0.012      -0.008      -0.005      -0.004      -0.002
    T1_GSE          -0.004      -0.001       0.000       0.006       0.012       0.013       0.016
    T1_DOB          -0.082      -0.062      -0.052       0.001       0.054       0.064       0.084
    T1_SEIFA        -0.045      -0.024      -0.014       0.041       0.095       0.106       0.126
    STATE_NS        -0.064      -0.031      -0.014       0.076       0.165       0.182       0.216
    STATE_QL        -0.096      -0.070      -0.057       0.012       0.080       0.093       0.119
    STATE_WA        -0.106      -0.071      -0.053       0.040       0.133       0.151       0.186

 T2_MEQCR ON
    T1_PUB_B        -0.155      -0.130      -0.118      -0.051       0.016       0.029       0.054
    T1_MEQCR         0.070       0.073       0.075       0.083       0.091       0.093       0.096
    T1_SELFC         0.005       0.006       0.007       0.011       0.015       0.016       0.018
    T1_GSE           0.016       0.019       0.020       0.027       0.034       0.035       0.038
    T1_DOB          -0.105      -0.083      -0.072      -0.014       0.044       0.055       0.077
    T1_SEIFA        -0.057      -0.031      -0.018       0.051       0.120       0.133       0.158
    STATE_NS        -0.136      -0.098      -0.079       0.020       0.120       0.139       0.176
    STATE_QL        -0.087      -0.056      -0.040       0.044       0.127       0.143       0.175
    STATE_WA        -0.173      -0.133      -0.112      -0.005       0.103       0.124       0.164

 Intercepts
    T2_MEQES        -0.187      -0.165      -0.154      -0.096      -0.038      -0.027      -0.005
    T2_MEQCR        -0.095      -0.070      -0.057       0.010       0.077       0.090       0.115
    T3_PHQ8          0.947       0.973       0.986       1.053       1.121       1.134       1.159
    T3_PROMI         1.957       1.986       2.001       2.079       2.157       2.172       2.202
    T3_SDQEM         1.244       1.269       1.282       1.349       1.416       1.429       1.454

 Residual Variances
    T2_MEQES         0.615       0.626       0.632       0.663       0.694       0.700       0.711
    T2_MEQCR         0.701       0.713       0.719       0.752       0.784       0.791       0.803
    T3_PHQ8          0.295       0.307       0.313       0.343       0.374       0.379       0.391
    T3_PROMI         0.203       0.212       0.216       0.239       0.262       0.266       0.275
    T3_SDQEM         0.281       0.291       0.296       0.323       0.350       0.355       0.365
    F                0.721       0.731       0.735       0.761       0.786       0.790       0.800


STD Standardization

                  Lower .5%  Lower 2.5%    Lower 5%    Estimate    Upper 5%  Upper 2.5%   Upper .5%

 F        BY
    T3_PHQ8          4.800       4.870       4.905       5.092       5.278       5.314       5.384
    T3_PROMI        10.367      10.502      10.571      10.931      11.292      11.361      11.496
    T3_SDQEM         2.119       2.145       2.158       2.226       2.295       2.308       2.333

 F        ON
    T1_PUB_B        -0.037      -0.011       0.002       0.072       0.141       0.154       0.180
    T2_MEQES         0.041       0.045       0.047       0.059       0.070       0.073       0.077
    T2_MEQCR        -0.034      -0.031      -0.030      -0.022      -0.014      -0.012      -0.009
    T1_SELFC        -0.040      -0.038      -0.037      -0.032      -0.027      -0.026      -0.024
    T1_GSE          -0.021      -0.018      -0.017      -0.010      -0.003      -0.002       0.001
    T1_MEQES         0.001       0.006       0.008       0.020       0.031       0.034       0.038
    T1_MEQCR        -0.013      -0.010      -0.009      -0.002       0.006       0.007       0.010
    T1_DOB          -0.137      -0.116      -0.105      -0.047       0.010       0.021       0.043
    T1_SEIFA        -0.094      -0.066      -0.052       0.023       0.098       0.112       0.140
    STATE_NS         0.035       0.078       0.100       0.217       0.333       0.356       0.399
    STATE_QL        -0.121      -0.087      -0.069       0.023       0.116       0.134       0.168
    STATE_WA         0.055       0.091       0.109       0.205       0.302       0.320       0.356

 T2_MEQES ON
    T1_PUB_B         0.178       0.260       0.302       0.520       0.738       0.780       0.862
    T1_MEQES         0.540       0.552       0.558       0.590       0.622       0.628       0.640
    T1_SELFC        -0.051      -0.046      -0.044      -0.030      -0.017      -0.014      -0.009
    T1_GSE          -0.013      -0.005      -0.001       0.022       0.044       0.048       0.056
    T1_DOB          -0.293      -0.222      -0.186       0.003       0.191       0.228       0.298
    T1_SEIFA        -0.160      -0.087      -0.050       0.145       0.340       0.378       0.451
    STATE_NS        -0.230      -0.110      -0.049       0.270       0.589       0.650       0.770
    STATE_QL        -0.342      -0.250      -0.203       0.042       0.287       0.333       0.425
    STATE_WA        -0.378      -0.254      -0.190       0.143       0.475       0.539       0.663

 T2_MEQCR ON
    T1_PUB_B        -0.819      -0.688      -0.620      -0.268       0.084       0.152       0.284
    T1_MEQCR         0.367       0.384       0.392       0.437       0.482       0.491       0.508
    T1_SELFC         0.026       0.034       0.038       0.060       0.081       0.085       0.093
    T1_GSE           0.086       0.099       0.106       0.143       0.179       0.186       0.199
    T1_DOB          -0.553      -0.438      -0.380      -0.073       0.233       0.292       0.406
    T1_SEIFA        -0.298      -0.162      -0.093       0.269       0.631       0.700       0.836
    STATE_NS        -0.716      -0.520      -0.419       0.107       0.633       0.734       0.930
    STATE_QL        -0.462      -0.296      -0.212       0.230       0.672       0.756       0.921
    STATE_WA        -0.916      -0.703      -0.594      -0.025       0.544       0.653       0.866

 Intercepts
    T2_MEQES        -0.668      -0.591      -0.551      -0.343      -0.136      -0.096      -0.019
    T2_MEQCR        -0.501      -0.368      -0.300       0.054       0.407       0.475       0.608
    T3_PHQ8          5.999       6.147       6.223       6.618       7.013       7.088       7.236
    T3_PROMI        24.743      25.056      25.216      26.053      26.889      27.049      27.363
    T3_SDQEM         3.380       3.445       3.478       3.650       3.822       3.855       3.920

 Residual Variances
    T2_MEQES         7.583       7.789       7.894       8.443       8.992       9.098       9.303
    T2_MEQCR        19.003      19.475      19.716      20.977      22.238      22.479      22.951
    T3_PHQ8         11.368      11.887      12.153      13.541      14.928      15.194      15.713
    T3_PROMI        31.639      33.042      33.760      37.510      41.260      41.978      43.382
    T3_SDQEM         2.061       2.133       2.170       2.364       2.558       2.595       2.667
    F                0.721       0.731       0.735       0.761       0.786       0.790       0.800


CONFIDENCE INTERVALS OF TOTAL, TOTAL INDIRECT, SPECIFIC INDIRECT, AND DIRECT EFFECTS


                  Lower .5%  Lower 2.5%    Lower 5%    Estimate    Upper 5%  Upper 2.5%   Upper .5%

Effects from T1_PUB_B to F

  Total             -0.026       0.112       0.182       0.549       0.917       0.987       1.125
  Total indirect     0.068       0.096       0.110       0.185       0.260       0.275       0.303

  Specific indirect 1
    F
    T2_MEQES
    T1_PUB_B         0.044       0.071       0.084       0.156       0.227       0.241       0.267

  Specific indirect 2
    F
    T2_MEQCR
    T1_PUB_B        -0.036      -0.020      -0.012       0.030       0.072       0.080       0.095

  Direct
    F
    T1_PUB_B        -0.192      -0.059       0.009       0.364       0.719       0.787       0.921



CONFIDENCE INTERVALS OF STANDARDIZED TOTAL, TOTAL INDIRECT, SPECIFIC INDIRECT, AND DIRECT EFFECTS


STDYX Standardization

                  Lower .5%  Lower 2.5%    Lower 5%    Estimate    Upper 5%  Upper 2.5%   Upper .5%

Effects from T1_PUB_B to F

  Total             -0.002       0.011       0.018       0.054       0.090       0.097       0.110
  Total indirect     0.007       0.009       0.011       0.018       0.026       0.027       0.030

  Specific indirect 1
    F
    T2_MEQES
    T1_PUB_B         0.004       0.007       0.008       0.015       0.022       0.024       0.026

  Specific indirect 2
    F
    T2_MEQCR
    T1_PUB_B        -0.003      -0.002      -0.001       0.003       0.007       0.008       0.009

  Direct
    F
    T1_PUB_B        -0.019      -0.006       0.001       0.036       0.070       0.077       0.090



STDY Standardization

                  Lower .5%  Lower 2.5%    Lower 5%    Estimate    Upper 5%  Upper 2.5%   Upper .5%

Effects from T1_PUB_B to F

  Total             -0.004       0.022       0.036       0.108       0.180       0.193       0.220
  Total indirect     0.013       0.019       0.022       0.036       0.051       0.054       0.059

  Specific indirect 1
    F
    T2_MEQES
    T1_PUB_B         0.009       0.014       0.017       0.031       0.045       0.047       0.052

  Specific indirect 2
    F
    T2_MEQCR
    T1_PUB_B        -0.007      -0.004      -0.002       0.006       0.014       0.016       0.019

  Direct
    F
    T1_PUB_B        -0.037      -0.011       0.002       0.072       0.141       0.154       0.180



STD Standardization

                  Lower .5%  Lower 2.5%    Lower 5%    Estimate    Upper 5%  Upper 2.5%   Upper .5%

Effects from T1_PUB_B to F

  Total             -0.004       0.022       0.036       0.108       0.180       0.193       0.220
  Total indirect     0.013       0.019       0.022       0.036       0.051       0.054       0.059

  Specific indirect 1
    F
    T2_MEQES
    T1_PUB_B         0.009       0.014       0.017       0.031       0.045       0.047       0.052

  Specific indirect 2
    F
    T2_MEQCR
    T1_PUB_B        -0.007      -0.004      -0.002       0.006       0.014       0.016       0.019

  Direct
    F
    T1_PUB_B        -0.037      -0.011       0.002       0.072       0.141       0.154       0.180




TECHNICAL 1 OUTPUT


     PARAMETER SPECIFICATION


           NU
              T2_MEQES      T2_MEQCR      T3_PHQ8       T3_PROMI      T3_SDQEM
              ________      ________      ________      ________      ________
                  0             0             1             2             3


           NU
              T1_PUB_B      T1_DOB        T1_SELFC      T1_GSE        T1_MEQCR
              ________      ________      ________      ________      ________
                  0             0             0             0             0


           NU
              T1_MEQES      T1_SEIFA      STATE_NS      STATE_QL      STATE_WA
              ________      ________      ________      ________      ________
                  0             0             0             0             0


           LAMBDA
              F             T2_MEQES      T2_MEQCR      T1_PUB_B      T1_DOB
              ________      ________      ________      ________      ________
 T2_MEQES           0             0             0             0             0
 T2_MEQCR           0             0             0             0             0
 T3_PHQ8            0             0             0             0             0
 T3_PROMI           4             0             0             0             0
 T3_SDQEM           5             0             0             0             0
 T1_PUB_B           0             0             0             0             0
 T1_DOB             0             0             0             0             0
 T1_SELFC           0             0             0             0             0
 T1_GSE             0             0             0             0             0
 T1_MEQCR           0             0             0             0             0
 T1_MEQES           0             0             0             0             0
 T1_SEIFA           0             0             0             0             0
 STATE_NS           0             0             0             0             0
 STATE_QL           0             0             0             0             0
 STATE_WA           0             0             0             0             0


           LAMBDA
              T1_SELFC      T1_GSE        T1_MEQCR      T1_MEQES      T1_SEIFA
              ________      ________      ________      ________      ________
 T2_MEQES           0             0             0             0             0
 T2_MEQCR           0             0             0             0             0
 T3_PHQ8            0             0             0             0             0
 T3_PROMI           0             0             0             0             0
 T3_SDQEM           0             0             0             0             0
 T1_PUB_B           0             0             0             0             0
 T1_DOB             0             0             0             0             0
 T1_SELFC           0             0             0             0             0
 T1_GSE             0             0             0             0             0
 T1_MEQCR           0             0             0             0             0
 T1_MEQES           0             0             0             0             0
 T1_SEIFA           0             0             0             0             0
 STATE_NS           0             0             0             0             0
 STATE_QL           0             0             0             0             0
 STATE_WA           0             0             0             0             0


           LAMBDA
              STATE_NS      STATE_QL      STATE_WA
              ________      ________      ________
 T2_MEQES           0             0             0
 T2_MEQCR           0             0             0
 T3_PHQ8            0             0             0
 T3_PROMI           0             0             0
 T3_SDQEM           0             0             0
 T1_PUB_B           0             0             0
 T1_DOB             0             0             0
 T1_SELFC           0             0             0
 T1_GSE             0             0             0
 T1_MEQCR           0             0             0
 T1_MEQES           0             0             0
 T1_SEIFA           0             0             0
 STATE_NS           0             0             0
 STATE_QL           0             0             0
 STATE_WA           0             0             0


           THETA
              T2_MEQES      T2_MEQCR      T3_PHQ8       T3_PROMI      T3_SDQEM
              ________      ________      ________      ________      ________
 T2_MEQES           0
 T2_MEQCR           0             0
 T3_PHQ8            0             0             6
 T3_PROMI           0             0             0             7
 T3_SDQEM           0             0             0             0             8
 T1_PUB_B           0             0             0             0             0
 T1_DOB             0             0             0             0             0
 T1_SELFC           0             0             0             0             0
 T1_GSE             0             0             0             0             0
 T1_MEQCR           0             0             0             0             0
 T1_MEQES           0             0             0             0             0
 T1_SEIFA           0             0             0             0             0
 STATE_NS           0             0             0             0             0
 STATE_QL           0             0             0             0             0
 STATE_WA           0             0             0             0             0


           THETA
              T1_PUB_B      T1_DOB        T1_SELFC      T1_GSE        T1_MEQCR
              ________      ________      ________      ________      ________
 T1_PUB_B           0
 T1_DOB             0             0
 T1_SELFC           0             0             0
 T1_GSE             0             0             0             0
 T1_MEQCR           0             0             0             0             0
 T1_MEQES           0             0             0             0             0
 T1_SEIFA           0             0             0             0             0
 STATE_NS           0             0             0             0             0
 STATE_QL           0             0             0             0             0
 STATE_WA           0             0             0             0             0


           THETA
              T1_MEQES      T1_SEIFA      STATE_NS      STATE_QL      STATE_WA
              ________      ________      ________      ________      ________
 T1_MEQES           0
 T1_SEIFA           0             0
 STATE_NS           0             0             0
 STATE_QL           0             0             0             0
 STATE_WA           0             0             0             0             0


           ALPHA
              F             T2_MEQES      T2_MEQCR      T1_PUB_B      T1_DOB
              ________      ________      ________      ________      ________
                  0             9            10             0             0


           ALPHA
              T1_SELFC      T1_GSE        T1_MEQCR      T1_MEQES      T1_SEIFA
              ________      ________      ________      ________      ________
                  0             0             0             0             0


           ALPHA
              STATE_NS      STATE_QL      STATE_WA
              ________      ________      ________
                  0             0             0


           BETA
              F             T2_MEQES      T2_MEQCR      T1_PUB_B      T1_DOB
              ________      ________      ________      ________      ________
 F                  0            11            12            13            14
 T2_MEQES           0             0             0            23            24
 T2_MEQCR           0             0             0            32            33
 T1_PUB_B           0             0             0             0             0
 T1_DOB             0             0             0             0             0
 T1_SELFC           0             0             0             0             0
 T1_GSE             0             0             0             0             0
 T1_MEQCR           0             0             0             0             0
 T1_MEQES           0             0             0             0             0
 T1_SEIFA           0             0             0             0             0
 STATE_NS           0             0             0             0             0
 STATE_QL           0             0             0             0             0
 STATE_WA           0             0             0             0             0


           BETA
              T1_SELFC      T1_GSE        T1_MEQCR      T1_MEQES      T1_SEIFA
              ________      ________      ________      ________      ________
 F                 15            16            17            18            19
 T2_MEQES          25            26             0            27            28
 T2_MEQCR          34            35            36             0            37
 T1_PUB_B           0             0             0             0             0
 T1_DOB             0             0             0             0             0
 T1_SELFC           0             0             0             0             0
 T1_GSE             0             0             0             0             0
 T1_MEQCR           0             0             0             0             0
 T1_MEQES           0             0             0             0             0
 T1_SEIFA           0             0             0             0             0
 STATE_NS           0             0             0             0             0
 STATE_QL           0             0             0             0             0
 STATE_WA           0             0             0             0             0


           BETA
              STATE_NS      STATE_QL      STATE_WA
              ________      ________      ________
 F                 20            21            22
 T2_MEQES          29            30            31
 T2_MEQCR          38            39            40
 T1_PUB_B           0             0             0
 T1_DOB             0             0             0
 T1_SELFC           0             0             0
 T1_GSE             0             0             0
 T1_MEQCR           0             0             0
 T1_MEQES           0             0             0
 T1_SEIFA           0             0             0
 STATE_NS           0             0             0
 STATE_QL           0             0             0
 STATE_WA           0             0             0


           PSI
              F             T2_MEQES      T2_MEQCR      T1_PUB_B      T1_DOB
              ________      ________      ________      ________      ________
 F                 41
 T2_MEQES           0            42
 T2_MEQCR           0             0            43
 T1_PUB_B           0             0             0             0
 T1_DOB             0             0             0             0             0
 T1_SELFC           0             0             0             0             0
 T1_GSE             0             0             0             0             0
 T1_MEQCR           0             0             0             0             0
 T1_MEQES           0             0             0             0             0
 T1_SEIFA           0             0             0             0             0
 STATE_NS           0             0             0             0             0
 STATE_QL           0             0             0             0             0
 STATE_WA           0             0             0             0             0


           PSI
              T1_SELFC      T1_GSE        T1_MEQCR      T1_MEQES      T1_SEIFA
              ________      ________      ________      ________      ________
 T1_SELFC           0
 T1_GSE             0             0
 T1_MEQCR           0             0             0
 T1_MEQES           0             0             0             0
 T1_SEIFA           0             0             0             0             0
 STATE_NS           0             0             0             0             0
 STATE_QL           0             0             0             0             0
 STATE_WA           0             0             0             0             0


           PSI
              STATE_NS      STATE_QL      STATE_WA
              ________      ________      ________
 STATE_NS           0
 STATE_QL           0             0
 STATE_WA           0             0             0


     STARTING VALUES


           NU
              T2_MEQES      T2_MEQCR      T3_PHQ8       T3_PROMI      T3_SDQEM
              ________      ________      ________      ________      ________
                0.000         0.000         7.280        27.444         3.928


           NU
              T1_PUB_B      T1_DOB        T1_SELFC      T1_GSE        T1_MEQCR
              ________      ________      ________      ________      ________
                0.000         0.000         0.000         0.000         0.000


           NU
              T1_MEQES      T1_SEIFA      STATE_NS      STATE_QL      STATE_WA
              ________      ________      ________      ________      ________
                0.000         0.000         0.000         0.000         0.000


           LAMBDA
              F             T2_MEQES      T2_MEQCR      T1_PUB_B      T1_DOB
              ________      ________      ________      ________      ________
 T2_MEQES       0.000         1.000         0.000         0.000         0.000
 T2_MEQCR       0.000         0.000         1.000         0.000         0.000
 T3_PHQ8        1.000         0.000         0.000         0.000         0.000
 T3_PROMI       2.245         0.000         0.000         0.000         0.000
 T3_SDQEM       0.445         0.000         0.000         0.000         0.000
 T1_PUB_B       0.000         0.000         0.000         1.000         0.000
 T1_DOB         0.000         0.000         0.000         0.000         1.000
 T1_SELFC       0.000         0.000         0.000         0.000         0.000
 T1_GSE         0.000         0.000         0.000         0.000         0.000
 T1_MEQCR       0.000         0.000         0.000         0.000         0.000
 T1_MEQES       0.000         0.000         0.000         0.000         0.000
 T1_SEIFA       0.000         0.000         0.000         0.000         0.000
 STATE_NS       0.000         0.000         0.000         0.000         0.000
 STATE_QL       0.000         0.000         0.000         0.000         0.000
 STATE_WA       0.000         0.000         0.000         0.000         0.000


           LAMBDA
              T1_SELFC      T1_GSE        T1_MEQCR      T1_MEQES      T1_SEIFA
              ________      ________      ________      ________      ________
 T2_MEQES       0.000         0.000         0.000         0.000         0.000
 T2_MEQCR       0.000         0.000         0.000         0.000         0.000
 T3_PHQ8        0.000         0.000         0.000         0.000         0.000
 T3_PROMI       0.000         0.000         0.000         0.000         0.000
 T3_SDQEM       0.000         0.000         0.000         0.000         0.000
 T1_PUB_B       0.000         0.000         0.000         0.000         0.000
 T1_DOB         0.000         0.000         0.000         0.000         0.000
 T1_SELFC       1.000         0.000         0.000         0.000         0.000
 T1_GSE         0.000         1.000         0.000         0.000         0.000
 T1_MEQCR       0.000         0.000         1.000         0.000         0.000
 T1_MEQES       0.000         0.000         0.000         1.000         0.000
 T1_SEIFA       0.000         0.000         0.000         0.000         1.000
 STATE_NS       0.000         0.000         0.000         0.000         0.000
 STATE_QL       0.000         0.000         0.000         0.000         0.000
 STATE_WA       0.000         0.000         0.000         0.000         0.000


           LAMBDA
              STATE_NS      STATE_QL      STATE_WA
              ________      ________      ________
 T2_MEQES       0.000         0.000         0.000
 T2_MEQCR       0.000         0.000         0.000
 T3_PHQ8        0.000         0.000         0.000
 T3_PROMI       0.000         0.000         0.000
 T3_SDQEM       0.000         0.000         0.000
 T1_PUB_B       0.000         0.000         0.000
 T1_DOB         0.000         0.000         0.000
 T1_SELFC       0.000         0.000         0.000
 T1_GSE         0.000         0.000         0.000
 T1_MEQCR       0.000         0.000         0.000
 T1_MEQES       0.000         0.000         0.000
 T1_SEIFA       0.000         0.000         0.000
 STATE_NS       1.000         0.000         0.000
 STATE_QL       0.000         1.000         0.000
 STATE_WA       0.000         0.000         1.000


           THETA
              T2_MEQES      T2_MEQCR      T3_PHQ8       T3_PROMI      T3_SDQEM
              ________      ________      ________      ________      ________
 T2_MEQES       0.000
 T2_MEQCR       0.000         0.000
 T3_PHQ8        0.000         0.000        19.300
 T3_PROMI       0.000         0.000         0.000        78.266
 T3_SDQEM       0.000         0.000         0.000         0.000         3.618
 T1_PUB_B       0.000         0.000         0.000         0.000         0.000
 T1_DOB         0.000         0.000         0.000         0.000         0.000
 T1_SELFC       0.000         0.000         0.000         0.000         0.000
 T1_GSE         0.000         0.000         0.000         0.000         0.000
 T1_MEQCR       0.000         0.000         0.000         0.000         0.000
 T1_MEQES       0.000         0.000         0.000         0.000         0.000
 T1_SEIFA       0.000         0.000         0.000         0.000         0.000
 STATE_NS       0.000         0.000         0.000         0.000         0.000
 STATE_QL       0.000         0.000         0.000         0.000         0.000
 STATE_WA       0.000         0.000         0.000         0.000         0.000


           THETA
              T1_PUB_B      T1_DOB        T1_SELFC      T1_GSE        T1_MEQCR
              ________      ________      ________      ________      ________
 T1_PUB_B       0.000
 T1_DOB         0.000         0.000
 T1_SELFC       0.000         0.000         0.000
 T1_GSE         0.000         0.000         0.000         0.000
 T1_MEQCR       0.000         0.000         0.000         0.000         0.000
 T1_MEQES       0.000         0.000         0.000         0.000         0.000
 T1_SEIFA       0.000         0.000         0.000         0.000         0.000
 STATE_NS       0.000         0.000         0.000         0.000         0.000
 STATE_QL       0.000         0.000         0.000         0.000         0.000
 STATE_WA       0.000         0.000         0.000         0.000         0.000


           THETA
              T1_MEQES      T1_SEIFA      STATE_NS      STATE_QL      STATE_WA
              ________      ________      ________      ________      ________
 T1_MEQES       0.000
 T1_SEIFA       0.000         0.000
 STATE_NS       0.000         0.000         0.000
 STATE_QL       0.000         0.000         0.000         0.000
 STATE_WA       0.000         0.000         0.000         0.000         0.000


           ALPHA
              F             T2_MEQES      T2_MEQCR      T1_PUB_B      T1_DOB
              ________      ________      ________      ________      ________
                0.000         0.000         0.000         0.486         0.000


           ALPHA
              T1_SELFC      T1_GSE        T1_MEQCR      T1_MEQES      T1_SEIFA
              ________      ________      ________      ________      ________
                0.000         0.000         0.000         0.000         0.000


           ALPHA
              STATE_NS      STATE_QL      STATE_WA
              ________      ________      ________
                0.181         0.276         0.204


           BETA
              F             T2_MEQES      T2_MEQCR      T1_PUB_B      T1_DOB
              ________      ________      ________      ________      ________
 F              0.000         0.000         0.000         0.000         0.000
 T2_MEQES       0.000         0.000         0.000         0.000         0.000
 T2_MEQCR       0.000         0.000         0.000         0.000         0.000
 T1_PUB_B       0.000         0.000         0.000         0.000         0.000
 T1_DOB         0.000         0.000         0.000         0.000         0.000
 T1_SELFC       0.000         0.000         0.000         0.000         0.000
 T1_GSE         0.000         0.000         0.000         0.000         0.000
 T1_MEQCR       0.000         0.000         0.000         0.000         0.000
 T1_MEQES       0.000         0.000         0.000         0.000         0.000
 T1_SEIFA       0.000         0.000         0.000         0.000         0.000
 STATE_NS       0.000         0.000         0.000         0.000         0.000
 STATE_QL       0.000         0.000         0.000         0.000         0.000
 STATE_WA       0.000         0.000         0.000         0.000         0.000


           BETA
              T1_SELFC      T1_GSE        T1_MEQCR      T1_MEQES      T1_SEIFA
              ________      ________      ________      ________      ________
 F              0.000         0.000         0.000         0.000         0.000
 T2_MEQES       0.000         0.000         0.000         0.000         0.000
 T2_MEQCR       0.000         0.000         0.000         0.000         0.000
 T1_PUB_B       0.000         0.000         0.000         0.000         0.000
 T1_DOB         0.000         0.000         0.000         0.000         0.000
 T1_SELFC       0.000         0.000         0.000         0.000         0.000
 T1_GSE         0.000         0.000         0.000         0.000         0.000
 T1_MEQCR       0.000         0.000         0.000         0.000         0.000
 T1_MEQES       0.000         0.000         0.000         0.000         0.000
 T1_SEIFA       0.000         0.000         0.000         0.000         0.000
 STATE_NS       0.000         0.000         0.000         0.000         0.000
 STATE_QL       0.000         0.000         0.000         0.000         0.000
 STATE_WA       0.000         0.000         0.000         0.000         0.000


           BETA
              STATE_NS      STATE_QL      STATE_WA
              ________      ________      ________
 F              0.000         0.000         0.000
 T2_MEQES       0.000         0.000         0.000
 T2_MEQCR       0.000         0.000         0.000
 T1_PUB_B       0.000         0.000         0.000
 T1_DOB         0.000         0.000         0.000
 T1_SELFC       0.000         0.000         0.000
 T1_GSE         0.000         0.000         0.000
 T1_MEQCR       0.000         0.000         0.000
 T1_MEQES       0.000         0.000         0.000
 T1_SEIFA       0.000         0.000         0.000
 STATE_NS       0.000         0.000         0.000
 STATE_QL       0.000         0.000         0.000
 STATE_WA       0.000         0.000         0.000


           PSI
              F             T2_MEQES      T2_MEQCR      T1_PUB_B      T1_DOB
              ________      ________      ________      ________      ________
 F              0.050
 T2_MEQES       0.000         6.443
 T2_MEQCR       0.000         0.000        13.981
 T1_PUB_B       0.000         0.000         0.000         0.250
 T1_DOB         0.000         0.000         0.000         0.034         0.258
 T1_SELFC       0.000         0.000         0.000        -0.669         0.047
 T1_GSE         0.000         0.000         0.000        -0.169         0.052
 T1_MEQCR       0.000         0.000         0.000        -0.151        -0.036
 T1_MEQES       0.000         0.000         0.000         0.192         0.002
 T1_SEIFA       0.000         0.000         0.000        -0.008         0.005
 STATE_NS       0.000         0.000         0.000         0.009         0.027
 STATE_QL       0.000         0.000         0.000        -0.001        -0.026
 STATE_WA       0.000         0.000         0.000        -0.002        -0.014


           PSI
              T1_SELFC      T1_GSE        T1_MEQCR      T1_MEQES      T1_SEIFA
              ________      ________      ________      ________      ________
 T1_SELFC      64.531
 T1_GSE        17.017        29.862
 T1_MEQCR       9.788         7.737        21.918
 T1_MEQES      -7.682        -2.897         0.106        10.861
 T1_SEIFA       0.079         0.134         0.038        -0.099         0.385
 STATE_NS      -0.018        -0.039        -0.013         0.006        -0.069
 STATE_QL       0.021         0.003        -0.024        -0.002        -0.014
 STATE_WA      -0.090        -0.074        -0.076         0.055        -0.071


           PSI
              STATE_NS      STATE_QL      STATE_WA
              ________      ________      ________
 STATE_NS       0.148
 STATE_QL      -0.050         0.200
 STATE_WA      -0.037        -0.056         0.162


DIAGRAM INFORMATION

  Use View Diagram under the Diagram menu in the Mplus Editor to view the diagram.
  If running Mplus from the Mplus Diagrammer, the diagram opens automatically.

  Diagram output
    d:\onedrive - the university of sydney (staff)\cre\psychiatric epidemiology\pubertal timing and int\model1-female-im

     Beginning Time:  16:45:24
        Ending Time:  16:45:47
       Elapsed Time:  00:00:23



MUTHEN & MUTHEN
3463 Stoner Ave.
Los Angeles, CA  90066

Tel: (310) 391-9971
Fax: (310) 391-8971
Web: www.StatModel.com
Support: Support@StatModel.com

Copyright (c) 1998-2022 Muthen & Muthen
